[2023-04-14 01:12:02,310] {processor.py:153} INFO - Started process (PID=70) to work on /home/airflow/.local/lib/python3.7/site-packages/airflow/example_dags/example_latest_only.py
[2023-04-14 01:12:02,311] {processor.py:641} INFO - Processing file /home/airflow/.local/lib/python3.7/site-packages/airflow/example_dags/example_latest_only.py for tasks to queue
[2023-04-14 01:12:02,311] {logging_mixin.py:115} INFO - [2023-04-14 01:12:02,311] {dagbag.py:507} INFO - Filling up the DagBag from /home/airflow/.local/lib/python3.7/site-packages/airflow/example_dags/example_latest_only.py
[2023-04-14 01:12:02,314] {processor.py:651} INFO - DAG(s) dict_keys(['latest_only']) retrieved from /home/airflow/.local/lib/python3.7/site-packages/airflow/example_dags/example_latest_only.py
[2023-04-14 01:12:02,416] {logging_mixin.py:115} INFO - [2023-04-14 01:12:02,416] {manager.py:508} INFO - Created Permission View: can read on DAG:latest_only
[2023-04-14 01:12:02,421] {logging_mixin.py:115} INFO - [2023-04-14 01:12:02,421] {manager.py:508} INFO - Created Permission View: can delete on DAG:latest_only
[2023-04-14 01:12:02,425] {logging_mixin.py:115} INFO - [2023-04-14 01:12:02,425] {manager.py:508} INFO - Created Permission View: can edit on DAG:latest_only
[2023-04-14 01:12:02,425] {logging_mixin.py:115} INFO - [2023-04-14 01:12:02,425] {dag.py:2371} INFO - Sync 1 DAGs
[2023-04-14 01:12:02,429] {logging_mixin.py:115} INFO - [2023-04-14 01:12:02,429] {dag.py:2390} INFO - Creating ORM DAG for latest_only
[2023-04-14 01:12:02,434] {logging_mixin.py:115} INFO - [2023-04-14 01:12:02,434] {dag.py:2919} INFO - Setting next_dagrun for latest_only to 2023-04-13T21:12:02.434347+00:00, run_after=2023-04-14T01:12:02.434347+00:00
[2023-04-14 01:12:02,441] {processor.py:161} INFO - Processing /home/airflow/.local/lib/python3.7/site-packages/airflow/example_dags/example_latest_only.py took 0.132 seconds
[2023-04-14 01:12:32,916] {processor.py:153} INFO - Started process (PID=131) to work on /home/airflow/.local/lib/python3.7/site-packages/airflow/example_dags/example_latest_only.py
[2023-04-14 01:12:32,916] {processor.py:641} INFO - Processing file /home/airflow/.local/lib/python3.7/site-packages/airflow/example_dags/example_latest_only.py for tasks to queue
[2023-04-14 01:12:32,916] {logging_mixin.py:115} INFO - [2023-04-14 01:12:32,916] {dagbag.py:507} INFO - Filling up the DagBag from /home/airflow/.local/lib/python3.7/site-packages/airflow/example_dags/example_latest_only.py
[2023-04-14 01:12:32,918] {processor.py:651} INFO - DAG(s) dict_keys(['latest_only']) retrieved from /home/airflow/.local/lib/python3.7/site-packages/airflow/example_dags/example_latest_only.py
[2023-04-14 01:12:32,929] {logging_mixin.py:115} INFO - [2023-04-14 01:12:32,929] {dag.py:2371} INFO - Sync 1 DAGs
[2023-04-14 01:12:32,940] {logging_mixin.py:115} INFO - [2023-04-14 01:12:32,940] {dag.py:2919} INFO - Setting next_dagrun for latest_only to 2023-04-13T21:12:32.940510+00:00, run_after=2023-04-14T01:12:32.940510+00:00
[2023-04-14 01:12:32,946] {processor.py:161} INFO - Processing /home/airflow/.local/lib/python3.7/site-packages/airflow/example_dags/example_latest_only.py took 0.031 seconds
[2023-04-14 01:13:03,592] {processor.py:153} INFO - Started process (PID=192) to work on /home/airflow/.local/lib/python3.7/site-packages/airflow/example_dags/example_latest_only.py
[2023-04-14 01:13:03,592] {processor.py:641} INFO - Processing file /home/airflow/.local/lib/python3.7/site-packages/airflow/example_dags/example_latest_only.py for tasks to queue
[2023-04-14 01:13:03,593] {logging_mixin.py:115} INFO - [2023-04-14 01:13:03,593] {dagbag.py:507} INFO - Filling up the DagBag from /home/airflow/.local/lib/python3.7/site-packages/airflow/example_dags/example_latest_only.py
[2023-04-14 01:13:03,595] {processor.py:651} INFO - DAG(s) dict_keys(['latest_only']) retrieved from /home/airflow/.local/lib/python3.7/site-packages/airflow/example_dags/example_latest_only.py
[2023-04-14 01:13:03,605] {logging_mixin.py:115} INFO - [2023-04-14 01:13:03,605] {dag.py:2371} INFO - Sync 1 DAGs
[2023-04-14 01:13:03,617] {logging_mixin.py:115} INFO - [2023-04-14 01:13:03,617] {dag.py:2919} INFO - Setting next_dagrun for latest_only to 2023-04-13T21:13:03.617053+00:00, run_after=2023-04-14T01:13:03.617053+00:00
[2023-04-14 01:13:03,622] {processor.py:161} INFO - Processing /home/airflow/.local/lib/python3.7/site-packages/airflow/example_dags/example_latest_only.py took 0.032 seconds
[2023-04-14 01:13:34,171] {processor.py:153} INFO - Started process (PID=253) to work on /home/airflow/.local/lib/python3.7/site-packages/airflow/example_dags/example_latest_only.py
[2023-04-14 01:13:34,171] {processor.py:641} INFO - Processing file /home/airflow/.local/lib/python3.7/site-packages/airflow/example_dags/example_latest_only.py for tasks to queue
[2023-04-14 01:13:34,171] {logging_mixin.py:115} INFO - [2023-04-14 01:13:34,171] {dagbag.py:507} INFO - Filling up the DagBag from /home/airflow/.local/lib/python3.7/site-packages/airflow/example_dags/example_latest_only.py
[2023-04-14 01:13:34,173] {processor.py:651} INFO - DAG(s) dict_keys(['latest_only']) retrieved from /home/airflow/.local/lib/python3.7/site-packages/airflow/example_dags/example_latest_only.py
[2023-04-14 01:13:34,185] {logging_mixin.py:115} INFO - [2023-04-14 01:13:34,185] {dag.py:2371} INFO - Sync 1 DAGs
[2023-04-14 01:13:34,196] {logging_mixin.py:115} INFO - [2023-04-14 01:13:34,196] {dag.py:2919} INFO - Setting next_dagrun for latest_only to 2023-04-13T21:13:34.196812+00:00, run_after=2023-04-14T01:13:34.196812+00:00
[2023-04-14 01:13:34,202] {processor.py:161} INFO - Processing /home/airflow/.local/lib/python3.7/site-packages/airflow/example_dags/example_latest_only.py took 0.033 seconds
[2023-04-14 01:14:04,884] {processor.py:153} INFO - Started process (PID=314) to work on /home/airflow/.local/lib/python3.7/site-packages/airflow/example_dags/example_latest_only.py
[2023-04-14 01:14:04,884] {processor.py:641} INFO - Processing file /home/airflow/.local/lib/python3.7/site-packages/airflow/example_dags/example_latest_only.py for tasks to queue
[2023-04-14 01:14:04,884] {logging_mixin.py:115} INFO - [2023-04-14 01:14:04,884] {dagbag.py:507} INFO - Filling up the DagBag from /home/airflow/.local/lib/python3.7/site-packages/airflow/example_dags/example_latest_only.py
[2023-04-14 01:14:04,886] {processor.py:651} INFO - DAG(s) dict_keys(['latest_only']) retrieved from /home/airflow/.local/lib/python3.7/site-packages/airflow/example_dags/example_latest_only.py
[2023-04-14 01:14:04,897] {logging_mixin.py:115} INFO - [2023-04-14 01:14:04,897] {dag.py:2371} INFO - Sync 1 DAGs
[2023-04-14 01:14:04,909] {logging_mixin.py:115} INFO - [2023-04-14 01:14:04,909] {dag.py:2919} INFO - Setting next_dagrun for latest_only to 2023-04-13T21:14:04.909303+00:00, run_after=2023-04-14T01:14:04.909303+00:00
[2023-04-14 01:14:04,915] {processor.py:161} INFO - Processing /home/airflow/.local/lib/python3.7/site-packages/airflow/example_dags/example_latest_only.py took 0.033 seconds
[2023-04-14 01:14:35,651] {processor.py:153} INFO - Started process (PID=366) to work on /home/airflow/.local/lib/python3.7/site-packages/airflow/example_dags/example_latest_only.py
[2023-04-14 01:14:35,652] {processor.py:641} INFO - Processing file /home/airflow/.local/lib/python3.7/site-packages/airflow/example_dags/example_latest_only.py for tasks to queue
[2023-04-14 01:14:35,652] {logging_mixin.py:115} INFO - [2023-04-14 01:14:35,652] {dagbag.py:507} INFO - Filling up the DagBag from /home/airflow/.local/lib/python3.7/site-packages/airflow/example_dags/example_latest_only.py
[2023-04-14 01:14:35,655] {processor.py:651} INFO - DAG(s) dict_keys(['latest_only']) retrieved from /home/airflow/.local/lib/python3.7/site-packages/airflow/example_dags/example_latest_only.py
[2023-04-14 01:14:35,666] {logging_mixin.py:115} INFO - [2023-04-14 01:14:35,666] {dag.py:2371} INFO - Sync 1 DAGs
[2023-04-14 01:14:35,677] {logging_mixin.py:115} INFO - [2023-04-14 01:14:35,677] {dag.py:2919} INFO - Setting next_dagrun for latest_only to 2023-04-13T21:14:35.677387+00:00, run_after=2023-04-14T01:14:35.677387+00:00
[2023-04-14 01:14:35,683] {processor.py:161} INFO - Processing /home/airflow/.local/lib/python3.7/site-packages/airflow/example_dags/example_latest_only.py took 0.033 seconds
[2023-04-14 01:15:06,433] {processor.py:153} INFO - Started process (PID=427) to work on /home/airflow/.local/lib/python3.7/site-packages/airflow/example_dags/example_latest_only.py
[2023-04-14 01:15:06,434] {processor.py:641} INFO - Processing file /home/airflow/.local/lib/python3.7/site-packages/airflow/example_dags/example_latest_only.py for tasks to queue
[2023-04-14 01:15:06,434] {logging_mixin.py:115} INFO - [2023-04-14 01:15:06,434] {dagbag.py:507} INFO - Filling up the DagBag from /home/airflow/.local/lib/python3.7/site-packages/airflow/example_dags/example_latest_only.py
[2023-04-14 01:15:06,436] {processor.py:651} INFO - DAG(s) dict_keys(['latest_only']) retrieved from /home/airflow/.local/lib/python3.7/site-packages/airflow/example_dags/example_latest_only.py
[2023-04-14 01:15:06,448] {logging_mixin.py:115} INFO - [2023-04-14 01:15:06,448] {dag.py:2371} INFO - Sync 1 DAGs
[2023-04-14 01:15:06,460] {logging_mixin.py:115} INFO - [2023-04-14 01:15:06,460] {dag.py:2919} INFO - Setting next_dagrun for latest_only to 2023-04-13T21:15:06.460026+00:00, run_after=2023-04-14T01:15:06.460026+00:00
[2023-04-14 01:15:06,465] {processor.py:161} INFO - Processing /home/airflow/.local/lib/python3.7/site-packages/airflow/example_dags/example_latest_only.py took 0.034 seconds
[2023-04-14 01:15:37,078] {processor.py:153} INFO - Started process (PID=488) to work on /home/airflow/.local/lib/python3.7/site-packages/airflow/example_dags/example_latest_only.py
[2023-04-14 01:15:37,078] {processor.py:641} INFO - Processing file /home/airflow/.local/lib/python3.7/site-packages/airflow/example_dags/example_latest_only.py for tasks to queue
[2023-04-14 01:15:37,079] {logging_mixin.py:115} INFO - [2023-04-14 01:15:37,079] {dagbag.py:507} INFO - Filling up the DagBag from /home/airflow/.local/lib/python3.7/site-packages/airflow/example_dags/example_latest_only.py
[2023-04-14 01:15:37,081] {processor.py:651} INFO - DAG(s) dict_keys(['latest_only']) retrieved from /home/airflow/.local/lib/python3.7/site-packages/airflow/example_dags/example_latest_only.py
[2023-04-14 01:15:37,092] {logging_mixin.py:115} INFO - [2023-04-14 01:15:37,092] {dag.py:2371} INFO - Sync 1 DAGs
[2023-04-14 01:15:37,103] {logging_mixin.py:115} INFO - [2023-04-14 01:15:37,103] {dag.py:2919} INFO - Setting next_dagrun for latest_only to 2023-04-13T21:15:37.103284+00:00, run_after=2023-04-14T01:15:37.103284+00:00
[2023-04-14 01:15:37,109] {processor.py:161} INFO - Processing /home/airflow/.local/lib/python3.7/site-packages/airflow/example_dags/example_latest_only.py took 0.032 seconds
[2023-04-14 01:16:07,688] {processor.py:153} INFO - Started process (PID=549) to work on /home/airflow/.local/lib/python3.7/site-packages/airflow/example_dags/example_latest_only.py
[2023-04-14 01:16:07,688] {processor.py:641} INFO - Processing file /home/airflow/.local/lib/python3.7/site-packages/airflow/example_dags/example_latest_only.py for tasks to queue
[2023-04-14 01:16:07,688] {logging_mixin.py:115} INFO - [2023-04-14 01:16:07,688] {dagbag.py:507} INFO - Filling up the DagBag from /home/airflow/.local/lib/python3.7/site-packages/airflow/example_dags/example_latest_only.py
[2023-04-14 01:16:07,690] {processor.py:651} INFO - DAG(s) dict_keys(['latest_only']) retrieved from /home/airflow/.local/lib/python3.7/site-packages/airflow/example_dags/example_latest_only.py
[2023-04-14 01:16:07,704] {logging_mixin.py:115} INFO - [2023-04-14 01:16:07,704] {dag.py:2371} INFO - Sync 1 DAGs
[2023-04-14 01:16:07,718] {logging_mixin.py:115} INFO - [2023-04-14 01:16:07,718] {dag.py:2919} INFO - Setting next_dagrun for latest_only to 2023-04-13T21:16:07.717883+00:00, run_after=2023-04-14T01:16:07.717883+00:00
[2023-04-14 01:16:07,724] {processor.py:161} INFO - Processing /home/airflow/.local/lib/python3.7/site-packages/airflow/example_dags/example_latest_only.py took 0.038 seconds
[2023-04-14 01:16:38,362] {processor.py:153} INFO - Started process (PID=610) to work on /home/airflow/.local/lib/python3.7/site-packages/airflow/example_dags/example_latest_only.py
[2023-04-14 01:16:38,362] {processor.py:641} INFO - Processing file /home/airflow/.local/lib/python3.7/site-packages/airflow/example_dags/example_latest_only.py for tasks to queue
[2023-04-14 01:16:38,362] {logging_mixin.py:115} INFO - [2023-04-14 01:16:38,362] {dagbag.py:507} INFO - Filling up the DagBag from /home/airflow/.local/lib/python3.7/site-packages/airflow/example_dags/example_latest_only.py
[2023-04-14 01:16:38,365] {processor.py:651} INFO - DAG(s) dict_keys(['latest_only']) retrieved from /home/airflow/.local/lib/python3.7/site-packages/airflow/example_dags/example_latest_only.py
[2023-04-14 01:16:38,375] {logging_mixin.py:115} INFO - [2023-04-14 01:16:38,375] {dag.py:2371} INFO - Sync 1 DAGs
[2023-04-14 01:16:38,386] {logging_mixin.py:115} INFO - [2023-04-14 01:16:38,386] {dag.py:2919} INFO - Setting next_dagrun for latest_only to 2023-04-13T21:16:38.386832+00:00, run_after=2023-04-14T01:16:38.386832+00:00
[2023-04-14 01:16:38,392] {processor.py:161} INFO - Processing /home/airflow/.local/lib/python3.7/site-packages/airflow/example_dags/example_latest_only.py took 0.032 seconds
[2023-04-14 01:17:09,145] {processor.py:153} INFO - Started process (PID=671) to work on /home/airflow/.local/lib/python3.7/site-packages/airflow/example_dags/example_latest_only.py
[2023-04-14 01:17:09,146] {processor.py:641} INFO - Processing file /home/airflow/.local/lib/python3.7/site-packages/airflow/example_dags/example_latest_only.py for tasks to queue
[2023-04-14 01:17:09,146] {logging_mixin.py:115} INFO - [2023-04-14 01:17:09,146] {dagbag.py:507} INFO - Filling up the DagBag from /home/airflow/.local/lib/python3.7/site-packages/airflow/example_dags/example_latest_only.py
[2023-04-14 01:17:09,148] {processor.py:651} INFO - DAG(s) dict_keys(['latest_only']) retrieved from /home/airflow/.local/lib/python3.7/site-packages/airflow/example_dags/example_latest_only.py
[2023-04-14 01:17:09,160] {logging_mixin.py:115} INFO - [2023-04-14 01:17:09,160] {dag.py:2371} INFO - Sync 1 DAGs
[2023-04-14 01:17:09,236] {logging_mixin.py:115} INFO - [2023-04-14 01:17:09,236] {dag.py:2919} INFO - Setting next_dagrun for latest_only to 2023-04-13T21:17:09.236747+00:00, run_after=2023-04-14T01:17:09.236747+00:00
[2023-04-14 01:17:09,242] {processor.py:161} INFO - Processing /home/airflow/.local/lib/python3.7/site-packages/airflow/example_dags/example_latest_only.py took 0.099 seconds
[2023-04-14 01:17:40,084] {processor.py:153} INFO - Started process (PID=732) to work on /home/airflow/.local/lib/python3.7/site-packages/airflow/example_dags/example_latest_only.py
[2023-04-14 01:17:40,084] {processor.py:641} INFO - Processing file /home/airflow/.local/lib/python3.7/site-packages/airflow/example_dags/example_latest_only.py for tasks to queue
[2023-04-14 01:17:40,084] {logging_mixin.py:115} INFO - [2023-04-14 01:17:40,084] {dagbag.py:507} INFO - Filling up the DagBag from /home/airflow/.local/lib/python3.7/site-packages/airflow/example_dags/example_latest_only.py
[2023-04-14 01:17:40,087] {processor.py:651} INFO - DAG(s) dict_keys(['latest_only']) retrieved from /home/airflow/.local/lib/python3.7/site-packages/airflow/example_dags/example_latest_only.py
[2023-04-14 01:17:40,098] {logging_mixin.py:115} INFO - [2023-04-14 01:17:40,098] {dag.py:2371} INFO - Sync 1 DAGs
[2023-04-14 01:17:40,176] {logging_mixin.py:115} INFO - [2023-04-14 01:17:40,176] {dag.py:2919} INFO - Setting next_dagrun for latest_only to 2023-04-13T21:17:40.176518+00:00, run_after=2023-04-14T01:17:40.176518+00:00
[2023-04-14 01:17:40,182] {processor.py:161} INFO - Processing /home/airflow/.local/lib/python3.7/site-packages/airflow/example_dags/example_latest_only.py took 0.100 seconds
[2023-04-14 01:18:11,017] {processor.py:153} INFO - Started process (PID=784) to work on /home/airflow/.local/lib/python3.7/site-packages/airflow/example_dags/example_latest_only.py
[2023-04-14 01:18:11,017] {processor.py:641} INFO - Processing file /home/airflow/.local/lib/python3.7/site-packages/airflow/example_dags/example_latest_only.py for tasks to queue
[2023-04-14 01:18:11,017] {logging_mixin.py:115} INFO - [2023-04-14 01:18:11,017] {dagbag.py:507} INFO - Filling up the DagBag from /home/airflow/.local/lib/python3.7/site-packages/airflow/example_dags/example_latest_only.py
[2023-04-14 01:18:11,019] {processor.py:651} INFO - DAG(s) dict_keys(['latest_only']) retrieved from /home/airflow/.local/lib/python3.7/site-packages/airflow/example_dags/example_latest_only.py
[2023-04-14 01:18:11,030] {logging_mixin.py:115} INFO - [2023-04-14 01:18:11,030] {dag.py:2371} INFO - Sync 1 DAGs
[2023-04-14 01:18:11,108] {logging_mixin.py:115} INFO - [2023-04-14 01:18:11,108] {dag.py:2919} INFO - Setting next_dagrun for latest_only to 2023-04-13T21:18:11.108000+00:00, run_after=2023-04-14T01:18:11.108000+00:00
[2023-04-14 01:18:11,114] {processor.py:161} INFO - Processing /home/airflow/.local/lib/python3.7/site-packages/airflow/example_dags/example_latest_only.py took 0.098 seconds
[2023-04-14 01:18:42,108] {processor.py:153} INFO - Started process (PID=845) to work on /home/airflow/.local/lib/python3.7/site-packages/airflow/example_dags/example_latest_only.py
[2023-04-14 01:18:42,109] {processor.py:641} INFO - Processing file /home/airflow/.local/lib/python3.7/site-packages/airflow/example_dags/example_latest_only.py for tasks to queue
[2023-04-14 01:18:42,109] {logging_mixin.py:115} INFO - [2023-04-14 01:18:42,109] {dagbag.py:507} INFO - Filling up the DagBag from /home/airflow/.local/lib/python3.7/site-packages/airflow/example_dags/example_latest_only.py
[2023-04-14 01:18:42,111] {processor.py:651} INFO - DAG(s) dict_keys(['latest_only']) retrieved from /home/airflow/.local/lib/python3.7/site-packages/airflow/example_dags/example_latest_only.py
[2023-04-14 01:18:42,123] {logging_mixin.py:115} INFO - [2023-04-14 01:18:42,123] {dag.py:2371} INFO - Sync 1 DAGs
[2023-04-14 01:18:42,204] {logging_mixin.py:115} INFO - [2023-04-14 01:18:42,204] {dag.py:2919} INFO - Setting next_dagrun for latest_only to 2023-04-13T21:18:42.204206+00:00, run_after=2023-04-14T01:18:42.204206+00:00
[2023-04-14 01:18:42,211] {processor.py:161} INFO - Processing /home/airflow/.local/lib/python3.7/site-packages/airflow/example_dags/example_latest_only.py took 0.103 seconds
[2023-04-14 01:19:13,036] {processor.py:153} INFO - Started process (PID=906) to work on /home/airflow/.local/lib/python3.7/site-packages/airflow/example_dags/example_latest_only.py
[2023-04-14 01:19:13,037] {processor.py:641} INFO - Processing file /home/airflow/.local/lib/python3.7/site-packages/airflow/example_dags/example_latest_only.py for tasks to queue
[2023-04-14 01:19:13,037] {logging_mixin.py:115} INFO - [2023-04-14 01:19:13,037] {dagbag.py:507} INFO - Filling up the DagBag from /home/airflow/.local/lib/python3.7/site-packages/airflow/example_dags/example_latest_only.py
[2023-04-14 01:19:13,039] {processor.py:651} INFO - DAG(s) dict_keys(['latest_only']) retrieved from /home/airflow/.local/lib/python3.7/site-packages/airflow/example_dags/example_latest_only.py
[2023-04-14 01:19:13,050] {logging_mixin.py:115} INFO - [2023-04-14 01:19:13,050] {dag.py:2371} INFO - Sync 1 DAGs
[2023-04-14 01:19:13,126] {logging_mixin.py:115} INFO - [2023-04-14 01:19:13,126] {dag.py:2919} INFO - Setting next_dagrun for latest_only to 2023-04-13T21:19:13.126709+00:00, run_after=2023-04-14T01:19:13.126709+00:00
[2023-04-14 01:19:13,133] {processor.py:161} INFO - Processing /home/airflow/.local/lib/python3.7/site-packages/airflow/example_dags/example_latest_only.py took 0.098 seconds
[2023-04-14 01:19:43,934] {processor.py:153} INFO - Started process (PID=967) to work on /home/airflow/.local/lib/python3.7/site-packages/airflow/example_dags/example_latest_only.py
[2023-04-14 01:19:43,935] {processor.py:641} INFO - Processing file /home/airflow/.local/lib/python3.7/site-packages/airflow/example_dags/example_latest_only.py for tasks to queue
[2023-04-14 01:19:43,936] {logging_mixin.py:115} INFO - [2023-04-14 01:19:43,936] {dagbag.py:507} INFO - Filling up the DagBag from /home/airflow/.local/lib/python3.7/site-packages/airflow/example_dags/example_latest_only.py
[2023-04-14 01:19:43,938] {processor.py:651} INFO - DAG(s) dict_keys(['latest_only']) retrieved from /home/airflow/.local/lib/python3.7/site-packages/airflow/example_dags/example_latest_only.py
[2023-04-14 01:19:43,949] {logging_mixin.py:115} INFO - [2023-04-14 01:19:43,949] {dag.py:2371} INFO - Sync 1 DAGs
[2023-04-14 01:19:44,028] {logging_mixin.py:115} INFO - [2023-04-14 01:19:44,028] {dag.py:2919} INFO - Setting next_dagrun for latest_only to 2023-04-13T21:19:44.028440+00:00, run_after=2023-04-14T01:19:44.028440+00:00
[2023-04-14 01:19:44,034] {processor.py:161} INFO - Processing /home/airflow/.local/lib/python3.7/site-packages/airflow/example_dags/example_latest_only.py took 0.101 seconds
[2023-04-14 01:20:14,981] {processor.py:153} INFO - Started process (PID=1028) to work on /home/airflow/.local/lib/python3.7/site-packages/airflow/example_dags/example_latest_only.py
[2023-04-14 01:20:14,981] {processor.py:641} INFO - Processing file /home/airflow/.local/lib/python3.7/site-packages/airflow/example_dags/example_latest_only.py for tasks to queue
[2023-04-14 01:20:14,981] {logging_mixin.py:115} INFO - [2023-04-14 01:20:14,981] {dagbag.py:507} INFO - Filling up the DagBag from /home/airflow/.local/lib/python3.7/site-packages/airflow/example_dags/example_latest_only.py
[2023-04-14 01:20:14,983] {processor.py:651} INFO - DAG(s) dict_keys(['latest_only']) retrieved from /home/airflow/.local/lib/python3.7/site-packages/airflow/example_dags/example_latest_only.py
[2023-04-14 01:20:14,994] {logging_mixin.py:115} INFO - [2023-04-14 01:20:14,994] {dag.py:2371} INFO - Sync 1 DAGs
[2023-04-14 01:20:15,070] {logging_mixin.py:115} INFO - [2023-04-14 01:20:15,070] {dag.py:2919} INFO - Setting next_dagrun for latest_only to 2023-04-13T21:20:15.070122+00:00, run_after=2023-04-14T01:20:15.070122+00:00
[2023-04-14 01:20:15,076] {processor.py:161} INFO - Processing /home/airflow/.local/lib/python3.7/site-packages/airflow/example_dags/example_latest_only.py took 0.096 seconds
[2023-04-14 01:20:45,900] {processor.py:153} INFO - Started process (PID=1089) to work on /home/airflow/.local/lib/python3.7/site-packages/airflow/example_dags/example_latest_only.py
[2023-04-14 01:20:45,900] {processor.py:641} INFO - Processing file /home/airflow/.local/lib/python3.7/site-packages/airflow/example_dags/example_latest_only.py for tasks to queue
[2023-04-14 01:20:45,900] {logging_mixin.py:115} INFO - [2023-04-14 01:20:45,900] {dagbag.py:507} INFO - Filling up the DagBag from /home/airflow/.local/lib/python3.7/site-packages/airflow/example_dags/example_latest_only.py
[2023-04-14 01:20:45,903] {processor.py:651} INFO - DAG(s) dict_keys(['latest_only']) retrieved from /home/airflow/.local/lib/python3.7/site-packages/airflow/example_dags/example_latest_only.py
[2023-04-14 01:20:45,915] {logging_mixin.py:115} INFO - [2023-04-14 01:20:45,914] {dag.py:2371} INFO - Sync 1 DAGs
[2023-04-14 01:20:45,996] {logging_mixin.py:115} INFO - [2023-04-14 01:20:45,996] {dag.py:2919} INFO - Setting next_dagrun for latest_only to 2023-04-13T21:20:45.996441+00:00, run_after=2023-04-14T01:20:45.996441+00:00
[2023-04-14 01:20:46,002] {processor.py:161} INFO - Processing /home/airflow/.local/lib/python3.7/site-packages/airflow/example_dags/example_latest_only.py took 0.103 seconds
[2023-04-14 01:21:16,792] {processor.py:153} INFO - Started process (PID=1150) to work on /home/airflow/.local/lib/python3.7/site-packages/airflow/example_dags/example_latest_only.py
[2023-04-14 01:21:16,792] {processor.py:641} INFO - Processing file /home/airflow/.local/lib/python3.7/site-packages/airflow/example_dags/example_latest_only.py for tasks to queue
[2023-04-14 01:21:16,793] {logging_mixin.py:115} INFO - [2023-04-14 01:21:16,793] {dagbag.py:507} INFO - Filling up the DagBag from /home/airflow/.local/lib/python3.7/site-packages/airflow/example_dags/example_latest_only.py
[2023-04-14 01:21:16,795] {processor.py:651} INFO - DAG(s) dict_keys(['latest_only']) retrieved from /home/airflow/.local/lib/python3.7/site-packages/airflow/example_dags/example_latest_only.py
[2023-04-14 01:21:16,806] {logging_mixin.py:115} INFO - [2023-04-14 01:21:16,806] {dag.py:2371} INFO - Sync 1 DAGs
[2023-04-14 01:21:16,882] {logging_mixin.py:115} INFO - [2023-04-14 01:21:16,882] {dag.py:2919} INFO - Setting next_dagrun for latest_only to 2023-04-13T21:21:16.882395+00:00, run_after=2023-04-14T01:21:16.882395+00:00
[2023-04-14 01:21:16,888] {processor.py:161} INFO - Processing /home/airflow/.local/lib/python3.7/site-packages/airflow/example_dags/example_latest_only.py took 0.097 seconds
[2023-04-14 01:21:47,667] {processor.py:153} INFO - Started process (PID=1211) to work on /home/airflow/.local/lib/python3.7/site-packages/airflow/example_dags/example_latest_only.py
[2023-04-14 01:21:47,668] {processor.py:641} INFO - Processing file /home/airflow/.local/lib/python3.7/site-packages/airflow/example_dags/example_latest_only.py for tasks to queue
[2023-04-14 01:21:47,668] {logging_mixin.py:115} INFO - [2023-04-14 01:21:47,668] {dagbag.py:507} INFO - Filling up the DagBag from /home/airflow/.local/lib/python3.7/site-packages/airflow/example_dags/example_latest_only.py
[2023-04-14 01:21:47,670] {processor.py:651} INFO - DAG(s) dict_keys(['latest_only']) retrieved from /home/airflow/.local/lib/python3.7/site-packages/airflow/example_dags/example_latest_only.py
[2023-04-14 01:21:47,681] {logging_mixin.py:115} INFO - [2023-04-14 01:21:47,681] {dag.py:2371} INFO - Sync 1 DAGs
[2023-04-14 01:21:47,757] {logging_mixin.py:115} INFO - [2023-04-14 01:21:47,757] {dag.py:2919} INFO - Setting next_dagrun for latest_only to 2023-04-13T21:21:47.757115+00:00, run_after=2023-04-14T01:21:47.757115+00:00
[2023-04-14 01:21:47,763] {processor.py:161} INFO - Processing /home/airflow/.local/lib/python3.7/site-packages/airflow/example_dags/example_latest_only.py took 0.097 seconds
[2023-04-14 01:22:18,585] {processor.py:153} INFO - Started process (PID=1270) to work on /home/airflow/.local/lib/python3.7/site-packages/airflow/example_dags/example_latest_only.py
[2023-04-14 01:22:18,585] {processor.py:641} INFO - Processing file /home/airflow/.local/lib/python3.7/site-packages/airflow/example_dags/example_latest_only.py for tasks to queue
[2023-04-14 01:22:18,585] {logging_mixin.py:115} INFO - [2023-04-14 01:22:18,585] {dagbag.py:507} INFO - Filling up the DagBag from /home/airflow/.local/lib/python3.7/site-packages/airflow/example_dags/example_latest_only.py
[2023-04-14 01:22:18,587] {processor.py:651} INFO - DAG(s) dict_keys(['latest_only']) retrieved from /home/airflow/.local/lib/python3.7/site-packages/airflow/example_dags/example_latest_only.py
[2023-04-14 01:22:18,598] {logging_mixin.py:115} INFO - [2023-04-14 01:22:18,598] {dag.py:2371} INFO - Sync 1 DAGs
[2023-04-14 01:22:18,681] {logging_mixin.py:115} INFO - [2023-04-14 01:22:18,681] {dag.py:2919} INFO - Setting next_dagrun for latest_only to 2023-04-13T21:22:18.680981+00:00, run_after=2023-04-14T01:22:18.680981+00:00
[2023-04-14 01:22:18,687] {processor.py:161} INFO - Processing /home/airflow/.local/lib/python3.7/site-packages/airflow/example_dags/example_latest_only.py took 0.103 seconds
[2023-04-14 01:22:49,549] {processor.py:153} INFO - Started process (PID=1324) to work on /home/airflow/.local/lib/python3.7/site-packages/airflow/example_dags/example_latest_only.py
[2023-04-14 01:22:49,549] {processor.py:641} INFO - Processing file /home/airflow/.local/lib/python3.7/site-packages/airflow/example_dags/example_latest_only.py for tasks to queue
[2023-04-14 01:22:49,549] {logging_mixin.py:115} INFO - [2023-04-14 01:22:49,549] {dagbag.py:507} INFO - Filling up the DagBag from /home/airflow/.local/lib/python3.7/site-packages/airflow/example_dags/example_latest_only.py
[2023-04-14 01:22:49,551] {processor.py:651} INFO - DAG(s) dict_keys(['latest_only']) retrieved from /home/airflow/.local/lib/python3.7/site-packages/airflow/example_dags/example_latest_only.py
[2023-04-14 01:22:49,562] {logging_mixin.py:115} INFO - [2023-04-14 01:22:49,562] {dag.py:2371} INFO - Sync 1 DAGs
[2023-04-14 01:22:49,635] {logging_mixin.py:115} INFO - [2023-04-14 01:22:49,635] {dag.py:2919} INFO - Setting next_dagrun for latest_only to 2023-04-13T21:22:49.635555+00:00, run_after=2023-04-14T01:22:49.635555+00:00
[2023-04-14 01:22:49,641] {processor.py:161} INFO - Processing /home/airflow/.local/lib/python3.7/site-packages/airflow/example_dags/example_latest_only.py took 0.093 seconds
[2023-04-14 01:23:20,448] {processor.py:153} INFO - Started process (PID=1385) to work on /home/airflow/.local/lib/python3.7/site-packages/airflow/example_dags/example_latest_only.py
[2023-04-14 01:23:20,448] {processor.py:641} INFO - Processing file /home/airflow/.local/lib/python3.7/site-packages/airflow/example_dags/example_latest_only.py for tasks to queue
[2023-04-14 01:23:20,449] {logging_mixin.py:115} INFO - [2023-04-14 01:23:20,449] {dagbag.py:507} INFO - Filling up the DagBag from /home/airflow/.local/lib/python3.7/site-packages/airflow/example_dags/example_latest_only.py
[2023-04-14 01:23:20,451] {processor.py:651} INFO - DAG(s) dict_keys(['latest_only']) retrieved from /home/airflow/.local/lib/python3.7/site-packages/airflow/example_dags/example_latest_only.py
[2023-04-14 01:23:20,462] {logging_mixin.py:115} INFO - [2023-04-14 01:23:20,462] {dag.py:2371} INFO - Sync 1 DAGs
[2023-04-14 01:23:20,540] {logging_mixin.py:115} INFO - [2023-04-14 01:23:20,540] {dag.py:2919} INFO - Setting next_dagrun for latest_only to 2023-04-13T21:23:20.540339+00:00, run_after=2023-04-14T01:23:20.540339+00:00
[2023-04-14 01:23:20,546] {processor.py:161} INFO - Processing /home/airflow/.local/lib/python3.7/site-packages/airflow/example_dags/example_latest_only.py took 0.099 seconds
[2023-04-14 01:23:51,683] {processor.py:153} INFO - Started process (PID=1446) to work on /home/airflow/.local/lib/python3.7/site-packages/airflow/example_dags/example_latest_only.py
[2023-04-14 01:23:51,683] {processor.py:641} INFO - Processing file /home/airflow/.local/lib/python3.7/site-packages/airflow/example_dags/example_latest_only.py for tasks to queue
[2023-04-14 01:23:51,684] {logging_mixin.py:115} INFO - [2023-04-14 01:23:51,684] {dagbag.py:507} INFO - Filling up the DagBag from /home/airflow/.local/lib/python3.7/site-packages/airflow/example_dags/example_latest_only.py
[2023-04-14 01:23:51,686] {processor.py:651} INFO - DAG(s) dict_keys(['latest_only']) retrieved from /home/airflow/.local/lib/python3.7/site-packages/airflow/example_dags/example_latest_only.py
[2023-04-14 01:23:51,697] {logging_mixin.py:115} INFO - [2023-04-14 01:23:51,697] {dag.py:2371} INFO - Sync 1 DAGs
[2023-04-14 01:23:51,772] {logging_mixin.py:115} INFO - [2023-04-14 01:23:51,772] {dag.py:2919} INFO - Setting next_dagrun for latest_only to 2023-04-13T21:23:51.772600+00:00, run_after=2023-04-14T01:23:51.772600+00:00
[2023-04-14 01:23:51,779] {processor.py:161} INFO - Processing /home/airflow/.local/lib/python3.7/site-packages/airflow/example_dags/example_latest_only.py took 0.098 seconds
[2023-04-14 01:24:21,868] {processor.py:153} INFO - Started process (PID=1507) to work on /home/airflow/.local/lib/python3.7/site-packages/airflow/example_dags/example_latest_only.py
[2023-04-14 01:24:21,868] {processor.py:641} INFO - Processing file /home/airflow/.local/lib/python3.7/site-packages/airflow/example_dags/example_latest_only.py for tasks to queue
[2023-04-14 01:24:21,869] {logging_mixin.py:115} INFO - [2023-04-14 01:24:21,869] {dagbag.py:507} INFO - Filling up the DagBag from /home/airflow/.local/lib/python3.7/site-packages/airflow/example_dags/example_latest_only.py
[2023-04-14 01:24:21,871] {processor.py:651} INFO - DAG(s) dict_keys(['latest_only']) retrieved from /home/airflow/.local/lib/python3.7/site-packages/airflow/example_dags/example_latest_only.py
[2023-04-14 01:24:21,882] {logging_mixin.py:115} INFO - [2023-04-14 01:24:21,882] {dag.py:2371} INFO - Sync 1 DAGs
[2023-04-14 01:24:21,956] {logging_mixin.py:115} INFO - [2023-04-14 01:24:21,956] {dag.py:2919} INFO - Setting next_dagrun for latest_only to 2023-04-13T21:24:21.956732+00:00, run_after=2023-04-14T01:24:21.956732+00:00
[2023-04-14 01:24:21,963] {processor.py:161} INFO - Processing /home/airflow/.local/lib/python3.7/site-packages/airflow/example_dags/example_latest_only.py took 0.096 seconds
[2023-04-14 01:24:52,067] {processor.py:153} INFO - Started process (PID=1568) to work on /home/airflow/.local/lib/python3.7/site-packages/airflow/example_dags/example_latest_only.py
[2023-04-14 01:24:52,067] {processor.py:641} INFO - Processing file /home/airflow/.local/lib/python3.7/site-packages/airflow/example_dags/example_latest_only.py for tasks to queue
[2023-04-14 01:24:52,068] {logging_mixin.py:115} INFO - [2023-04-14 01:24:52,067] {dagbag.py:507} INFO - Filling up the DagBag from /home/airflow/.local/lib/python3.7/site-packages/airflow/example_dags/example_latest_only.py
[2023-04-14 01:24:52,070] {processor.py:651} INFO - DAG(s) dict_keys(['latest_only']) retrieved from /home/airflow/.local/lib/python3.7/site-packages/airflow/example_dags/example_latest_only.py
[2023-04-14 01:24:52,081] {logging_mixin.py:115} INFO - [2023-04-14 01:24:52,081] {dag.py:2371} INFO - Sync 1 DAGs
[2023-04-14 01:24:52,154] {logging_mixin.py:115} INFO - [2023-04-14 01:24:52,154] {dag.py:2919} INFO - Setting next_dagrun for latest_only to 2023-04-13T21:24:52.154266+00:00, run_after=2023-04-14T01:24:52.154266+00:00
[2023-04-14 01:24:52,161] {processor.py:161} INFO - Processing /home/airflow/.local/lib/python3.7/site-packages/airflow/example_dags/example_latest_only.py took 0.095 seconds
