[2023-04-14 01:12:03,860] {processor.py:153} INFO - Started process (PID=88) to work on /home/airflow/.local/lib/python3.7/site-packages/airflow/example_dags/example_kubernetes_executor.py
[2023-04-14 01:12:03,860] {processor.py:641} INFO - Processing file /home/airflow/.local/lib/python3.7/site-packages/airflow/example_dags/example_kubernetes_executor.py for tasks to queue
[2023-04-14 01:12:03,861] {logging_mixin.py:115} INFO - [2023-04-14 01:12:03,861] {dagbag.py:507} INFO - Filling up the DagBag from /home/airflow/.local/lib/python3.7/site-packages/airflow/example_dags/example_kubernetes_executor.py
[2023-04-14 01:12:03,872] {processor.py:651} INFO - DAG(s) dict_keys(['example_kubernetes_executor']) retrieved from /home/airflow/.local/lib/python3.7/site-packages/airflow/example_dags/example_kubernetes_executor.py
[2023-04-14 01:12:03,995] {logging_mixin.py:115} INFO - [2023-04-14 01:12:03,995] {manager.py:508} INFO - Created Permission View: can read on DAG:example_kubernetes_executor
[2023-04-14 01:12:04,000] {logging_mixin.py:115} INFO - [2023-04-14 01:12:04,000] {manager.py:508} INFO - Created Permission View: can delete on DAG:example_kubernetes_executor
[2023-04-14 01:12:04,004] {logging_mixin.py:115} INFO - [2023-04-14 01:12:04,004] {manager.py:508} INFO - Created Permission View: can edit on DAG:example_kubernetes_executor
[2023-04-14 01:12:04,004] {logging_mixin.py:115} INFO - [2023-04-14 01:12:04,004] {dag.py:2371} INFO - Sync 1 DAGs
[2023-04-14 01:12:04,008] {logging_mixin.py:115} INFO - [2023-04-14 01:12:04,008] {dag.py:2390} INFO - Creating ORM DAG for example_kubernetes_executor
[2023-04-14 01:12:04,013] {logging_mixin.py:115} INFO - [2023-04-14 01:12:04,013] {dag.py:2919} INFO - Setting next_dagrun for example_kubernetes_executor to None, run_after=None
[2023-04-14 01:12:04,020] {processor.py:161} INFO - Processing /home/airflow/.local/lib/python3.7/site-packages/airflow/example_dags/example_kubernetes_executor.py took 0.161 seconds
[2023-04-14 01:12:34,898] {processor.py:153} INFO - Started process (PID=149) to work on /home/airflow/.local/lib/python3.7/site-packages/airflow/example_dags/example_kubernetes_executor.py
[2023-04-14 01:12:34,898] {processor.py:641} INFO - Processing file /home/airflow/.local/lib/python3.7/site-packages/airflow/example_dags/example_kubernetes_executor.py for tasks to queue
[2023-04-14 01:12:34,898] {logging_mixin.py:115} INFO - [2023-04-14 01:12:34,898] {dagbag.py:507} INFO - Filling up the DagBag from /home/airflow/.local/lib/python3.7/site-packages/airflow/example_dags/example_kubernetes_executor.py
[2023-04-14 01:12:34,909] {processor.py:651} INFO - DAG(s) dict_keys(['example_kubernetes_executor']) retrieved from /home/airflow/.local/lib/python3.7/site-packages/airflow/example_dags/example_kubernetes_executor.py
[2023-04-14 01:12:34,920] {logging_mixin.py:115} INFO - [2023-04-14 01:12:34,920] {dag.py:2371} INFO - Sync 1 DAGs
[2023-04-14 01:12:35,002] {logging_mixin.py:115} INFO - [2023-04-14 01:12:35,002] {dag.py:2919} INFO - Setting next_dagrun for example_kubernetes_executor to None, run_after=None
[2023-04-14 01:12:35,008] {processor.py:161} INFO - Processing /home/airflow/.local/lib/python3.7/site-packages/airflow/example_dags/example_kubernetes_executor.py took 0.112 seconds
[2023-04-14 01:13:05,486] {processor.py:153} INFO - Started process (PID=210) to work on /home/airflow/.local/lib/python3.7/site-packages/airflow/example_dags/example_kubernetes_executor.py
[2023-04-14 01:13:05,486] {processor.py:641} INFO - Processing file /home/airflow/.local/lib/python3.7/site-packages/airflow/example_dags/example_kubernetes_executor.py for tasks to queue
[2023-04-14 01:13:05,486] {logging_mixin.py:115} INFO - [2023-04-14 01:13:05,486] {dagbag.py:507} INFO - Filling up the DagBag from /home/airflow/.local/lib/python3.7/site-packages/airflow/example_dags/example_kubernetes_executor.py
[2023-04-14 01:13:05,497] {processor.py:651} INFO - DAG(s) dict_keys(['example_kubernetes_executor']) retrieved from /home/airflow/.local/lib/python3.7/site-packages/airflow/example_dags/example_kubernetes_executor.py
[2023-04-14 01:13:05,510] {logging_mixin.py:115} INFO - [2023-04-14 01:13:05,509] {dag.py:2371} INFO - Sync 1 DAGs
[2023-04-14 01:13:05,592] {logging_mixin.py:115} INFO - [2023-04-14 01:13:05,592] {dag.py:2919} INFO - Setting next_dagrun for example_kubernetes_executor to None, run_after=None
[2023-04-14 01:13:05,598] {processor.py:161} INFO - Processing /home/airflow/.local/lib/python3.7/site-packages/airflow/example_dags/example_kubernetes_executor.py took 0.113 seconds
[2023-04-14 01:13:36,105] {processor.py:153} INFO - Started process (PID=271) to work on /home/airflow/.local/lib/python3.7/site-packages/airflow/example_dags/example_kubernetes_executor.py
[2023-04-14 01:13:36,105] {processor.py:641} INFO - Processing file /home/airflow/.local/lib/python3.7/site-packages/airflow/example_dags/example_kubernetes_executor.py for tasks to queue
[2023-04-14 01:13:36,105] {logging_mixin.py:115} INFO - [2023-04-14 01:13:36,105] {dagbag.py:507} INFO - Filling up the DagBag from /home/airflow/.local/lib/python3.7/site-packages/airflow/example_dags/example_kubernetes_executor.py
[2023-04-14 01:13:36,116] {processor.py:651} INFO - DAG(s) dict_keys(['example_kubernetes_executor']) retrieved from /home/airflow/.local/lib/python3.7/site-packages/airflow/example_dags/example_kubernetes_executor.py
[2023-04-14 01:13:36,129] {logging_mixin.py:115} INFO - [2023-04-14 01:13:36,129] {dag.py:2371} INFO - Sync 1 DAGs
[2023-04-14 01:13:36,203] {logging_mixin.py:115} INFO - [2023-04-14 01:13:36,203] {dag.py:2919} INFO - Setting next_dagrun for example_kubernetes_executor to None, run_after=None
[2023-04-14 01:13:36,208] {processor.py:161} INFO - Processing /home/airflow/.local/lib/python3.7/site-packages/airflow/example_dags/example_kubernetes_executor.py took 0.105 seconds
[2023-04-14 01:14:06,956] {processor.py:153} INFO - Started process (PID=332) to work on /home/airflow/.local/lib/python3.7/site-packages/airflow/example_dags/example_kubernetes_executor.py
[2023-04-14 01:14:06,956] {processor.py:641} INFO - Processing file /home/airflow/.local/lib/python3.7/site-packages/airflow/example_dags/example_kubernetes_executor.py for tasks to queue
[2023-04-14 01:14:06,956] {logging_mixin.py:115} INFO - [2023-04-14 01:14:06,956] {dagbag.py:507} INFO - Filling up the DagBag from /home/airflow/.local/lib/python3.7/site-packages/airflow/example_dags/example_kubernetes_executor.py
[2023-04-14 01:14:06,967] {processor.py:651} INFO - DAG(s) dict_keys(['example_kubernetes_executor']) retrieved from /home/airflow/.local/lib/python3.7/site-packages/airflow/example_dags/example_kubernetes_executor.py
[2023-04-14 01:14:06,980] {logging_mixin.py:115} INFO - [2023-04-14 01:14:06,980] {dag.py:2371} INFO - Sync 1 DAGs
[2023-04-14 01:14:07,058] {logging_mixin.py:115} INFO - [2023-04-14 01:14:07,058] {dag.py:2919} INFO - Setting next_dagrun for example_kubernetes_executor to None, run_after=None
[2023-04-14 01:14:07,064] {processor.py:161} INFO - Processing /home/airflow/.local/lib/python3.7/site-packages/airflow/example_dags/example_kubernetes_executor.py took 0.110 seconds
[2023-04-14 01:14:37,640] {processor.py:153} INFO - Started process (PID=393) to work on /home/airflow/.local/lib/python3.7/site-packages/airflow/example_dags/example_kubernetes_executor.py
[2023-04-14 01:14:37,640] {processor.py:641} INFO - Processing file /home/airflow/.local/lib/python3.7/site-packages/airflow/example_dags/example_kubernetes_executor.py for tasks to queue
[2023-04-14 01:14:37,640] {logging_mixin.py:115} INFO - [2023-04-14 01:14:37,640] {dagbag.py:507} INFO - Filling up the DagBag from /home/airflow/.local/lib/python3.7/site-packages/airflow/example_dags/example_kubernetes_executor.py
[2023-04-14 01:14:37,651] {processor.py:651} INFO - DAG(s) dict_keys(['example_kubernetes_executor']) retrieved from /home/airflow/.local/lib/python3.7/site-packages/airflow/example_dags/example_kubernetes_executor.py
[2023-04-14 01:14:37,662] {logging_mixin.py:115} INFO - [2023-04-14 01:14:37,662] {dag.py:2371} INFO - Sync 1 DAGs
[2023-04-14 01:14:37,742] {logging_mixin.py:115} INFO - [2023-04-14 01:14:37,742] {dag.py:2919} INFO - Setting next_dagrun for example_kubernetes_executor to None, run_after=None
[2023-04-14 01:14:37,748] {processor.py:161} INFO - Processing /home/airflow/.local/lib/python3.7/site-packages/airflow/example_dags/example_kubernetes_executor.py took 0.109 seconds
[2023-04-14 01:15:08,371] {processor.py:153} INFO - Started process (PID=445) to work on /home/airflow/.local/lib/python3.7/site-packages/airflow/example_dags/example_kubernetes_executor.py
[2023-04-14 01:15:08,371] {processor.py:641} INFO - Processing file /home/airflow/.local/lib/python3.7/site-packages/airflow/example_dags/example_kubernetes_executor.py for tasks to queue
[2023-04-14 01:15:08,372] {logging_mixin.py:115} INFO - [2023-04-14 01:15:08,372] {dagbag.py:507} INFO - Filling up the DagBag from /home/airflow/.local/lib/python3.7/site-packages/airflow/example_dags/example_kubernetes_executor.py
[2023-04-14 01:15:08,382] {processor.py:651} INFO - DAG(s) dict_keys(['example_kubernetes_executor']) retrieved from /home/airflow/.local/lib/python3.7/site-packages/airflow/example_dags/example_kubernetes_executor.py
[2023-04-14 01:15:08,394] {logging_mixin.py:115} INFO - [2023-04-14 01:15:08,394] {dag.py:2371} INFO - Sync 1 DAGs
[2023-04-14 01:15:08,474] {logging_mixin.py:115} INFO - [2023-04-14 01:15:08,474] {dag.py:2919} INFO - Setting next_dagrun for example_kubernetes_executor to None, run_after=None
[2023-04-14 01:15:08,479] {processor.py:161} INFO - Processing /home/airflow/.local/lib/python3.7/site-packages/airflow/example_dags/example_kubernetes_executor.py took 0.110 seconds
[2023-04-14 01:15:38,998] {processor.py:153} INFO - Started process (PID=506) to work on /home/airflow/.local/lib/python3.7/site-packages/airflow/example_dags/example_kubernetes_executor.py
[2023-04-14 01:15:38,998] {processor.py:641} INFO - Processing file /home/airflow/.local/lib/python3.7/site-packages/airflow/example_dags/example_kubernetes_executor.py for tasks to queue
[2023-04-14 01:15:38,998] {logging_mixin.py:115} INFO - [2023-04-14 01:15:38,998] {dagbag.py:507} INFO - Filling up the DagBag from /home/airflow/.local/lib/python3.7/site-packages/airflow/example_dags/example_kubernetes_executor.py
[2023-04-14 01:15:39,009] {processor.py:651} INFO - DAG(s) dict_keys(['example_kubernetes_executor']) retrieved from /home/airflow/.local/lib/python3.7/site-packages/airflow/example_dags/example_kubernetes_executor.py
[2023-04-14 01:15:39,020] {logging_mixin.py:115} INFO - [2023-04-14 01:15:39,020] {dag.py:2371} INFO - Sync 1 DAGs
[2023-04-14 01:15:39,099] {logging_mixin.py:115} INFO - [2023-04-14 01:15:39,099] {dag.py:2919} INFO - Setting next_dagrun for example_kubernetes_executor to None, run_after=None
[2023-04-14 01:15:39,104] {processor.py:161} INFO - Processing /home/airflow/.local/lib/python3.7/site-packages/airflow/example_dags/example_kubernetes_executor.py took 0.108 seconds
[2023-04-14 01:16:09,643] {processor.py:153} INFO - Started process (PID=567) to work on /home/airflow/.local/lib/python3.7/site-packages/airflow/example_dags/example_kubernetes_executor.py
[2023-04-14 01:16:09,643] {processor.py:641} INFO - Processing file /home/airflow/.local/lib/python3.7/site-packages/airflow/example_dags/example_kubernetes_executor.py for tasks to queue
[2023-04-14 01:16:09,643] {logging_mixin.py:115} INFO - [2023-04-14 01:16:09,643] {dagbag.py:507} INFO - Filling up the DagBag from /home/airflow/.local/lib/python3.7/site-packages/airflow/example_dags/example_kubernetes_executor.py
[2023-04-14 01:16:09,654] {processor.py:651} INFO - DAG(s) dict_keys(['example_kubernetes_executor']) retrieved from /home/airflow/.local/lib/python3.7/site-packages/airflow/example_dags/example_kubernetes_executor.py
[2023-04-14 01:16:09,665] {logging_mixin.py:115} INFO - [2023-04-14 01:16:09,665] {dag.py:2371} INFO - Sync 1 DAGs
[2023-04-14 01:16:09,742] {logging_mixin.py:115} INFO - [2023-04-14 01:16:09,742] {dag.py:2919} INFO - Setting next_dagrun for example_kubernetes_executor to None, run_after=None
[2023-04-14 01:16:09,748] {processor.py:161} INFO - Processing /home/airflow/.local/lib/python3.7/site-packages/airflow/example_dags/example_kubernetes_executor.py took 0.106 seconds
[2023-04-14 01:16:40,330] {processor.py:153} INFO - Started process (PID=628) to work on /home/airflow/.local/lib/python3.7/site-packages/airflow/example_dags/example_kubernetes_executor.py
[2023-04-14 01:16:40,330] {processor.py:641} INFO - Processing file /home/airflow/.local/lib/python3.7/site-packages/airflow/example_dags/example_kubernetes_executor.py for tasks to queue
[2023-04-14 01:16:40,330] {logging_mixin.py:115} INFO - [2023-04-14 01:16:40,330] {dagbag.py:507} INFO - Filling up the DagBag from /home/airflow/.local/lib/python3.7/site-packages/airflow/example_dags/example_kubernetes_executor.py
[2023-04-14 01:16:40,341] {processor.py:651} INFO - DAG(s) dict_keys(['example_kubernetes_executor']) retrieved from /home/airflow/.local/lib/python3.7/site-packages/airflow/example_dags/example_kubernetes_executor.py
[2023-04-14 01:16:40,353] {logging_mixin.py:115} INFO - [2023-04-14 01:16:40,353] {dag.py:2371} INFO - Sync 1 DAGs
[2023-04-14 01:16:40,429] {logging_mixin.py:115} INFO - [2023-04-14 01:16:40,429] {dag.py:2919} INFO - Setting next_dagrun for example_kubernetes_executor to None, run_after=None
[2023-04-14 01:16:40,436] {processor.py:161} INFO - Processing /home/airflow/.local/lib/python3.7/site-packages/airflow/example_dags/example_kubernetes_executor.py took 0.108 seconds
[2023-04-14 01:17:11,174] {processor.py:153} INFO - Started process (PID=689) to work on /home/airflow/.local/lib/python3.7/site-packages/airflow/example_dags/example_kubernetes_executor.py
[2023-04-14 01:17:11,174] {processor.py:641} INFO - Processing file /home/airflow/.local/lib/python3.7/site-packages/airflow/example_dags/example_kubernetes_executor.py for tasks to queue
[2023-04-14 01:17:11,174] {logging_mixin.py:115} INFO - [2023-04-14 01:17:11,174] {dagbag.py:507} INFO - Filling up the DagBag from /home/airflow/.local/lib/python3.7/site-packages/airflow/example_dags/example_kubernetes_executor.py
[2023-04-14 01:17:11,186] {processor.py:651} INFO - DAG(s) dict_keys(['example_kubernetes_executor']) retrieved from /home/airflow/.local/lib/python3.7/site-packages/airflow/example_dags/example_kubernetes_executor.py
[2023-04-14 01:17:11,270] {logging_mixin.py:115} INFO - [2023-04-14 01:17:11,270] {dag.py:2371} INFO - Sync 1 DAGs
[2023-04-14 01:17:11,280] {logging_mixin.py:115} INFO - [2023-04-14 01:17:11,280] {dag.py:2919} INFO - Setting next_dagrun for example_kubernetes_executor to None, run_after=None
[2023-04-14 01:17:11,286] {processor.py:161} INFO - Processing /home/airflow/.local/lib/python3.7/site-packages/airflow/example_dags/example_kubernetes_executor.py took 0.113 seconds
[2023-04-14 01:17:42,136] {processor.py:153} INFO - Started process (PID=750) to work on /home/airflow/.local/lib/python3.7/site-packages/airflow/example_dags/example_kubernetes_executor.py
[2023-04-14 01:17:42,137] {processor.py:641} INFO - Processing file /home/airflow/.local/lib/python3.7/site-packages/airflow/example_dags/example_kubernetes_executor.py for tasks to queue
[2023-04-14 01:17:42,137] {logging_mixin.py:115} INFO - [2023-04-14 01:17:42,137] {dagbag.py:507} INFO - Filling up the DagBag from /home/airflow/.local/lib/python3.7/site-packages/airflow/example_dags/example_kubernetes_executor.py
[2023-04-14 01:17:42,147] {processor.py:651} INFO - DAG(s) dict_keys(['example_kubernetes_executor']) retrieved from /home/airflow/.local/lib/python3.7/site-packages/airflow/example_dags/example_kubernetes_executor.py
[2023-04-14 01:17:42,160] {logging_mixin.py:115} INFO - [2023-04-14 01:17:42,160] {dag.py:2371} INFO - Sync 1 DAGs
[2023-04-14 01:17:42,235] {logging_mixin.py:115} INFO - [2023-04-14 01:17:42,235] {dag.py:2919} INFO - Setting next_dagrun for example_kubernetes_executor to None, run_after=None
[2023-04-14 01:17:42,240] {processor.py:161} INFO - Processing /home/airflow/.local/lib/python3.7/site-packages/airflow/example_dags/example_kubernetes_executor.py took 0.106 seconds
[2023-04-14 01:18:13,108] {processor.py:153} INFO - Started process (PID=811) to work on /home/airflow/.local/lib/python3.7/site-packages/airflow/example_dags/example_kubernetes_executor.py
[2023-04-14 01:18:13,109] {processor.py:641} INFO - Processing file /home/airflow/.local/lib/python3.7/site-packages/airflow/example_dags/example_kubernetes_executor.py for tasks to queue
[2023-04-14 01:18:13,109] {logging_mixin.py:115} INFO - [2023-04-14 01:18:13,109] {dagbag.py:507} INFO - Filling up the DagBag from /home/airflow/.local/lib/python3.7/site-packages/airflow/example_dags/example_kubernetes_executor.py
[2023-04-14 01:18:13,119] {processor.py:651} INFO - DAG(s) dict_keys(['example_kubernetes_executor']) retrieved from /home/airflow/.local/lib/python3.7/site-packages/airflow/example_dags/example_kubernetes_executor.py
[2023-04-14 01:18:13,132] {logging_mixin.py:115} INFO - [2023-04-14 01:18:13,132] {dag.py:2371} INFO - Sync 1 DAGs
[2023-04-14 01:18:13,216] {logging_mixin.py:115} INFO - [2023-04-14 01:18:13,216] {dag.py:2919} INFO - Setting next_dagrun for example_kubernetes_executor to None, run_after=None
[2023-04-14 01:18:13,221] {processor.py:161} INFO - Processing /home/airflow/.local/lib/python3.7/site-packages/airflow/example_dags/example_kubernetes_executor.py took 0.115 seconds
[2023-04-14 01:18:44,131] {processor.py:153} INFO - Started process (PID=872) to work on /home/airflow/.local/lib/python3.7/site-packages/airflow/example_dags/example_kubernetes_executor.py
[2023-04-14 01:18:44,131] {processor.py:641} INFO - Processing file /home/airflow/.local/lib/python3.7/site-packages/airflow/example_dags/example_kubernetes_executor.py for tasks to queue
[2023-04-14 01:18:44,131] {logging_mixin.py:115} INFO - [2023-04-14 01:18:44,131] {dagbag.py:507} INFO - Filling up the DagBag from /home/airflow/.local/lib/python3.7/site-packages/airflow/example_dags/example_kubernetes_executor.py
[2023-04-14 01:18:44,142] {processor.py:651} INFO - DAG(s) dict_keys(['example_kubernetes_executor']) retrieved from /home/airflow/.local/lib/python3.7/site-packages/airflow/example_dags/example_kubernetes_executor.py
[2023-04-14 01:18:44,155] {logging_mixin.py:115} INFO - [2023-04-14 01:18:44,155] {dag.py:2371} INFO - Sync 1 DAGs
[2023-04-14 01:18:44,233] {logging_mixin.py:115} INFO - [2023-04-14 01:18:44,233] {dag.py:2919} INFO - Setting next_dagrun for example_kubernetes_executor to None, run_after=None
[2023-04-14 01:18:44,242] {processor.py:161} INFO - Processing /home/airflow/.local/lib/python3.7/site-packages/airflow/example_dags/example_kubernetes_executor.py took 0.113 seconds
[2023-04-14 01:19:15,053] {processor.py:153} INFO - Started process (PID=924) to work on /home/airflow/.local/lib/python3.7/site-packages/airflow/example_dags/example_kubernetes_executor.py
[2023-04-14 01:19:15,056] {processor.py:641} INFO - Processing file /home/airflow/.local/lib/python3.7/site-packages/airflow/example_dags/example_kubernetes_executor.py for tasks to queue
[2023-04-14 01:19:15,056] {logging_mixin.py:115} INFO - [2023-04-14 01:19:15,056] {dagbag.py:507} INFO - Filling up the DagBag from /home/airflow/.local/lib/python3.7/site-packages/airflow/example_dags/example_kubernetes_executor.py
[2023-04-14 01:19:15,067] {processor.py:651} INFO - DAG(s) dict_keys(['example_kubernetes_executor']) retrieved from /home/airflow/.local/lib/python3.7/site-packages/airflow/example_dags/example_kubernetes_executor.py
[2023-04-14 01:19:15,080] {logging_mixin.py:115} INFO - [2023-04-14 01:19:15,080] {dag.py:2371} INFO - Sync 1 DAGs
[2023-04-14 01:19:15,152] {logging_mixin.py:115} INFO - [2023-04-14 01:19:15,152] {dag.py:2919} INFO - Setting next_dagrun for example_kubernetes_executor to None, run_after=None
[2023-04-14 01:19:15,157] {processor.py:161} INFO - Processing /home/airflow/.local/lib/python3.7/site-packages/airflow/example_dags/example_kubernetes_executor.py took 0.106 seconds
[2023-04-14 01:19:46,089] {processor.py:153} INFO - Started process (PID=985) to work on /home/airflow/.local/lib/python3.7/site-packages/airflow/example_dags/example_kubernetes_executor.py
[2023-04-14 01:19:46,089] {processor.py:641} INFO - Processing file /home/airflow/.local/lib/python3.7/site-packages/airflow/example_dags/example_kubernetes_executor.py for tasks to queue
[2023-04-14 01:19:46,089] {logging_mixin.py:115} INFO - [2023-04-14 01:19:46,089] {dagbag.py:507} INFO - Filling up the DagBag from /home/airflow/.local/lib/python3.7/site-packages/airflow/example_dags/example_kubernetes_executor.py
[2023-04-14 01:19:46,100] {processor.py:651} INFO - DAG(s) dict_keys(['example_kubernetes_executor']) retrieved from /home/airflow/.local/lib/python3.7/site-packages/airflow/example_dags/example_kubernetes_executor.py
[2023-04-14 01:19:46,112] {logging_mixin.py:115} INFO - [2023-04-14 01:19:46,112] {dag.py:2371} INFO - Sync 1 DAGs
[2023-04-14 01:19:46,194] {logging_mixin.py:115} INFO - [2023-04-14 01:19:46,194] {dag.py:2919} INFO - Setting next_dagrun for example_kubernetes_executor to None, run_after=None
[2023-04-14 01:19:46,199] {processor.py:161} INFO - Processing /home/airflow/.local/lib/python3.7/site-packages/airflow/example_dags/example_kubernetes_executor.py took 0.111 seconds
[2023-04-14 01:20:17,010] {processor.py:153} INFO - Started process (PID=1046) to work on /home/airflow/.local/lib/python3.7/site-packages/airflow/example_dags/example_kubernetes_executor.py
[2023-04-14 01:20:17,013] {processor.py:641} INFO - Processing file /home/airflow/.local/lib/python3.7/site-packages/airflow/example_dags/example_kubernetes_executor.py for tasks to queue
[2023-04-14 01:20:17,013] {logging_mixin.py:115} INFO - [2023-04-14 01:20:17,013] {dagbag.py:507} INFO - Filling up the DagBag from /home/airflow/.local/lib/python3.7/site-packages/airflow/example_dags/example_kubernetes_executor.py
[2023-04-14 01:20:17,024] {processor.py:651} INFO - DAG(s) dict_keys(['example_kubernetes_executor']) retrieved from /home/airflow/.local/lib/python3.7/site-packages/airflow/example_dags/example_kubernetes_executor.py
[2023-04-14 01:20:17,037] {logging_mixin.py:115} INFO - [2023-04-14 01:20:17,037] {dag.py:2371} INFO - Sync 1 DAGs
[2023-04-14 01:20:17,115] {logging_mixin.py:115} INFO - [2023-04-14 01:20:17,115] {dag.py:2919} INFO - Setting next_dagrun for example_kubernetes_executor to None, run_after=None
[2023-04-14 01:20:17,121] {processor.py:161} INFO - Processing /home/airflow/.local/lib/python3.7/site-packages/airflow/example_dags/example_kubernetes_executor.py took 0.112 seconds
[2023-04-14 01:20:47,911] {processor.py:153} INFO - Started process (PID=1107) to work on /home/airflow/.local/lib/python3.7/site-packages/airflow/example_dags/example_kubernetes_executor.py
[2023-04-14 01:20:47,914] {processor.py:641} INFO - Processing file /home/airflow/.local/lib/python3.7/site-packages/airflow/example_dags/example_kubernetes_executor.py for tasks to queue
[2023-04-14 01:20:47,914] {logging_mixin.py:115} INFO - [2023-04-14 01:20:47,914] {dagbag.py:507} INFO - Filling up the DagBag from /home/airflow/.local/lib/python3.7/site-packages/airflow/example_dags/example_kubernetes_executor.py
[2023-04-14 01:20:47,924] {processor.py:651} INFO - DAG(s) dict_keys(['example_kubernetes_executor']) retrieved from /home/airflow/.local/lib/python3.7/site-packages/airflow/example_dags/example_kubernetes_executor.py
[2023-04-14 01:20:47,937] {logging_mixin.py:115} INFO - [2023-04-14 01:20:47,937] {dag.py:2371} INFO - Sync 1 DAGs
[2023-04-14 01:20:48,015] {logging_mixin.py:115} INFO - [2023-04-14 01:20:48,015] {dag.py:2919} INFO - Setting next_dagrun for example_kubernetes_executor to None, run_after=None
[2023-04-14 01:20:48,021] {processor.py:161} INFO - Processing /home/airflow/.local/lib/python3.7/site-packages/airflow/example_dags/example_kubernetes_executor.py took 0.111 seconds
[2023-04-14 01:21:18,799] {processor.py:153} INFO - Started process (PID=1168) to work on /home/airflow/.local/lib/python3.7/site-packages/airflow/example_dags/example_kubernetes_executor.py
[2023-04-14 01:21:18,802] {processor.py:641} INFO - Processing file /home/airflow/.local/lib/python3.7/site-packages/airflow/example_dags/example_kubernetes_executor.py for tasks to queue
[2023-04-14 01:21:18,803] {logging_mixin.py:115} INFO - [2023-04-14 01:21:18,803] {dagbag.py:507} INFO - Filling up the DagBag from /home/airflow/.local/lib/python3.7/site-packages/airflow/example_dags/example_kubernetes_executor.py
[2023-04-14 01:21:18,813] {processor.py:651} INFO - DAG(s) dict_keys(['example_kubernetes_executor']) retrieved from /home/airflow/.local/lib/python3.7/site-packages/airflow/example_dags/example_kubernetes_executor.py
[2023-04-14 01:21:18,825] {logging_mixin.py:115} INFO - [2023-04-14 01:21:18,825] {dag.py:2371} INFO - Sync 1 DAGs
[2023-04-14 01:21:18,905] {logging_mixin.py:115} INFO - [2023-04-14 01:21:18,905] {dag.py:2919} INFO - Setting next_dagrun for example_kubernetes_executor to None, run_after=None
[2023-04-14 01:21:18,912] {processor.py:161} INFO - Processing /home/airflow/.local/lib/python3.7/site-packages/airflow/example_dags/example_kubernetes_executor.py took 0.114 seconds
[2023-04-14 01:21:49,673] {processor.py:153} INFO - Started process (PID=1229) to work on /home/airflow/.local/lib/python3.7/site-packages/airflow/example_dags/example_kubernetes_executor.py
[2023-04-14 01:21:49,676] {processor.py:641} INFO - Processing file /home/airflow/.local/lib/python3.7/site-packages/airflow/example_dags/example_kubernetes_executor.py for tasks to queue
[2023-04-14 01:21:49,676] {logging_mixin.py:115} INFO - [2023-04-14 01:21:49,676] {dagbag.py:507} INFO - Filling up the DagBag from /home/airflow/.local/lib/python3.7/site-packages/airflow/example_dags/example_kubernetes_executor.py
[2023-04-14 01:21:49,687] {processor.py:651} INFO - DAG(s) dict_keys(['example_kubernetes_executor']) retrieved from /home/airflow/.local/lib/python3.7/site-packages/airflow/example_dags/example_kubernetes_executor.py
[2023-04-14 01:21:49,699] {logging_mixin.py:115} INFO - [2023-04-14 01:21:49,699] {dag.py:2371} INFO - Sync 1 DAGs
[2023-04-14 01:21:49,774] {logging_mixin.py:115} INFO - [2023-04-14 01:21:49,774] {dag.py:2919} INFO - Setting next_dagrun for example_kubernetes_executor to None, run_after=None
[2023-04-14 01:21:49,779] {processor.py:161} INFO - Processing /home/airflow/.local/lib/python3.7/site-packages/airflow/example_dags/example_kubernetes_executor.py took 0.108 seconds
[2023-04-14 01:22:20,630] {processor.py:153} INFO - Started process (PID=1290) to work on /home/airflow/.local/lib/python3.7/site-packages/airflow/example_dags/example_kubernetes_executor.py
[2023-04-14 01:22:20,633] {processor.py:641} INFO - Processing file /home/airflow/.local/lib/python3.7/site-packages/airflow/example_dags/example_kubernetes_executor.py for tasks to queue
[2023-04-14 01:22:20,633] {logging_mixin.py:115} INFO - [2023-04-14 01:22:20,633] {dagbag.py:507} INFO - Filling up the DagBag from /home/airflow/.local/lib/python3.7/site-packages/airflow/example_dags/example_kubernetes_executor.py
[2023-04-14 01:22:20,645] {processor.py:651} INFO - DAG(s) dict_keys(['example_kubernetes_executor']) retrieved from /home/airflow/.local/lib/python3.7/site-packages/airflow/example_dags/example_kubernetes_executor.py
[2023-04-14 01:22:20,720] {logging_mixin.py:115} INFO - [2023-04-14 01:22:20,720] {dag.py:2371} INFO - Sync 1 DAGs
[2023-04-14 01:22:20,730] {logging_mixin.py:115} INFO - [2023-04-14 01:22:20,730] {dag.py:2919} INFO - Setting next_dagrun for example_kubernetes_executor to None, run_after=None
[2023-04-14 01:22:20,735] {processor.py:161} INFO - Processing /home/airflow/.local/lib/python3.7/site-packages/airflow/example_dags/example_kubernetes_executor.py took 0.106 seconds
[2023-04-14 01:22:51,558] {processor.py:153} INFO - Started process (PID=1351) to work on /home/airflow/.local/lib/python3.7/site-packages/airflow/example_dags/example_kubernetes_executor.py
[2023-04-14 01:22:51,561] {processor.py:641} INFO - Processing file /home/airflow/.local/lib/python3.7/site-packages/airflow/example_dags/example_kubernetes_executor.py for tasks to queue
[2023-04-14 01:22:51,562] {logging_mixin.py:115} INFO - [2023-04-14 01:22:51,561] {dagbag.py:507} INFO - Filling up the DagBag from /home/airflow/.local/lib/python3.7/site-packages/airflow/example_dags/example_kubernetes_executor.py
[2023-04-14 01:22:51,573] {processor.py:651} INFO - DAG(s) dict_keys(['example_kubernetes_executor']) retrieved from /home/airflow/.local/lib/python3.7/site-packages/airflow/example_dags/example_kubernetes_executor.py
[2023-04-14 01:22:51,647] {logging_mixin.py:115} INFO - [2023-04-14 01:22:51,647] {dag.py:2371} INFO - Sync 1 DAGs
[2023-04-14 01:22:51,657] {logging_mixin.py:115} INFO - [2023-04-14 01:22:51,657] {dag.py:2919} INFO - Setting next_dagrun for example_kubernetes_executor to None, run_after=None
[2023-04-14 01:22:51,662] {processor.py:161} INFO - Processing /home/airflow/.local/lib/python3.7/site-packages/airflow/example_dags/example_kubernetes_executor.py took 0.106 seconds
[2023-04-14 01:23:22,580] {processor.py:153} INFO - Started process (PID=1403) to work on /home/airflow/.local/lib/python3.7/site-packages/airflow/example_dags/example_kubernetes_executor.py
[2023-04-14 01:23:22,580] {processor.py:641} INFO - Processing file /home/airflow/.local/lib/python3.7/site-packages/airflow/example_dags/example_kubernetes_executor.py for tasks to queue
[2023-04-14 01:23:22,580] {logging_mixin.py:115} INFO - [2023-04-14 01:23:22,580] {dagbag.py:507} INFO - Filling up the DagBag from /home/airflow/.local/lib/python3.7/site-packages/airflow/example_dags/example_kubernetes_executor.py
[2023-04-14 01:23:22,592] {processor.py:651} INFO - DAG(s) dict_keys(['example_kubernetes_executor']) retrieved from /home/airflow/.local/lib/python3.7/site-packages/airflow/example_dags/example_kubernetes_executor.py
[2023-04-14 01:23:22,673] {logging_mixin.py:115} INFO - [2023-04-14 01:23:22,673] {dag.py:2371} INFO - Sync 1 DAGs
[2023-04-14 01:23:22,683] {logging_mixin.py:115} INFO - [2023-04-14 01:23:22,683] {dag.py:2919} INFO - Setting next_dagrun for example_kubernetes_executor to None, run_after=None
[2023-04-14 01:23:22,688] {processor.py:161} INFO - Processing /home/airflow/.local/lib/python3.7/site-packages/airflow/example_dags/example_kubernetes_executor.py took 0.110 seconds
[2023-04-14 01:23:52,736] {processor.py:153} INFO - Started process (PID=1464) to work on /home/airflow/.local/lib/python3.7/site-packages/airflow/example_dags/example_kubernetes_executor.py
[2023-04-14 01:23:52,736] {processor.py:641} INFO - Processing file /home/airflow/.local/lib/python3.7/site-packages/airflow/example_dags/example_kubernetes_executor.py for tasks to queue
[2023-04-14 01:23:52,736] {logging_mixin.py:115} INFO - [2023-04-14 01:23:52,736] {dagbag.py:507} INFO - Filling up the DagBag from /home/airflow/.local/lib/python3.7/site-packages/airflow/example_dags/example_kubernetes_executor.py
[2023-04-14 01:23:52,748] {processor.py:651} INFO - DAG(s) dict_keys(['example_kubernetes_executor']) retrieved from /home/airflow/.local/lib/python3.7/site-packages/airflow/example_dags/example_kubernetes_executor.py
[2023-04-14 01:23:52,822] {logging_mixin.py:115} INFO - [2023-04-14 01:23:52,822] {dag.py:2371} INFO - Sync 1 DAGs
[2023-04-14 01:23:52,832] {logging_mixin.py:115} INFO - [2023-04-14 01:23:52,832] {dag.py:2919} INFO - Setting next_dagrun for example_kubernetes_executor to None, run_after=None
[2023-04-14 01:23:52,837] {processor.py:161} INFO - Processing /home/airflow/.local/lib/python3.7/site-packages/airflow/example_dags/example_kubernetes_executor.py took 0.103 seconds
[2023-04-14 01:24:22,862] {processor.py:153} INFO - Started process (PID=1525) to work on /home/airflow/.local/lib/python3.7/site-packages/airflow/example_dags/example_kubernetes_executor.py
[2023-04-14 01:24:22,863] {processor.py:641} INFO - Processing file /home/airflow/.local/lib/python3.7/site-packages/airflow/example_dags/example_kubernetes_executor.py for tasks to queue
[2023-04-14 01:24:22,863] {logging_mixin.py:115} INFO - [2023-04-14 01:24:22,863] {dagbag.py:507} INFO - Filling up the DagBag from /home/airflow/.local/lib/python3.7/site-packages/airflow/example_dags/example_kubernetes_executor.py
[2023-04-14 01:24:22,875] {processor.py:651} INFO - DAG(s) dict_keys(['example_kubernetes_executor']) retrieved from /home/airflow/.local/lib/python3.7/site-packages/airflow/example_dags/example_kubernetes_executor.py
[2023-04-14 01:24:22,950] {logging_mixin.py:115} INFO - [2023-04-14 01:24:22,950] {dag.py:2371} INFO - Sync 1 DAGs
[2023-04-14 01:24:22,959] {logging_mixin.py:115} INFO - [2023-04-14 01:24:22,959] {dag.py:2919} INFO - Setting next_dagrun for example_kubernetes_executor to None, run_after=None
[2023-04-14 01:24:22,964] {processor.py:161} INFO - Processing /home/airflow/.local/lib/python3.7/site-packages/airflow/example_dags/example_kubernetes_executor.py took 0.103 seconds
[2023-04-14 01:24:53,069] {processor.py:153} INFO - Started process (PID=1586) to work on /home/airflow/.local/lib/python3.7/site-packages/airflow/example_dags/example_kubernetes_executor.py
[2023-04-14 01:24:53,070] {processor.py:641} INFO - Processing file /home/airflow/.local/lib/python3.7/site-packages/airflow/example_dags/example_kubernetes_executor.py for tasks to queue
[2023-04-14 01:24:53,070] {logging_mixin.py:115} INFO - [2023-04-14 01:24:53,070] {dagbag.py:507} INFO - Filling up the DagBag from /home/airflow/.local/lib/python3.7/site-packages/airflow/example_dags/example_kubernetes_executor.py
[2023-04-14 01:24:53,082] {processor.py:651} INFO - DAG(s) dict_keys(['example_kubernetes_executor']) retrieved from /home/airflow/.local/lib/python3.7/site-packages/airflow/example_dags/example_kubernetes_executor.py
[2023-04-14 01:24:53,159] {logging_mixin.py:115} INFO - [2023-04-14 01:24:53,159] {dag.py:2371} INFO - Sync 1 DAGs
[2023-04-14 01:24:53,169] {logging_mixin.py:115} INFO - [2023-04-14 01:24:53,169] {dag.py:2919} INFO - Setting next_dagrun for example_kubernetes_executor to None, run_after=None
[2023-04-14 01:24:53,174] {processor.py:161} INFO - Processing /home/airflow/.local/lib/python3.7/site-packages/airflow/example_dags/example_kubernetes_executor.py took 0.106 seconds
