[2023-04-14 01:12:04,347] {processor.py:153} INFO - Started process (PID=92) to work on /home/airflow/.local/lib/python3.7/site-packages/airflow/example_dags/example_skip_dag.py
[2023-04-14 01:12:04,347] {processor.py:641} INFO - Processing file /home/airflow/.local/lib/python3.7/site-packages/airflow/example_dags/example_skip_dag.py for tasks to queue
[2023-04-14 01:12:04,347] {logging_mixin.py:115} INFO - [2023-04-14 01:12:04,347] {dagbag.py:507} INFO - Filling up the DagBag from /home/airflow/.local/lib/python3.7/site-packages/airflow/example_dags/example_skip_dag.py
[2023-04-14 01:12:04,350] {processor.py:651} INFO - DAG(s) dict_keys(['example_skip_dag']) retrieved from /home/airflow/.local/lib/python3.7/site-packages/airflow/example_dags/example_skip_dag.py
[2023-04-14 01:12:04,458] {logging_mixin.py:115} INFO - [2023-04-14 01:12:04,458] {manager.py:508} INFO - Created Permission View: can read on DAG:example_skip_dag
[2023-04-14 01:12:04,463] {logging_mixin.py:115} INFO - [2023-04-14 01:12:04,463] {manager.py:508} INFO - Created Permission View: can delete on DAG:example_skip_dag
[2023-04-14 01:12:04,467] {logging_mixin.py:115} INFO - [2023-04-14 01:12:04,467] {manager.py:508} INFO - Created Permission View: can edit on DAG:example_skip_dag
[2023-04-14 01:12:04,467] {logging_mixin.py:115} INFO - [2023-04-14 01:12:04,467] {dag.py:2371} INFO - Sync 1 DAGs
[2023-04-14 01:12:04,471] {logging_mixin.py:115} INFO - [2023-04-14 01:12:04,471] {dag.py:2390} INFO - Creating ORM DAG for example_skip_dag
[2023-04-14 01:12:04,477] {logging_mixin.py:115} INFO - [2023-04-14 01:12:04,477] {dag.py:2919} INFO - Setting next_dagrun for example_skip_dag to 2023-04-13T01:12:04.476929+00:00, run_after=2023-04-14T01:12:04.476929+00:00
[2023-04-14 01:12:04,483] {processor.py:161} INFO - Processing /home/airflow/.local/lib/python3.7/site-packages/airflow/example_dags/example_skip_dag.py took 0.138 seconds
[2023-04-14 01:12:35,119] {processor.py:153} INFO - Started process (PID=153) to work on /home/airflow/.local/lib/python3.7/site-packages/airflow/example_dags/example_skip_dag.py
[2023-04-14 01:12:35,119] {processor.py:641} INFO - Processing file /home/airflow/.local/lib/python3.7/site-packages/airflow/example_dags/example_skip_dag.py for tasks to queue
[2023-04-14 01:12:35,119] {logging_mixin.py:115} INFO - [2023-04-14 01:12:35,119] {dagbag.py:507} INFO - Filling up the DagBag from /home/airflow/.local/lib/python3.7/site-packages/airflow/example_dags/example_skip_dag.py
[2023-04-14 01:12:35,122] {processor.py:651} INFO - DAG(s) dict_keys(['example_skip_dag']) retrieved from /home/airflow/.local/lib/python3.7/site-packages/airflow/example_dags/example_skip_dag.py
[2023-04-14 01:12:35,133] {logging_mixin.py:115} INFO - [2023-04-14 01:12:35,133] {dag.py:2371} INFO - Sync 1 DAGs
[2023-04-14 01:12:35,144] {logging_mixin.py:115} INFO - [2023-04-14 01:12:35,144] {dag.py:2919} INFO - Setting next_dagrun for example_skip_dag to 2023-04-13T01:12:35.144642+00:00, run_after=2023-04-14T01:12:35.144642+00:00
[2023-04-14 01:12:35,150] {processor.py:161} INFO - Processing /home/airflow/.local/lib/python3.7/site-packages/airflow/example_dags/example_skip_dag.py took 0.033 seconds
[2023-04-14 01:13:05,703] {processor.py:153} INFO - Started process (PID=214) to work on /home/airflow/.local/lib/python3.7/site-packages/airflow/example_dags/example_skip_dag.py
[2023-04-14 01:13:05,703] {processor.py:641} INFO - Processing file /home/airflow/.local/lib/python3.7/site-packages/airflow/example_dags/example_skip_dag.py for tasks to queue
[2023-04-14 01:13:05,703] {logging_mixin.py:115} INFO - [2023-04-14 01:13:05,703] {dagbag.py:507} INFO - Filling up the DagBag from /home/airflow/.local/lib/python3.7/site-packages/airflow/example_dags/example_skip_dag.py
[2023-04-14 01:13:05,706] {processor.py:651} INFO - DAG(s) dict_keys(['example_skip_dag']) retrieved from /home/airflow/.local/lib/python3.7/site-packages/airflow/example_dags/example_skip_dag.py
[2023-04-14 01:13:05,717] {logging_mixin.py:115} INFO - [2023-04-14 01:13:05,717] {dag.py:2371} INFO - Sync 1 DAGs
[2023-04-14 01:13:05,728] {logging_mixin.py:115} INFO - [2023-04-14 01:13:05,728] {dag.py:2919} INFO - Setting next_dagrun for example_skip_dag to 2023-04-13T01:13:05.728021+00:00, run_after=2023-04-14T01:13:05.728021+00:00
[2023-04-14 01:13:05,733] {processor.py:161} INFO - Processing /home/airflow/.local/lib/python3.7/site-packages/airflow/example_dags/example_skip_dag.py took 0.031 seconds
[2023-04-14 01:13:36,289] {processor.py:153} INFO - Started process (PID=275) to work on /home/airflow/.local/lib/python3.7/site-packages/airflow/example_dags/example_skip_dag.py
[2023-04-14 01:13:36,289] {processor.py:641} INFO - Processing file /home/airflow/.local/lib/python3.7/site-packages/airflow/example_dags/example_skip_dag.py for tasks to queue
[2023-04-14 01:13:36,289] {logging_mixin.py:115} INFO - [2023-04-14 01:13:36,289] {dagbag.py:507} INFO - Filling up the DagBag from /home/airflow/.local/lib/python3.7/site-packages/airflow/example_dags/example_skip_dag.py
[2023-04-14 01:13:36,292] {processor.py:651} INFO - DAG(s) dict_keys(['example_skip_dag']) retrieved from /home/airflow/.local/lib/python3.7/site-packages/airflow/example_dags/example_skip_dag.py
[2023-04-14 01:13:36,303] {logging_mixin.py:115} INFO - [2023-04-14 01:13:36,303] {dag.py:2371} INFO - Sync 1 DAGs
[2023-04-14 01:13:36,314] {logging_mixin.py:115} INFO - [2023-04-14 01:13:36,314] {dag.py:2919} INFO - Setting next_dagrun for example_skip_dag to 2023-04-13T01:13:36.314527+00:00, run_after=2023-04-14T01:13:36.314527+00:00
[2023-04-14 01:13:36,320] {processor.py:161} INFO - Processing /home/airflow/.local/lib/python3.7/site-packages/airflow/example_dags/example_skip_dag.py took 0.032 seconds
[2023-04-14 01:14:07,170] {processor.py:153} INFO - Started process (PID=336) to work on /home/airflow/.local/lib/python3.7/site-packages/airflow/example_dags/example_skip_dag.py
[2023-04-14 01:14:07,171] {processor.py:641} INFO - Processing file /home/airflow/.local/lib/python3.7/site-packages/airflow/example_dags/example_skip_dag.py for tasks to queue
[2023-04-14 01:14:07,171] {logging_mixin.py:115} INFO - [2023-04-14 01:14:07,171] {dagbag.py:507} INFO - Filling up the DagBag from /home/airflow/.local/lib/python3.7/site-packages/airflow/example_dags/example_skip_dag.py
[2023-04-14 01:14:07,173] {processor.py:651} INFO - DAG(s) dict_keys(['example_skip_dag']) retrieved from /home/airflow/.local/lib/python3.7/site-packages/airflow/example_dags/example_skip_dag.py
[2023-04-14 01:14:07,185] {logging_mixin.py:115} INFO - [2023-04-14 01:14:07,185] {dag.py:2371} INFO - Sync 1 DAGs
[2023-04-14 01:14:07,197] {logging_mixin.py:115} INFO - [2023-04-14 01:14:07,197] {dag.py:2919} INFO - Setting next_dagrun for example_skip_dag to 2023-04-13T01:14:07.197253+00:00, run_after=2023-04-14T01:14:07.197253+00:00
[2023-04-14 01:14:07,203] {processor.py:161} INFO - Processing /home/airflow/.local/lib/python3.7/site-packages/airflow/example_dags/example_skip_dag.py took 0.034 seconds
[2023-04-14 01:14:37,864] {processor.py:153} INFO - Started process (PID=397) to work on /home/airflow/.local/lib/python3.7/site-packages/airflow/example_dags/example_skip_dag.py
[2023-04-14 01:14:37,864] {processor.py:641} INFO - Processing file /home/airflow/.local/lib/python3.7/site-packages/airflow/example_dags/example_skip_dag.py for tasks to queue
[2023-04-14 01:14:37,864] {logging_mixin.py:115} INFO - [2023-04-14 01:14:37,864] {dagbag.py:507} INFO - Filling up the DagBag from /home/airflow/.local/lib/python3.7/site-packages/airflow/example_dags/example_skip_dag.py
[2023-04-14 01:14:37,866] {processor.py:651} INFO - DAG(s) dict_keys(['example_skip_dag']) retrieved from /home/airflow/.local/lib/python3.7/site-packages/airflow/example_dags/example_skip_dag.py
[2023-04-14 01:14:37,878] {logging_mixin.py:115} INFO - [2023-04-14 01:14:37,878] {dag.py:2371} INFO - Sync 1 DAGs
[2023-04-14 01:14:37,889] {logging_mixin.py:115} INFO - [2023-04-14 01:14:37,889] {dag.py:2919} INFO - Setting next_dagrun for example_skip_dag to 2023-04-13T01:14:37.889313+00:00, run_after=2023-04-14T01:14:37.889313+00:00
[2023-04-14 01:14:37,894] {processor.py:161} INFO - Processing /home/airflow/.local/lib/python3.7/site-packages/airflow/example_dags/example_skip_dag.py took 0.032 seconds
[2023-04-14 01:15:08,600] {processor.py:153} INFO - Started process (PID=449) to work on /home/airflow/.local/lib/python3.7/site-packages/airflow/example_dags/example_skip_dag.py
[2023-04-14 01:15:08,600] {processor.py:641} INFO - Processing file /home/airflow/.local/lib/python3.7/site-packages/airflow/example_dags/example_skip_dag.py for tasks to queue
[2023-04-14 01:15:08,601] {logging_mixin.py:115} INFO - [2023-04-14 01:15:08,600] {dagbag.py:507} INFO - Filling up the DagBag from /home/airflow/.local/lib/python3.7/site-packages/airflow/example_dags/example_skip_dag.py
[2023-04-14 01:15:08,603] {processor.py:651} INFO - DAG(s) dict_keys(['example_skip_dag']) retrieved from /home/airflow/.local/lib/python3.7/site-packages/airflow/example_dags/example_skip_dag.py
[2023-04-14 01:15:08,614] {logging_mixin.py:115} INFO - [2023-04-14 01:15:08,614] {dag.py:2371} INFO - Sync 1 DAGs
[2023-04-14 01:15:08,625] {logging_mixin.py:115} INFO - [2023-04-14 01:15:08,625] {dag.py:2919} INFO - Setting next_dagrun for example_skip_dag to 2023-04-13T01:15:08.625784+00:00, run_after=2023-04-14T01:15:08.625784+00:00
[2023-04-14 01:15:08,631] {processor.py:161} INFO - Processing /home/airflow/.local/lib/python3.7/site-packages/airflow/example_dags/example_skip_dag.py took 0.032 seconds
[2023-04-14 01:15:39,211] {processor.py:153} INFO - Started process (PID=510) to work on /home/airflow/.local/lib/python3.7/site-packages/airflow/example_dags/example_skip_dag.py
[2023-04-14 01:15:39,211] {processor.py:641} INFO - Processing file /home/airflow/.local/lib/python3.7/site-packages/airflow/example_dags/example_skip_dag.py for tasks to queue
[2023-04-14 01:15:39,211] {logging_mixin.py:115} INFO - [2023-04-14 01:15:39,211] {dagbag.py:507} INFO - Filling up the DagBag from /home/airflow/.local/lib/python3.7/site-packages/airflow/example_dags/example_skip_dag.py
[2023-04-14 01:15:39,213] {processor.py:651} INFO - DAG(s) dict_keys(['example_skip_dag']) retrieved from /home/airflow/.local/lib/python3.7/site-packages/airflow/example_dags/example_skip_dag.py
[2023-04-14 01:15:39,225] {logging_mixin.py:115} INFO - [2023-04-14 01:15:39,225] {dag.py:2371} INFO - Sync 1 DAGs
[2023-04-14 01:15:39,236] {logging_mixin.py:115} INFO - [2023-04-14 01:15:39,236] {dag.py:2919} INFO - Setting next_dagrun for example_skip_dag to 2023-04-13T01:15:39.236626+00:00, run_after=2023-04-14T01:15:39.236626+00:00
[2023-04-14 01:15:39,242] {processor.py:161} INFO - Processing /home/airflow/.local/lib/python3.7/site-packages/airflow/example_dags/example_skip_dag.py took 0.033 seconds
[2023-04-14 01:16:09,882] {processor.py:153} INFO - Started process (PID=571) to work on /home/airflow/.local/lib/python3.7/site-packages/airflow/example_dags/example_skip_dag.py
[2023-04-14 01:16:09,883] {processor.py:641} INFO - Processing file /home/airflow/.local/lib/python3.7/site-packages/airflow/example_dags/example_skip_dag.py for tasks to queue
[2023-04-14 01:16:09,884] {logging_mixin.py:115} INFO - [2023-04-14 01:16:09,884] {dagbag.py:507} INFO - Filling up the DagBag from /home/airflow/.local/lib/python3.7/site-packages/airflow/example_dags/example_skip_dag.py
[2023-04-14 01:16:09,886] {processor.py:651} INFO - DAG(s) dict_keys(['example_skip_dag']) retrieved from /home/airflow/.local/lib/python3.7/site-packages/airflow/example_dags/example_skip_dag.py
[2023-04-14 01:16:09,898] {logging_mixin.py:115} INFO - [2023-04-14 01:16:09,898] {dag.py:2371} INFO - Sync 1 DAGs
[2023-04-14 01:16:09,909] {logging_mixin.py:115} INFO - [2023-04-14 01:16:09,909] {dag.py:2919} INFO - Setting next_dagrun for example_skip_dag to 2023-04-13T01:16:09.909592+00:00, run_after=2023-04-14T01:16:09.909592+00:00
[2023-04-14 01:16:09,915] {processor.py:161} INFO - Processing /home/airflow/.local/lib/python3.7/site-packages/airflow/example_dags/example_skip_dag.py took 0.034 seconds
[2023-04-14 01:16:40,552] {processor.py:153} INFO - Started process (PID=632) to work on /home/airflow/.local/lib/python3.7/site-packages/airflow/example_dags/example_skip_dag.py
[2023-04-14 01:16:40,552] {processor.py:641} INFO - Processing file /home/airflow/.local/lib/python3.7/site-packages/airflow/example_dags/example_skip_dag.py for tasks to queue
[2023-04-14 01:16:40,553] {logging_mixin.py:115} INFO - [2023-04-14 01:16:40,553] {dagbag.py:507} INFO - Filling up the DagBag from /home/airflow/.local/lib/python3.7/site-packages/airflow/example_dags/example_skip_dag.py
[2023-04-14 01:16:40,555] {processor.py:651} INFO - DAG(s) dict_keys(['example_skip_dag']) retrieved from /home/airflow/.local/lib/python3.7/site-packages/airflow/example_dags/example_skip_dag.py
[2023-04-14 01:16:40,568] {logging_mixin.py:115} INFO - [2023-04-14 01:16:40,568] {dag.py:2371} INFO - Sync 1 DAGs
[2023-04-14 01:16:40,581] {logging_mixin.py:115} INFO - [2023-04-14 01:16:40,581] {dag.py:2919} INFO - Setting next_dagrun for example_skip_dag to 2023-04-13T01:16:40.581382+00:00, run_after=2023-04-14T01:16:40.581382+00:00
[2023-04-14 01:16:40,589] {processor.py:161} INFO - Processing /home/airflow/.local/lib/python3.7/site-packages/airflow/example_dags/example_skip_dag.py took 0.038 seconds
[2023-04-14 01:17:11,401] {processor.py:153} INFO - Started process (PID=693) to work on /home/airflow/.local/lib/python3.7/site-packages/airflow/example_dags/example_skip_dag.py
[2023-04-14 01:17:11,401] {processor.py:641} INFO - Processing file /home/airflow/.local/lib/python3.7/site-packages/airflow/example_dags/example_skip_dag.py for tasks to queue
[2023-04-14 01:17:11,401] {logging_mixin.py:115} INFO - [2023-04-14 01:17:11,401] {dagbag.py:507} INFO - Filling up the DagBag from /home/airflow/.local/lib/python3.7/site-packages/airflow/example_dags/example_skip_dag.py
[2023-04-14 01:17:11,403] {processor.py:651} INFO - DAG(s) dict_keys(['example_skip_dag']) retrieved from /home/airflow/.local/lib/python3.7/site-packages/airflow/example_dags/example_skip_dag.py
[2023-04-14 01:17:11,416] {logging_mixin.py:115} INFO - [2023-04-14 01:17:11,416] {dag.py:2371} INFO - Sync 1 DAGs
[2023-04-14 01:17:11,491] {logging_mixin.py:115} INFO - [2023-04-14 01:17:11,491] {dag.py:2919} INFO - Setting next_dagrun for example_skip_dag to 2023-04-13T01:17:11.490913+00:00, run_after=2023-04-14T01:17:11.490913+00:00
[2023-04-14 01:17:11,497] {processor.py:161} INFO - Processing /home/airflow/.local/lib/python3.7/site-packages/airflow/example_dags/example_skip_dag.py took 0.097 seconds
[2023-04-14 01:17:42,358] {processor.py:153} INFO - Started process (PID=754) to work on /home/airflow/.local/lib/python3.7/site-packages/airflow/example_dags/example_skip_dag.py
[2023-04-14 01:17:42,359] {processor.py:641} INFO - Processing file /home/airflow/.local/lib/python3.7/site-packages/airflow/example_dags/example_skip_dag.py for tasks to queue
[2023-04-14 01:17:42,359] {logging_mixin.py:115} INFO - [2023-04-14 01:17:42,359] {dagbag.py:507} INFO - Filling up the DagBag from /home/airflow/.local/lib/python3.7/site-packages/airflow/example_dags/example_skip_dag.py
[2023-04-14 01:17:42,361] {processor.py:651} INFO - DAG(s) dict_keys(['example_skip_dag']) retrieved from /home/airflow/.local/lib/python3.7/site-packages/airflow/example_dags/example_skip_dag.py
[2023-04-14 01:17:42,373] {logging_mixin.py:115} INFO - [2023-04-14 01:17:42,373] {dag.py:2371} INFO - Sync 1 DAGs
[2023-04-14 01:17:42,455] {logging_mixin.py:115} INFO - [2023-04-14 01:17:42,455] {dag.py:2919} INFO - Setting next_dagrun for example_skip_dag to 2023-04-13T01:17:42.454971+00:00, run_after=2023-04-14T01:17:42.454971+00:00
[2023-04-14 01:17:42,461] {processor.py:161} INFO - Processing /home/airflow/.local/lib/python3.7/site-packages/airflow/example_dags/example_skip_dag.py took 0.104 seconds
[2023-04-14 01:18:13,342] {processor.py:153} INFO - Started process (PID=815) to work on /home/airflow/.local/lib/python3.7/site-packages/airflow/example_dags/example_skip_dag.py
[2023-04-14 01:18:13,342] {processor.py:641} INFO - Processing file /home/airflow/.local/lib/python3.7/site-packages/airflow/example_dags/example_skip_dag.py for tasks to queue
[2023-04-14 01:18:13,342] {logging_mixin.py:115} INFO - [2023-04-14 01:18:13,342] {dagbag.py:507} INFO - Filling up the DagBag from /home/airflow/.local/lib/python3.7/site-packages/airflow/example_dags/example_skip_dag.py
[2023-04-14 01:18:13,344] {processor.py:651} INFO - DAG(s) dict_keys(['example_skip_dag']) retrieved from /home/airflow/.local/lib/python3.7/site-packages/airflow/example_dags/example_skip_dag.py
[2023-04-14 01:18:13,355] {logging_mixin.py:115} INFO - [2023-04-14 01:18:13,355] {dag.py:2371} INFO - Sync 1 DAGs
[2023-04-14 01:18:13,429] {logging_mixin.py:115} INFO - [2023-04-14 01:18:13,429] {dag.py:2919} INFO - Setting next_dagrun for example_skip_dag to 2023-04-13T01:18:13.429746+00:00, run_after=2023-04-14T01:18:13.429746+00:00
[2023-04-14 01:18:13,436] {processor.py:161} INFO - Processing /home/airflow/.local/lib/python3.7/site-packages/airflow/example_dags/example_skip_dag.py took 0.095 seconds
[2023-04-14 01:18:44,375] {processor.py:153} INFO - Started process (PID=876) to work on /home/airflow/.local/lib/python3.7/site-packages/airflow/example_dags/example_skip_dag.py
[2023-04-14 01:18:44,376] {processor.py:641} INFO - Processing file /home/airflow/.local/lib/python3.7/site-packages/airflow/example_dags/example_skip_dag.py for tasks to queue
[2023-04-14 01:18:44,376] {logging_mixin.py:115} INFO - [2023-04-14 01:18:44,376] {dagbag.py:507} INFO - Filling up the DagBag from /home/airflow/.local/lib/python3.7/site-packages/airflow/example_dags/example_skip_dag.py
[2023-04-14 01:18:44,378] {processor.py:651} INFO - DAG(s) dict_keys(['example_skip_dag']) retrieved from /home/airflow/.local/lib/python3.7/site-packages/airflow/example_dags/example_skip_dag.py
[2023-04-14 01:18:44,390] {logging_mixin.py:115} INFO - [2023-04-14 01:18:44,390] {dag.py:2371} INFO - Sync 1 DAGs
[2023-04-14 01:18:44,472] {logging_mixin.py:115} INFO - [2023-04-14 01:18:44,471] {dag.py:2919} INFO - Setting next_dagrun for example_skip_dag to 2023-04-13T01:18:44.471824+00:00, run_after=2023-04-14T01:18:44.471824+00:00
[2023-04-14 01:18:44,477] {processor.py:161} INFO - Processing /home/airflow/.local/lib/python3.7/site-packages/airflow/example_dags/example_skip_dag.py took 0.104 seconds
[2023-04-14 01:19:15,276] {processor.py:153} INFO - Started process (PID=928) to work on /home/airflow/.local/lib/python3.7/site-packages/airflow/example_dags/example_skip_dag.py
[2023-04-14 01:19:15,276] {processor.py:641} INFO - Processing file /home/airflow/.local/lib/python3.7/site-packages/airflow/example_dags/example_skip_dag.py for tasks to queue
[2023-04-14 01:19:15,277] {logging_mixin.py:115} INFO - [2023-04-14 01:19:15,277] {dagbag.py:507} INFO - Filling up the DagBag from /home/airflow/.local/lib/python3.7/site-packages/airflow/example_dags/example_skip_dag.py
[2023-04-14 01:19:15,279] {processor.py:651} INFO - DAG(s) dict_keys(['example_skip_dag']) retrieved from /home/airflow/.local/lib/python3.7/site-packages/airflow/example_dags/example_skip_dag.py
[2023-04-14 01:19:15,290] {logging_mixin.py:115} INFO - [2023-04-14 01:19:15,290] {dag.py:2371} INFO - Sync 1 DAGs
[2023-04-14 01:19:15,361] {logging_mixin.py:115} INFO - [2023-04-14 01:19:15,361] {dag.py:2919} INFO - Setting next_dagrun for example_skip_dag to 2023-04-13T01:19:15.361672+00:00, run_after=2023-04-14T01:19:15.361672+00:00
[2023-04-14 01:19:15,368] {processor.py:161} INFO - Processing /home/airflow/.local/lib/python3.7/site-packages/airflow/example_dags/example_skip_dag.py took 0.093 seconds
[2023-04-14 01:19:46,319] {processor.py:153} INFO - Started process (PID=989) to work on /home/airflow/.local/lib/python3.7/site-packages/airflow/example_dags/example_skip_dag.py
[2023-04-14 01:19:46,320] {processor.py:641} INFO - Processing file /home/airflow/.local/lib/python3.7/site-packages/airflow/example_dags/example_skip_dag.py for tasks to queue
[2023-04-14 01:19:46,320] {logging_mixin.py:115} INFO - [2023-04-14 01:19:46,320] {dagbag.py:507} INFO - Filling up the DagBag from /home/airflow/.local/lib/python3.7/site-packages/airflow/example_dags/example_skip_dag.py
[2023-04-14 01:19:46,322] {processor.py:651} INFO - DAG(s) dict_keys(['example_skip_dag']) retrieved from /home/airflow/.local/lib/python3.7/site-packages/airflow/example_dags/example_skip_dag.py
[2023-04-14 01:19:46,334] {logging_mixin.py:115} INFO - [2023-04-14 01:19:46,334] {dag.py:2371} INFO - Sync 1 DAGs
[2023-04-14 01:19:46,409] {logging_mixin.py:115} INFO - [2023-04-14 01:19:46,409] {dag.py:2919} INFO - Setting next_dagrun for example_skip_dag to 2023-04-13T01:19:46.409511+00:00, run_after=2023-04-14T01:19:46.409511+00:00
[2023-04-14 01:19:46,416] {processor.py:161} INFO - Processing /home/airflow/.local/lib/python3.7/site-packages/airflow/example_dags/example_skip_dag.py took 0.097 seconds
[2023-04-14 01:20:17,236] {processor.py:153} INFO - Started process (PID=1050) to work on /home/airflow/.local/lib/python3.7/site-packages/airflow/example_dags/example_skip_dag.py
[2023-04-14 01:20:17,236] {processor.py:641} INFO - Processing file /home/airflow/.local/lib/python3.7/site-packages/airflow/example_dags/example_skip_dag.py for tasks to queue
[2023-04-14 01:20:17,236] {logging_mixin.py:115} INFO - [2023-04-14 01:20:17,236] {dagbag.py:507} INFO - Filling up the DagBag from /home/airflow/.local/lib/python3.7/site-packages/airflow/example_dags/example_skip_dag.py
[2023-04-14 01:20:17,239] {processor.py:651} INFO - DAG(s) dict_keys(['example_skip_dag']) retrieved from /home/airflow/.local/lib/python3.7/site-packages/airflow/example_dags/example_skip_dag.py
[2023-04-14 01:20:17,250] {logging_mixin.py:115} INFO - [2023-04-14 01:20:17,250] {dag.py:2371} INFO - Sync 1 DAGs
[2023-04-14 01:20:17,331] {logging_mixin.py:115} INFO - [2023-04-14 01:20:17,331] {dag.py:2919} INFO - Setting next_dagrun for example_skip_dag to 2023-04-13T01:20:17.331193+00:00, run_after=2023-04-14T01:20:17.331193+00:00
[2023-04-14 01:20:17,337] {processor.py:161} INFO - Processing /home/airflow/.local/lib/python3.7/site-packages/airflow/example_dags/example_skip_dag.py took 0.102 seconds
[2023-04-14 01:20:48,140] {processor.py:153} INFO - Started process (PID=1111) to work on /home/airflow/.local/lib/python3.7/site-packages/airflow/example_dags/example_skip_dag.py
[2023-04-14 01:20:48,140] {processor.py:641} INFO - Processing file /home/airflow/.local/lib/python3.7/site-packages/airflow/example_dags/example_skip_dag.py for tasks to queue
[2023-04-14 01:20:48,140] {logging_mixin.py:115} INFO - [2023-04-14 01:20:48,140] {dagbag.py:507} INFO - Filling up the DagBag from /home/airflow/.local/lib/python3.7/site-packages/airflow/example_dags/example_skip_dag.py
[2023-04-14 01:20:48,143] {processor.py:651} INFO - DAG(s) dict_keys(['example_skip_dag']) retrieved from /home/airflow/.local/lib/python3.7/site-packages/airflow/example_dags/example_skip_dag.py
[2023-04-14 01:20:48,154] {logging_mixin.py:115} INFO - [2023-04-14 01:20:48,154] {dag.py:2371} INFO - Sync 1 DAGs
[2023-04-14 01:20:48,227] {logging_mixin.py:115} INFO - [2023-04-14 01:20:48,227] {dag.py:2919} INFO - Setting next_dagrun for example_skip_dag to 2023-04-13T01:20:48.226926+00:00, run_after=2023-04-14T01:20:48.226926+00:00
[2023-04-14 01:20:48,234] {processor.py:161} INFO - Processing /home/airflow/.local/lib/python3.7/site-packages/airflow/example_dags/example_skip_dag.py took 0.096 seconds
[2023-04-14 01:21:19,030] {processor.py:153} INFO - Started process (PID=1172) to work on /home/airflow/.local/lib/python3.7/site-packages/airflow/example_dags/example_skip_dag.py
[2023-04-14 01:21:19,031] {processor.py:641} INFO - Processing file /home/airflow/.local/lib/python3.7/site-packages/airflow/example_dags/example_skip_dag.py for tasks to queue
[2023-04-14 01:21:19,031] {logging_mixin.py:115} INFO - [2023-04-14 01:21:19,031] {dagbag.py:507} INFO - Filling up the DagBag from /home/airflow/.local/lib/python3.7/site-packages/airflow/example_dags/example_skip_dag.py
[2023-04-14 01:21:19,033] {processor.py:651} INFO - DAG(s) dict_keys(['example_skip_dag']) retrieved from /home/airflow/.local/lib/python3.7/site-packages/airflow/example_dags/example_skip_dag.py
[2023-04-14 01:21:19,044] {logging_mixin.py:115} INFO - [2023-04-14 01:21:19,044] {dag.py:2371} INFO - Sync 1 DAGs
[2023-04-14 01:21:19,121] {logging_mixin.py:115} INFO - [2023-04-14 01:21:19,121] {dag.py:2919} INFO - Setting next_dagrun for example_skip_dag to 2023-04-13T01:21:19.121817+00:00, run_after=2023-04-14T01:21:19.121817+00:00
[2023-04-14 01:21:19,127] {processor.py:161} INFO - Processing /home/airflow/.local/lib/python3.7/site-packages/airflow/example_dags/example_skip_dag.py took 0.098 seconds
[2023-04-14 01:21:49,901] {processor.py:153} INFO - Started process (PID=1233) to work on /home/airflow/.local/lib/python3.7/site-packages/airflow/example_dags/example_skip_dag.py
[2023-04-14 01:21:49,901] {processor.py:641} INFO - Processing file /home/airflow/.local/lib/python3.7/site-packages/airflow/example_dags/example_skip_dag.py for tasks to queue
[2023-04-14 01:21:49,902] {logging_mixin.py:115} INFO - [2023-04-14 01:21:49,901] {dagbag.py:507} INFO - Filling up the DagBag from /home/airflow/.local/lib/python3.7/site-packages/airflow/example_dags/example_skip_dag.py
[2023-04-14 01:21:49,904] {processor.py:651} INFO - DAG(s) dict_keys(['example_skip_dag']) retrieved from /home/airflow/.local/lib/python3.7/site-packages/airflow/example_dags/example_skip_dag.py
[2023-04-14 01:21:49,915] {logging_mixin.py:115} INFO - [2023-04-14 01:21:49,915] {dag.py:2371} INFO - Sync 1 DAGs
[2023-04-14 01:21:49,990] {logging_mixin.py:115} INFO - [2023-04-14 01:21:49,990] {dag.py:2919} INFO - Setting next_dagrun for example_skip_dag to 2023-04-13T01:21:49.990684+00:00, run_after=2023-04-14T01:21:49.990684+00:00
[2023-04-14 01:21:49,996] {processor.py:161} INFO - Processing /home/airflow/.local/lib/python3.7/site-packages/airflow/example_dags/example_skip_dag.py took 0.097 seconds
[2023-04-14 01:22:20,889] {processor.py:153} INFO - Started process (PID=1294) to work on /home/airflow/.local/lib/python3.7/site-packages/airflow/example_dags/example_skip_dag.py
[2023-04-14 01:22:20,889] {processor.py:641} INFO - Processing file /home/airflow/.local/lib/python3.7/site-packages/airflow/example_dags/example_skip_dag.py for tasks to queue
[2023-04-14 01:22:20,889] {logging_mixin.py:115} INFO - [2023-04-14 01:22:20,889] {dagbag.py:507} INFO - Filling up the DagBag from /home/airflow/.local/lib/python3.7/site-packages/airflow/example_dags/example_skip_dag.py
[2023-04-14 01:22:20,891] {processor.py:651} INFO - DAG(s) dict_keys(['example_skip_dag']) retrieved from /home/airflow/.local/lib/python3.7/site-packages/airflow/example_dags/example_skip_dag.py
[2023-04-14 01:22:20,903] {logging_mixin.py:115} INFO - [2023-04-14 01:22:20,903] {dag.py:2371} INFO - Sync 1 DAGs
[2023-04-14 01:22:20,980] {logging_mixin.py:115} INFO - [2023-04-14 01:22:20,980] {dag.py:2919} INFO - Setting next_dagrun for example_skip_dag to 2023-04-13T01:22:20.980261+00:00, run_after=2023-04-14T01:22:20.980261+00:00
[2023-04-14 01:22:20,986] {processor.py:161} INFO - Processing /home/airflow/.local/lib/python3.7/site-packages/airflow/example_dags/example_skip_dag.py took 0.099 seconds
[2023-04-14 01:22:51,782] {processor.py:153} INFO - Started process (PID=1355) to work on /home/airflow/.local/lib/python3.7/site-packages/airflow/example_dags/example_skip_dag.py
[2023-04-14 01:22:51,783] {processor.py:641} INFO - Processing file /home/airflow/.local/lib/python3.7/site-packages/airflow/example_dags/example_skip_dag.py for tasks to queue
[2023-04-14 01:22:51,783] {logging_mixin.py:115} INFO - [2023-04-14 01:22:51,783] {dagbag.py:507} INFO - Filling up the DagBag from /home/airflow/.local/lib/python3.7/site-packages/airflow/example_dags/example_skip_dag.py
[2023-04-14 01:22:51,785] {processor.py:651} INFO - DAG(s) dict_keys(['example_skip_dag']) retrieved from /home/airflow/.local/lib/python3.7/site-packages/airflow/example_dags/example_skip_dag.py
[2023-04-14 01:22:51,797] {logging_mixin.py:115} INFO - [2023-04-14 01:22:51,797] {dag.py:2371} INFO - Sync 1 DAGs
[2023-04-14 01:22:51,877] {logging_mixin.py:115} INFO - [2023-04-14 01:22:51,877] {dag.py:2919} INFO - Setting next_dagrun for example_skip_dag to 2023-04-13T01:22:51.877026+00:00, run_after=2023-04-14T01:22:51.877026+00:00
[2023-04-14 01:22:51,885] {processor.py:161} INFO - Processing /home/airflow/.local/lib/python3.7/site-packages/airflow/example_dags/example_skip_dag.py took 0.104 seconds
[2023-04-14 01:23:22,809] {processor.py:153} INFO - Started process (PID=1407) to work on /home/airflow/.local/lib/python3.7/site-packages/airflow/example_dags/example_skip_dag.py
[2023-04-14 01:23:22,809] {processor.py:641} INFO - Processing file /home/airflow/.local/lib/python3.7/site-packages/airflow/example_dags/example_skip_dag.py for tasks to queue
[2023-04-14 01:23:22,809] {logging_mixin.py:115} INFO - [2023-04-14 01:23:22,809] {dagbag.py:507} INFO - Filling up the DagBag from /home/airflow/.local/lib/python3.7/site-packages/airflow/example_dags/example_skip_dag.py
[2023-04-14 01:23:22,811] {processor.py:651} INFO - DAG(s) dict_keys(['example_skip_dag']) retrieved from /home/airflow/.local/lib/python3.7/site-packages/airflow/example_dags/example_skip_dag.py
[2023-04-14 01:23:22,823] {logging_mixin.py:115} INFO - [2023-04-14 01:23:22,823] {dag.py:2371} INFO - Sync 1 DAGs
[2023-04-14 01:23:22,899] {logging_mixin.py:115} INFO - [2023-04-14 01:23:22,899] {dag.py:2919} INFO - Setting next_dagrun for example_skip_dag to 2023-04-13T01:23:22.898969+00:00, run_after=2023-04-14T01:23:22.898969+00:00
[2023-04-14 01:23:22,905] {processor.py:161} INFO - Processing /home/airflow/.local/lib/python3.7/site-packages/airflow/example_dags/example_skip_dag.py took 0.097 seconds
[2023-04-14 01:23:52,952] {processor.py:153} INFO - Started process (PID=1468) to work on /home/airflow/.local/lib/python3.7/site-packages/airflow/example_dags/example_skip_dag.py
[2023-04-14 01:23:52,953] {processor.py:641} INFO - Processing file /home/airflow/.local/lib/python3.7/site-packages/airflow/example_dags/example_skip_dag.py for tasks to queue
[2023-04-14 01:23:52,953] {logging_mixin.py:115} INFO - [2023-04-14 01:23:52,953] {dagbag.py:507} INFO - Filling up the DagBag from /home/airflow/.local/lib/python3.7/site-packages/airflow/example_dags/example_skip_dag.py
[2023-04-14 01:23:52,955] {processor.py:651} INFO - DAG(s) dict_keys(['example_skip_dag']) retrieved from /home/airflow/.local/lib/python3.7/site-packages/airflow/example_dags/example_skip_dag.py
[2023-04-14 01:23:52,967] {logging_mixin.py:115} INFO - [2023-04-14 01:23:52,967] {dag.py:2371} INFO - Sync 1 DAGs
[2023-04-14 01:23:53,041] {logging_mixin.py:115} INFO - [2023-04-14 01:23:53,041] {dag.py:2919} INFO - Setting next_dagrun for example_skip_dag to 2023-04-13T01:23:53.041617+00:00, run_after=2023-04-14T01:23:53.041617+00:00
[2023-04-14 01:23:53,047] {processor.py:161} INFO - Processing /home/airflow/.local/lib/python3.7/site-packages/airflow/example_dags/example_skip_dag.py took 0.096 seconds
[2023-04-14 01:24:23,085] {processor.py:153} INFO - Started process (PID=1529) to work on /home/airflow/.local/lib/python3.7/site-packages/airflow/example_dags/example_skip_dag.py
[2023-04-14 01:24:23,085] {processor.py:641} INFO - Processing file /home/airflow/.local/lib/python3.7/site-packages/airflow/example_dags/example_skip_dag.py for tasks to queue
[2023-04-14 01:24:23,085] {logging_mixin.py:115} INFO - [2023-04-14 01:24:23,085] {dagbag.py:507} INFO - Filling up the DagBag from /home/airflow/.local/lib/python3.7/site-packages/airflow/example_dags/example_skip_dag.py
[2023-04-14 01:24:23,088] {processor.py:651} INFO - DAG(s) dict_keys(['example_skip_dag']) retrieved from /home/airflow/.local/lib/python3.7/site-packages/airflow/example_dags/example_skip_dag.py
[2023-04-14 01:24:23,100] {logging_mixin.py:115} INFO - [2023-04-14 01:24:23,099] {dag.py:2371} INFO - Sync 1 DAGs
[2023-04-14 01:24:23,177] {logging_mixin.py:115} INFO - [2023-04-14 01:24:23,177] {dag.py:2919} INFO - Setting next_dagrun for example_skip_dag to 2023-04-13T01:24:23.177784+00:00, run_after=2023-04-14T01:24:23.177784+00:00
[2023-04-14 01:24:23,183] {processor.py:161} INFO - Processing /home/airflow/.local/lib/python3.7/site-packages/airflow/example_dags/example_skip_dag.py took 0.099 seconds
[2023-04-14 01:24:53,297] {processor.py:153} INFO - Started process (PID=1590) to work on /home/airflow/.local/lib/python3.7/site-packages/airflow/example_dags/example_skip_dag.py
[2023-04-14 01:24:53,297] {processor.py:641} INFO - Processing file /home/airflow/.local/lib/python3.7/site-packages/airflow/example_dags/example_skip_dag.py for tasks to queue
[2023-04-14 01:24:53,297] {logging_mixin.py:115} INFO - [2023-04-14 01:24:53,297] {dagbag.py:507} INFO - Filling up the DagBag from /home/airflow/.local/lib/python3.7/site-packages/airflow/example_dags/example_skip_dag.py
[2023-04-14 01:24:53,299] {processor.py:651} INFO - DAG(s) dict_keys(['example_skip_dag']) retrieved from /home/airflow/.local/lib/python3.7/site-packages/airflow/example_dags/example_skip_dag.py
[2023-04-14 01:24:53,311] {logging_mixin.py:115} INFO - [2023-04-14 01:24:53,311] {dag.py:2371} INFO - Sync 1 DAGs
[2023-04-14 01:24:53,390] {logging_mixin.py:115} INFO - [2023-04-14 01:24:53,390] {dag.py:2919} INFO - Setting next_dagrun for example_skip_dag to 2023-04-13T01:24:53.390796+00:00, run_after=2023-04-14T01:24:53.390796+00:00
[2023-04-14 01:24:53,396] {processor.py:161} INFO - Processing /home/airflow/.local/lib/python3.7/site-packages/airflow/example_dags/example_skip_dag.py took 0.101 seconds
