[2023-04-14 01:12:02,761] {processor.py:153} INFO - Started process (PID=75) to work on /home/airflow/.local/lib/python3.7/site-packages/airflow/example_dags/example_subdag_operator.py
[2023-04-14 01:12:02,761] {processor.py:641} INFO - Processing file /home/airflow/.local/lib/python3.7/site-packages/airflow/example_dags/example_subdag_operator.py for tasks to queue
[2023-04-14 01:12:02,761] {logging_mixin.py:115} INFO - [2023-04-14 01:12:02,761] {dagbag.py:507} INFO - Filling up the DagBag from /home/airflow/.local/lib/python3.7/site-packages/airflow/example_dags/example_subdag_operator.py
[2023-04-14 01:12:02,773] {processor.py:651} INFO - DAG(s) dict_keys(['example_subdag_operator.section-1', 'example_subdag_operator.section-2', 'example_subdag_operator']) retrieved from /home/airflow/.local/lib/python3.7/site-packages/airflow/example_dags/example_subdag_operator.py
[2023-04-14 01:12:02,884] {logging_mixin.py:115} INFO - [2023-04-14 01:12:02,884] {manager.py:508} INFO - Created Permission View: can read on DAG:example_subdag_operator
[2023-04-14 01:12:02,888] {logging_mixin.py:115} INFO - [2023-04-14 01:12:02,888] {manager.py:508} INFO - Created Permission View: can delete on DAG:example_subdag_operator
[2023-04-14 01:12:02,892] {logging_mixin.py:115} INFO - [2023-04-14 01:12:02,892] {manager.py:508} INFO - Created Permission View: can edit on DAG:example_subdag_operator
[2023-04-14 01:12:02,892] {logging_mixin.py:115} INFO - [2023-04-14 01:12:02,892] {dag.py:2371} INFO - Sync 3 DAGs
[2023-04-14 01:12:02,896] {logging_mixin.py:115} INFO - [2023-04-14 01:12:02,896] {dag.py:2390} INFO - Creating ORM DAG for example_subdag_operator
[2023-04-14 01:12:02,896] {logging_mixin.py:115} INFO - [2023-04-14 01:12:02,896] {dag.py:2390} INFO - Creating ORM DAG for example_subdag_operator.section-1
[2023-04-14 01:12:02,896] {logging_mixin.py:115} INFO - [2023-04-14 01:12:02,896] {dag.py:2390} INFO - Creating ORM DAG for example_subdag_operator.section-2
[2023-04-14 01:12:02,902] {logging_mixin.py:115} INFO - [2023-04-14 01:12:02,901] {dag.py:2919} INFO - Setting next_dagrun for example_subdag_operator to 2023-04-12T00:00:00+00:00, run_after=2023-04-12T00:00:00+00:00
[2023-04-14 01:12:02,902] {logging_mixin.py:115} INFO - [2023-04-14 01:12:02,902] {dag.py:2919} INFO - Setting next_dagrun for example_subdag_operator.section-1 to None, run_after=None
[2023-04-14 01:12:02,902] {logging_mixin.py:115} INFO - [2023-04-14 01:12:02,902] {dag.py:2919} INFO - Setting next_dagrun for example_subdag_operator.section-2 to None, run_after=None
[2023-04-14 01:12:02,906] {logging_mixin.py:115} INFO - [2023-04-14 01:12:02,906] {dag.py:2371} INFO - Sync 2 DAGs
[2023-04-14 01:12:02,908] {logging_mixin.py:115} INFO - [2023-04-14 01:12:02,908] {dag.py:2919} INFO - Setting next_dagrun for example_subdag_operator.section-1 to None, run_after=None
[2023-04-14 01:12:02,908] {logging_mixin.py:115} INFO - [2023-04-14 01:12:02,908] {dag.py:2919} INFO - Setting next_dagrun for example_subdag_operator.section-2 to None, run_after=None
[2023-04-14 01:12:02,912] {processor.py:161} INFO - Processing /home/airflow/.local/lib/python3.7/site-packages/airflow/example_dags/example_subdag_operator.py took 0.153 seconds
[2023-04-14 01:12:33,225] {processor.py:153} INFO - Started process (PID=136) to work on /home/airflow/.local/lib/python3.7/site-packages/airflow/example_dags/example_subdag_operator.py
[2023-04-14 01:12:33,225] {processor.py:641} INFO - Processing file /home/airflow/.local/lib/python3.7/site-packages/airflow/example_dags/example_subdag_operator.py for tasks to queue
[2023-04-14 01:12:33,225] {logging_mixin.py:115} INFO - [2023-04-14 01:12:33,225] {dagbag.py:507} INFO - Filling up the DagBag from /home/airflow/.local/lib/python3.7/site-packages/airflow/example_dags/example_subdag_operator.py
[2023-04-14 01:12:33,237] {processor.py:651} INFO - DAG(s) dict_keys(['example_subdag_operator.section-1', 'example_subdag_operator.section-2', 'example_subdag_operator']) retrieved from /home/airflow/.local/lib/python3.7/site-packages/airflow/example_dags/example_subdag_operator.py
[2023-04-14 01:12:33,250] {logging_mixin.py:115} INFO - [2023-04-14 01:12:33,250] {dag.py:2371} INFO - Sync 3 DAGs
[2023-04-14 01:12:33,261] {logging_mixin.py:115} INFO - [2023-04-14 01:12:33,261] {dag.py:2919} INFO - Setting next_dagrun for example_subdag_operator to 2023-04-12T00:00:00+00:00, run_after=2023-04-12T00:00:00+00:00
[2023-04-14 01:12:33,261] {logging_mixin.py:115} INFO - [2023-04-14 01:12:33,261] {dag.py:2919} INFO - Setting next_dagrun for example_subdag_operator.section-1 to None, run_after=None
[2023-04-14 01:12:33,261] {logging_mixin.py:115} INFO - [2023-04-14 01:12:33,261] {dag.py:2919} INFO - Setting next_dagrun for example_subdag_operator.section-2 to None, run_after=None
[2023-04-14 01:12:33,324] {logging_mixin.py:115} INFO - [2023-04-14 01:12:33,324] {dag.py:2371} INFO - Sync 2 DAGs
[2023-04-14 01:12:33,326] {logging_mixin.py:115} INFO - [2023-04-14 01:12:33,326] {dag.py:2919} INFO - Setting next_dagrun for example_subdag_operator.section-1 to None, run_after=None
[2023-04-14 01:12:33,327] {logging_mixin.py:115} INFO - [2023-04-14 01:12:33,327] {dag.py:2919} INFO - Setting next_dagrun for example_subdag_operator.section-2 to None, run_after=None
[2023-04-14 01:12:33,333] {processor.py:161} INFO - Processing /home/airflow/.local/lib/python3.7/site-packages/airflow/example_dags/example_subdag_operator.py took 0.109 seconds
[2023-04-14 01:13:03,901] {processor.py:153} INFO - Started process (PID=197) to work on /home/airflow/.local/lib/python3.7/site-packages/airflow/example_dags/example_subdag_operator.py
[2023-04-14 01:13:03,902] {processor.py:641} INFO - Processing file /home/airflow/.local/lib/python3.7/site-packages/airflow/example_dags/example_subdag_operator.py for tasks to queue
[2023-04-14 01:13:03,902] {logging_mixin.py:115} INFO - [2023-04-14 01:13:03,902] {dagbag.py:507} INFO - Filling up the DagBag from /home/airflow/.local/lib/python3.7/site-packages/airflow/example_dags/example_subdag_operator.py
[2023-04-14 01:13:03,913] {processor.py:651} INFO - DAG(s) dict_keys(['example_subdag_operator.section-1', 'example_subdag_operator.section-2', 'example_subdag_operator']) retrieved from /home/airflow/.local/lib/python3.7/site-packages/airflow/example_dags/example_subdag_operator.py
[2023-04-14 01:13:03,927] {logging_mixin.py:115} INFO - [2023-04-14 01:13:03,927] {dag.py:2371} INFO - Sync 3 DAGs
[2023-04-14 01:13:03,938] {logging_mixin.py:115} INFO - [2023-04-14 01:13:03,938] {dag.py:2919} INFO - Setting next_dagrun for example_subdag_operator to 2023-04-12T00:00:00+00:00, run_after=2023-04-12T00:00:00+00:00
[2023-04-14 01:13:03,938] {logging_mixin.py:115} INFO - [2023-04-14 01:13:03,938] {dag.py:2919} INFO - Setting next_dagrun for example_subdag_operator.section-1 to None, run_after=None
[2023-04-14 01:13:03,938] {logging_mixin.py:115} INFO - [2023-04-14 01:13:03,938] {dag.py:2919} INFO - Setting next_dagrun for example_subdag_operator.section-2 to None, run_after=None
[2023-04-14 01:13:04,005] {logging_mixin.py:115} INFO - [2023-04-14 01:13:04,005] {dag.py:2371} INFO - Sync 2 DAGs
[2023-04-14 01:13:04,008] {logging_mixin.py:115} INFO - [2023-04-14 01:13:04,008] {dag.py:2919} INFO - Setting next_dagrun for example_subdag_operator.section-1 to None, run_after=None
[2023-04-14 01:13:04,008] {logging_mixin.py:115} INFO - [2023-04-14 01:13:04,008] {dag.py:2919} INFO - Setting next_dagrun for example_subdag_operator.section-2 to None, run_after=None
[2023-04-14 01:13:04,013] {processor.py:161} INFO - Processing /home/airflow/.local/lib/python3.7/site-packages/airflow/example_dags/example_subdag_operator.py took 0.112 seconds
[2023-04-14 01:13:34,476] {processor.py:153} INFO - Started process (PID=258) to work on /home/airflow/.local/lib/python3.7/site-packages/airflow/example_dags/example_subdag_operator.py
[2023-04-14 01:13:34,476] {processor.py:641} INFO - Processing file /home/airflow/.local/lib/python3.7/site-packages/airflow/example_dags/example_subdag_operator.py for tasks to queue
[2023-04-14 01:13:34,476] {logging_mixin.py:115} INFO - [2023-04-14 01:13:34,476] {dagbag.py:507} INFO - Filling up the DagBag from /home/airflow/.local/lib/python3.7/site-packages/airflow/example_dags/example_subdag_operator.py
[2023-04-14 01:13:34,487] {processor.py:651} INFO - DAG(s) dict_keys(['example_subdag_operator.section-1', 'example_subdag_operator.section-2', 'example_subdag_operator']) retrieved from /home/airflow/.local/lib/python3.7/site-packages/airflow/example_dags/example_subdag_operator.py
[2023-04-14 01:13:34,501] {logging_mixin.py:115} INFO - [2023-04-14 01:13:34,501] {dag.py:2371} INFO - Sync 3 DAGs
[2023-04-14 01:13:34,512] {logging_mixin.py:115} INFO - [2023-04-14 01:13:34,512] {dag.py:2919} INFO - Setting next_dagrun for example_subdag_operator to 2023-04-12T00:00:00+00:00, run_after=2023-04-12T00:00:00+00:00
[2023-04-14 01:13:34,512] {logging_mixin.py:115} INFO - [2023-04-14 01:13:34,512] {dag.py:2919} INFO - Setting next_dagrun for example_subdag_operator.section-1 to None, run_after=None
[2023-04-14 01:13:34,512] {logging_mixin.py:115} INFO - [2023-04-14 01:13:34,512] {dag.py:2919} INFO - Setting next_dagrun for example_subdag_operator.section-2 to None, run_after=None
[2023-04-14 01:13:34,577] {logging_mixin.py:115} INFO - [2023-04-14 01:13:34,577] {dag.py:2371} INFO - Sync 2 DAGs
[2023-04-14 01:13:34,580] {logging_mixin.py:115} INFO - [2023-04-14 01:13:34,580] {dag.py:2919} INFO - Setting next_dagrun for example_subdag_operator.section-1 to None, run_after=None
[2023-04-14 01:13:34,580] {logging_mixin.py:115} INFO - [2023-04-14 01:13:34,580] {dag.py:2919} INFO - Setting next_dagrun for example_subdag_operator.section-2 to None, run_after=None
[2023-04-14 01:13:34,585] {processor.py:161} INFO - Processing /home/airflow/.local/lib/python3.7/site-packages/airflow/example_dags/example_subdag_operator.py took 0.110 seconds
[2023-04-14 01:14:05,211] {processor.py:153} INFO - Started process (PID=319) to work on /home/airflow/.local/lib/python3.7/site-packages/airflow/example_dags/example_subdag_operator.py
[2023-04-14 01:14:05,211] {processor.py:641} INFO - Processing file /home/airflow/.local/lib/python3.7/site-packages/airflow/example_dags/example_subdag_operator.py for tasks to queue
[2023-04-14 01:14:05,211] {logging_mixin.py:115} INFO - [2023-04-14 01:14:05,211] {dagbag.py:507} INFO - Filling up the DagBag from /home/airflow/.local/lib/python3.7/site-packages/airflow/example_dags/example_subdag_operator.py
[2023-04-14 01:14:05,223] {processor.py:651} INFO - DAG(s) dict_keys(['example_subdag_operator.section-1', 'example_subdag_operator.section-2', 'example_subdag_operator']) retrieved from /home/airflow/.local/lib/python3.7/site-packages/airflow/example_dags/example_subdag_operator.py
[2023-04-14 01:14:05,237] {logging_mixin.py:115} INFO - [2023-04-14 01:14:05,237] {dag.py:2371} INFO - Sync 3 DAGs
[2023-04-14 01:14:05,248] {logging_mixin.py:115} INFO - [2023-04-14 01:14:05,248] {dag.py:2919} INFO - Setting next_dagrun for example_subdag_operator to 2023-04-12T00:00:00+00:00, run_after=2023-04-12T00:00:00+00:00
[2023-04-14 01:14:05,248] {logging_mixin.py:115} INFO - [2023-04-14 01:14:05,248] {dag.py:2919} INFO - Setting next_dagrun for example_subdag_operator.section-1 to None, run_after=None
[2023-04-14 01:14:05,248] {logging_mixin.py:115} INFO - [2023-04-14 01:14:05,248] {dag.py:2919} INFO - Setting next_dagrun for example_subdag_operator.section-2 to None, run_after=None
[2023-04-14 01:14:05,314] {logging_mixin.py:115} INFO - [2023-04-14 01:14:05,313] {dag.py:2371} INFO - Sync 2 DAGs
[2023-04-14 01:14:05,316] {logging_mixin.py:115} INFO - [2023-04-14 01:14:05,316] {dag.py:2919} INFO - Setting next_dagrun for example_subdag_operator.section-1 to None, run_after=None
[2023-04-14 01:14:05,316] {logging_mixin.py:115} INFO - [2023-04-14 01:14:05,316] {dag.py:2919} INFO - Setting next_dagrun for example_subdag_operator.section-2 to None, run_after=None
[2023-04-14 01:14:05,320] {processor.py:161} INFO - Processing /home/airflow/.local/lib/python3.7/site-packages/airflow/example_dags/example_subdag_operator.py took 0.111 seconds
[2023-04-14 01:14:35,947] {processor.py:153} INFO - Started process (PID=371) to work on /home/airflow/.local/lib/python3.7/site-packages/airflow/example_dags/example_subdag_operator.py
[2023-04-14 01:14:35,947] {processor.py:641} INFO - Processing file /home/airflow/.local/lib/python3.7/site-packages/airflow/example_dags/example_subdag_operator.py for tasks to queue
[2023-04-14 01:14:35,947] {logging_mixin.py:115} INFO - [2023-04-14 01:14:35,947] {dagbag.py:507} INFO - Filling up the DagBag from /home/airflow/.local/lib/python3.7/site-packages/airflow/example_dags/example_subdag_operator.py
[2023-04-14 01:14:35,959] {processor.py:651} INFO - DAG(s) dict_keys(['example_subdag_operator.section-1', 'example_subdag_operator.section-2', 'example_subdag_operator']) retrieved from /home/airflow/.local/lib/python3.7/site-packages/airflow/example_dags/example_subdag_operator.py
[2023-04-14 01:14:35,973] {logging_mixin.py:115} INFO - [2023-04-14 01:14:35,973] {dag.py:2371} INFO - Sync 3 DAGs
[2023-04-14 01:14:35,984] {logging_mixin.py:115} INFO - [2023-04-14 01:14:35,984] {dag.py:2919} INFO - Setting next_dagrun for example_subdag_operator to 2023-04-12T00:00:00+00:00, run_after=2023-04-12T00:00:00+00:00
[2023-04-14 01:14:35,984] {logging_mixin.py:115} INFO - [2023-04-14 01:14:35,984] {dag.py:2919} INFO - Setting next_dagrun for example_subdag_operator.section-1 to None, run_after=None
[2023-04-14 01:14:35,984] {logging_mixin.py:115} INFO - [2023-04-14 01:14:35,984] {dag.py:2919} INFO - Setting next_dagrun for example_subdag_operator.section-2 to None, run_after=None
[2023-04-14 01:14:36,053] {logging_mixin.py:115} INFO - [2023-04-14 01:14:36,052] {dag.py:2371} INFO - Sync 2 DAGs
[2023-04-14 01:14:36,055] {logging_mixin.py:115} INFO - [2023-04-14 01:14:36,055] {dag.py:2919} INFO - Setting next_dagrun for example_subdag_operator.section-1 to None, run_after=None
[2023-04-14 01:14:36,055] {logging_mixin.py:115} INFO - [2023-04-14 01:14:36,055] {dag.py:2919} INFO - Setting next_dagrun for example_subdag_operator.section-2 to None, run_after=None
[2023-04-14 01:14:36,060] {processor.py:161} INFO - Processing /home/airflow/.local/lib/python3.7/site-packages/airflow/example_dags/example_subdag_operator.py took 0.115 seconds
[2023-04-14 01:15:06,698] {processor.py:153} INFO - Started process (PID=432) to work on /home/airflow/.local/lib/python3.7/site-packages/airflow/example_dags/example_subdag_operator.py
[2023-04-14 01:15:06,698] {processor.py:641} INFO - Processing file /home/airflow/.local/lib/python3.7/site-packages/airflow/example_dags/example_subdag_operator.py for tasks to queue
[2023-04-14 01:15:06,699] {logging_mixin.py:115} INFO - [2023-04-14 01:15:06,699] {dagbag.py:507} INFO - Filling up the DagBag from /home/airflow/.local/lib/python3.7/site-packages/airflow/example_dags/example_subdag_operator.py
[2023-04-14 01:15:06,710] {processor.py:651} INFO - DAG(s) dict_keys(['example_subdag_operator.section-1', 'example_subdag_operator.section-2', 'example_subdag_operator']) retrieved from /home/airflow/.local/lib/python3.7/site-packages/airflow/example_dags/example_subdag_operator.py
[2023-04-14 01:15:06,723] {logging_mixin.py:115} INFO - [2023-04-14 01:15:06,723] {dag.py:2371} INFO - Sync 3 DAGs
[2023-04-14 01:15:06,734] {logging_mixin.py:115} INFO - [2023-04-14 01:15:06,734] {dag.py:2919} INFO - Setting next_dagrun for example_subdag_operator to 2023-04-12T00:00:00+00:00, run_after=2023-04-12T00:00:00+00:00
[2023-04-14 01:15:06,734] {logging_mixin.py:115} INFO - [2023-04-14 01:15:06,734] {dag.py:2919} INFO - Setting next_dagrun for example_subdag_operator.section-1 to None, run_after=None
[2023-04-14 01:15:06,735] {logging_mixin.py:115} INFO - [2023-04-14 01:15:06,735] {dag.py:2919} INFO - Setting next_dagrun for example_subdag_operator.section-2 to None, run_after=None
[2023-04-14 01:15:06,802] {logging_mixin.py:115} INFO - [2023-04-14 01:15:06,802] {dag.py:2371} INFO - Sync 2 DAGs
[2023-04-14 01:15:06,805] {logging_mixin.py:115} INFO - [2023-04-14 01:15:06,805] {dag.py:2919} INFO - Setting next_dagrun for example_subdag_operator.section-1 to None, run_after=None
[2023-04-14 01:15:06,805] {logging_mixin.py:115} INFO - [2023-04-14 01:15:06,805] {dag.py:2919} INFO - Setting next_dagrun for example_subdag_operator.section-2 to None, run_after=None
[2023-04-14 01:15:06,809] {processor.py:161} INFO - Processing /home/airflow/.local/lib/python3.7/site-packages/airflow/example_dags/example_subdag_operator.py took 0.113 seconds
[2023-04-14 01:15:37,393] {processor.py:153} INFO - Started process (PID=493) to work on /home/airflow/.local/lib/python3.7/site-packages/airflow/example_dags/example_subdag_operator.py
[2023-04-14 01:15:37,393] {processor.py:641} INFO - Processing file /home/airflow/.local/lib/python3.7/site-packages/airflow/example_dags/example_subdag_operator.py for tasks to queue
[2023-04-14 01:15:37,393] {logging_mixin.py:115} INFO - [2023-04-14 01:15:37,393] {dagbag.py:507} INFO - Filling up the DagBag from /home/airflow/.local/lib/python3.7/site-packages/airflow/example_dags/example_subdag_operator.py
[2023-04-14 01:15:37,404] {processor.py:651} INFO - DAG(s) dict_keys(['example_subdag_operator.section-1', 'example_subdag_operator.section-2', 'example_subdag_operator']) retrieved from /home/airflow/.local/lib/python3.7/site-packages/airflow/example_dags/example_subdag_operator.py
[2023-04-14 01:15:37,419] {logging_mixin.py:115} INFO - [2023-04-14 01:15:37,419] {dag.py:2371} INFO - Sync 3 DAGs
[2023-04-14 01:15:37,430] {logging_mixin.py:115} INFO - [2023-04-14 01:15:37,430] {dag.py:2919} INFO - Setting next_dagrun for example_subdag_operator to 2023-04-12T00:00:00+00:00, run_after=2023-04-12T00:00:00+00:00
[2023-04-14 01:15:37,430] {logging_mixin.py:115} INFO - [2023-04-14 01:15:37,430] {dag.py:2919} INFO - Setting next_dagrun for example_subdag_operator.section-1 to None, run_after=None
[2023-04-14 01:15:37,430] {logging_mixin.py:115} INFO - [2023-04-14 01:15:37,430] {dag.py:2919} INFO - Setting next_dagrun for example_subdag_operator.section-2 to None, run_after=None
[2023-04-14 01:15:37,498] {logging_mixin.py:115} INFO - [2023-04-14 01:15:37,497] {dag.py:2371} INFO - Sync 2 DAGs
[2023-04-14 01:15:37,500] {logging_mixin.py:115} INFO - [2023-04-14 01:15:37,500] {dag.py:2919} INFO - Setting next_dagrun for example_subdag_operator.section-1 to None, run_after=None
[2023-04-14 01:15:37,500] {logging_mixin.py:115} INFO - [2023-04-14 01:15:37,500] {dag.py:2919} INFO - Setting next_dagrun for example_subdag_operator.section-2 to None, run_after=None
[2023-04-14 01:15:37,505] {processor.py:161} INFO - Processing /home/airflow/.local/lib/python3.7/site-packages/airflow/example_dags/example_subdag_operator.py took 0.114 seconds
[2023-04-14 01:16:08,005] {processor.py:153} INFO - Started process (PID=554) to work on /home/airflow/.local/lib/python3.7/site-packages/airflow/example_dags/example_subdag_operator.py
[2023-04-14 01:16:08,006] {processor.py:641} INFO - Processing file /home/airflow/.local/lib/python3.7/site-packages/airflow/example_dags/example_subdag_operator.py for tasks to queue
[2023-04-14 01:16:08,006] {logging_mixin.py:115} INFO - [2023-04-14 01:16:08,006] {dagbag.py:507} INFO - Filling up the DagBag from /home/airflow/.local/lib/python3.7/site-packages/airflow/example_dags/example_subdag_operator.py
[2023-04-14 01:16:08,018] {processor.py:651} INFO - DAG(s) dict_keys(['example_subdag_operator.section-1', 'example_subdag_operator.section-2', 'example_subdag_operator']) retrieved from /home/airflow/.local/lib/python3.7/site-packages/airflow/example_dags/example_subdag_operator.py
[2023-04-14 01:16:08,032] {logging_mixin.py:115} INFO - [2023-04-14 01:16:08,032] {dag.py:2371} INFO - Sync 3 DAGs
[2023-04-14 01:16:08,043] {logging_mixin.py:115} INFO - [2023-04-14 01:16:08,043] {dag.py:2919} INFO - Setting next_dagrun for example_subdag_operator to 2023-04-12T00:00:00+00:00, run_after=2023-04-12T00:00:00+00:00
[2023-04-14 01:16:08,043] {logging_mixin.py:115} INFO - [2023-04-14 01:16:08,043] {dag.py:2919} INFO - Setting next_dagrun for example_subdag_operator.section-1 to None, run_after=None
[2023-04-14 01:16:08,043] {logging_mixin.py:115} INFO - [2023-04-14 01:16:08,043] {dag.py:2919} INFO - Setting next_dagrun for example_subdag_operator.section-2 to None, run_after=None
[2023-04-14 01:16:08,119] {logging_mixin.py:115} INFO - [2023-04-14 01:16:08,119] {dag.py:2371} INFO - Sync 2 DAGs
[2023-04-14 01:16:08,122] {logging_mixin.py:115} INFO - [2023-04-14 01:16:08,122] {dag.py:2919} INFO - Setting next_dagrun for example_subdag_operator.section-1 to None, run_after=None
[2023-04-14 01:16:08,122] {logging_mixin.py:115} INFO - [2023-04-14 01:16:08,122] {dag.py:2919} INFO - Setting next_dagrun for example_subdag_operator.section-2 to None, run_after=None
[2023-04-14 01:16:08,129] {processor.py:161} INFO - Processing /home/airflow/.local/lib/python3.7/site-packages/airflow/example_dags/example_subdag_operator.py took 0.125 seconds
[2023-04-14 01:16:38,684] {processor.py:153} INFO - Started process (PID=615) to work on /home/airflow/.local/lib/python3.7/site-packages/airflow/example_dags/example_subdag_operator.py
[2023-04-14 01:16:38,684] {processor.py:641} INFO - Processing file /home/airflow/.local/lib/python3.7/site-packages/airflow/example_dags/example_subdag_operator.py for tasks to queue
[2023-04-14 01:16:38,685] {logging_mixin.py:115} INFO - [2023-04-14 01:16:38,685] {dagbag.py:507} INFO - Filling up the DagBag from /home/airflow/.local/lib/python3.7/site-packages/airflow/example_dags/example_subdag_operator.py
[2023-04-14 01:16:38,695] {processor.py:651} INFO - DAG(s) dict_keys(['example_subdag_operator.section-1', 'example_subdag_operator.section-2', 'example_subdag_operator']) retrieved from /home/airflow/.local/lib/python3.7/site-packages/airflow/example_dags/example_subdag_operator.py
[2023-04-14 01:16:38,709] {logging_mixin.py:115} INFO - [2023-04-14 01:16:38,709] {dag.py:2371} INFO - Sync 3 DAGs
[2023-04-14 01:16:38,720] {logging_mixin.py:115} INFO - [2023-04-14 01:16:38,720] {dag.py:2919} INFO - Setting next_dagrun for example_subdag_operator to 2023-04-12T00:00:00+00:00, run_after=2023-04-12T00:00:00+00:00
[2023-04-14 01:16:38,720] {logging_mixin.py:115} INFO - [2023-04-14 01:16:38,720] {dag.py:2919} INFO - Setting next_dagrun for example_subdag_operator.section-1 to None, run_after=None
[2023-04-14 01:16:38,720] {logging_mixin.py:115} INFO - [2023-04-14 01:16:38,720] {dag.py:2919} INFO - Setting next_dagrun for example_subdag_operator.section-2 to None, run_after=None
[2023-04-14 01:16:38,786] {logging_mixin.py:115} INFO - [2023-04-14 01:16:38,786] {dag.py:2371} INFO - Sync 2 DAGs
[2023-04-14 01:16:38,789] {logging_mixin.py:115} INFO - [2023-04-14 01:16:38,789] {dag.py:2919} INFO - Setting next_dagrun for example_subdag_operator.section-1 to None, run_after=None
[2023-04-14 01:16:38,789] {logging_mixin.py:115} INFO - [2023-04-14 01:16:38,789] {dag.py:2919} INFO - Setting next_dagrun for example_subdag_operator.section-2 to None, run_after=None
[2023-04-14 01:16:38,793] {processor.py:161} INFO - Processing /home/airflow/.local/lib/python3.7/site-packages/airflow/example_dags/example_subdag_operator.py took 0.110 seconds
[2023-04-14 01:17:09,450] {processor.py:153} INFO - Started process (PID=676) to work on /home/airflow/.local/lib/python3.7/site-packages/airflow/example_dags/example_subdag_operator.py
[2023-04-14 01:17:09,450] {processor.py:641} INFO - Processing file /home/airflow/.local/lib/python3.7/site-packages/airflow/example_dags/example_subdag_operator.py for tasks to queue
[2023-04-14 01:17:09,450] {logging_mixin.py:115} INFO - [2023-04-14 01:17:09,450] {dagbag.py:507} INFO - Filling up the DagBag from /home/airflow/.local/lib/python3.7/site-packages/airflow/example_dags/example_subdag_operator.py
[2023-04-14 01:17:09,461] {processor.py:651} INFO - DAG(s) dict_keys(['example_subdag_operator.section-1', 'example_subdag_operator.section-2', 'example_subdag_operator']) retrieved from /home/airflow/.local/lib/python3.7/site-packages/airflow/example_dags/example_subdag_operator.py
[2023-04-14 01:17:09,474] {logging_mixin.py:115} INFO - [2023-04-14 01:17:09,474] {dag.py:2371} INFO - Sync 3 DAGs
[2023-04-14 01:17:09,549] {logging_mixin.py:115} INFO - [2023-04-14 01:17:09,549] {dag.py:2919} INFO - Setting next_dagrun for example_subdag_operator to 2023-04-12T00:00:00+00:00, run_after=2023-04-12T00:00:00+00:00
[2023-04-14 01:17:09,549] {logging_mixin.py:115} INFO - [2023-04-14 01:17:09,549] {dag.py:2919} INFO - Setting next_dagrun for example_subdag_operator.section-1 to None, run_after=None
[2023-04-14 01:17:09,549] {logging_mixin.py:115} INFO - [2023-04-14 01:17:09,549] {dag.py:2919} INFO - Setting next_dagrun for example_subdag_operator.section-2 to None, run_after=None
[2023-04-14 01:17:09,552] {logging_mixin.py:115} INFO - [2023-04-14 01:17:09,552] {dag.py:2371} INFO - Sync 2 DAGs
[2023-04-14 01:17:09,554] {logging_mixin.py:115} INFO - [2023-04-14 01:17:09,554] {dag.py:2919} INFO - Setting next_dagrun for example_subdag_operator.section-1 to None, run_after=None
[2023-04-14 01:17:09,554] {logging_mixin.py:115} INFO - [2023-04-14 01:17:09,554] {dag.py:2919} INFO - Setting next_dagrun for example_subdag_operator.section-2 to None, run_after=None
[2023-04-14 01:17:09,559] {processor.py:161} INFO - Processing /home/airflow/.local/lib/python3.7/site-packages/airflow/example_dags/example_subdag_operator.py took 0.111 seconds
[2023-04-14 01:17:40,337] {processor.py:153} INFO - Started process (PID=737) to work on /home/airflow/.local/lib/python3.7/site-packages/airflow/example_dags/example_subdag_operator.py
[2023-04-14 01:17:40,337] {processor.py:641} INFO - Processing file /home/airflow/.local/lib/python3.7/site-packages/airflow/example_dags/example_subdag_operator.py for tasks to queue
[2023-04-14 01:17:40,337] {logging_mixin.py:115} INFO - [2023-04-14 01:17:40,337] {dagbag.py:507} INFO - Filling up the DagBag from /home/airflow/.local/lib/python3.7/site-packages/airflow/example_dags/example_subdag_operator.py
[2023-04-14 01:17:40,349] {processor.py:651} INFO - DAG(s) dict_keys(['example_subdag_operator.section-1', 'example_subdag_operator.section-2', 'example_subdag_operator']) retrieved from /home/airflow/.local/lib/python3.7/site-packages/airflow/example_dags/example_subdag_operator.py
[2023-04-14 01:17:40,364] {logging_mixin.py:115} INFO - [2023-04-14 01:17:40,364] {dag.py:2371} INFO - Sync 3 DAGs
[2023-04-14 01:17:40,440] {logging_mixin.py:115} INFO - [2023-04-14 01:17:40,440] {dag.py:2919} INFO - Setting next_dagrun for example_subdag_operator to 2023-04-12T00:00:00+00:00, run_after=2023-04-12T00:00:00+00:00
[2023-04-14 01:17:40,440] {logging_mixin.py:115} INFO - [2023-04-14 01:17:40,440] {dag.py:2919} INFO - Setting next_dagrun for example_subdag_operator.section-1 to None, run_after=None
[2023-04-14 01:17:40,440] {logging_mixin.py:115} INFO - [2023-04-14 01:17:40,440] {dag.py:2919} INFO - Setting next_dagrun for example_subdag_operator.section-2 to None, run_after=None
[2023-04-14 01:17:40,443] {logging_mixin.py:115} INFO - [2023-04-14 01:17:40,443] {dag.py:2371} INFO - Sync 2 DAGs
[2023-04-14 01:17:40,445] {logging_mixin.py:115} INFO - [2023-04-14 01:17:40,445] {dag.py:2919} INFO - Setting next_dagrun for example_subdag_operator.section-1 to None, run_after=None
[2023-04-14 01:17:40,445] {logging_mixin.py:115} INFO - [2023-04-14 01:17:40,445] {dag.py:2919} INFO - Setting next_dagrun for example_subdag_operator.section-2 to None, run_after=None
[2023-04-14 01:17:40,449] {processor.py:161} INFO - Processing /home/airflow/.local/lib/python3.7/site-packages/airflow/example_dags/example_subdag_operator.py took 0.114 seconds
[2023-04-14 01:18:11,297] {processor.py:153} INFO - Started process (PID=789) to work on /home/airflow/.local/lib/python3.7/site-packages/airflow/example_dags/example_subdag_operator.py
[2023-04-14 01:18:11,298] {processor.py:641} INFO - Processing file /home/airflow/.local/lib/python3.7/site-packages/airflow/example_dags/example_subdag_operator.py for tasks to queue
[2023-04-14 01:18:11,298] {logging_mixin.py:115} INFO - [2023-04-14 01:18:11,298] {dagbag.py:507} INFO - Filling up the DagBag from /home/airflow/.local/lib/python3.7/site-packages/airflow/example_dags/example_subdag_operator.py
[2023-04-14 01:18:11,308] {processor.py:651} INFO - DAG(s) dict_keys(['example_subdag_operator.section-1', 'example_subdag_operator.section-2', 'example_subdag_operator']) retrieved from /home/airflow/.local/lib/python3.7/site-packages/airflow/example_dags/example_subdag_operator.py
[2023-04-14 01:18:11,322] {logging_mixin.py:115} INFO - [2023-04-14 01:18:11,322] {dag.py:2371} INFO - Sync 3 DAGs
[2023-04-14 01:18:11,398] {logging_mixin.py:115} INFO - [2023-04-14 01:18:11,398] {dag.py:2919} INFO - Setting next_dagrun for example_subdag_operator to 2023-04-12T00:00:00+00:00, run_after=2023-04-12T00:00:00+00:00
[2023-04-14 01:18:11,398] {logging_mixin.py:115} INFO - [2023-04-14 01:18:11,398] {dag.py:2919} INFO - Setting next_dagrun for example_subdag_operator.section-1 to None, run_after=None
[2023-04-14 01:18:11,398] {logging_mixin.py:115} INFO - [2023-04-14 01:18:11,398] {dag.py:2919} INFO - Setting next_dagrun for example_subdag_operator.section-2 to None, run_after=None
[2023-04-14 01:18:11,401] {logging_mixin.py:115} INFO - [2023-04-14 01:18:11,401] {dag.py:2371} INFO - Sync 2 DAGs
[2023-04-14 01:18:11,403] {logging_mixin.py:115} INFO - [2023-04-14 01:18:11,403] {dag.py:2919} INFO - Setting next_dagrun for example_subdag_operator.section-1 to None, run_after=None
[2023-04-14 01:18:11,403] {logging_mixin.py:115} INFO - [2023-04-14 01:18:11,403] {dag.py:2919} INFO - Setting next_dagrun for example_subdag_operator.section-2 to None, run_after=None
[2023-04-14 01:18:11,407] {processor.py:161} INFO - Processing /home/airflow/.local/lib/python3.7/site-packages/airflow/example_dags/example_subdag_operator.py took 0.111 seconds
[2023-04-14 01:18:42,374] {processor.py:153} INFO - Started process (PID=850) to work on /home/airflow/.local/lib/python3.7/site-packages/airflow/example_dags/example_subdag_operator.py
[2023-04-14 01:18:42,375] {processor.py:641} INFO - Processing file /home/airflow/.local/lib/python3.7/site-packages/airflow/example_dags/example_subdag_operator.py for tasks to queue
[2023-04-14 01:18:42,375] {logging_mixin.py:115} INFO - [2023-04-14 01:18:42,375] {dagbag.py:507} INFO - Filling up the DagBag from /home/airflow/.local/lib/python3.7/site-packages/airflow/example_dags/example_subdag_operator.py
[2023-04-14 01:18:42,386] {processor.py:651} INFO - DAG(s) dict_keys(['example_subdag_operator.section-1', 'example_subdag_operator.section-2', 'example_subdag_operator']) retrieved from /home/airflow/.local/lib/python3.7/site-packages/airflow/example_dags/example_subdag_operator.py
[2023-04-14 01:18:42,401] {logging_mixin.py:115} INFO - [2023-04-14 01:18:42,400] {dag.py:2371} INFO - Sync 3 DAGs
[2023-04-14 01:18:42,475] {logging_mixin.py:115} INFO - [2023-04-14 01:18:42,475] {dag.py:2919} INFO - Setting next_dagrun for example_subdag_operator to 2023-04-12T00:00:00+00:00, run_after=2023-04-12T00:00:00+00:00
[2023-04-14 01:18:42,475] {logging_mixin.py:115} INFO - [2023-04-14 01:18:42,475] {dag.py:2919} INFO - Setting next_dagrun for example_subdag_operator.section-1 to None, run_after=None
[2023-04-14 01:18:42,475] {logging_mixin.py:115} INFO - [2023-04-14 01:18:42,475] {dag.py:2919} INFO - Setting next_dagrun for example_subdag_operator.section-2 to None, run_after=None
[2023-04-14 01:18:42,478] {logging_mixin.py:115} INFO - [2023-04-14 01:18:42,478] {dag.py:2371} INFO - Sync 2 DAGs
[2023-04-14 01:18:42,481] {logging_mixin.py:115} INFO - [2023-04-14 01:18:42,481] {dag.py:2919} INFO - Setting next_dagrun for example_subdag_operator.section-1 to None, run_after=None
[2023-04-14 01:18:42,481] {logging_mixin.py:115} INFO - [2023-04-14 01:18:42,481] {dag.py:2919} INFO - Setting next_dagrun for example_subdag_operator.section-2 to None, run_after=None
[2023-04-14 01:18:42,484] {processor.py:161} INFO - Processing /home/airflow/.local/lib/python3.7/site-packages/airflow/example_dags/example_subdag_operator.py took 0.112 seconds
[2023-04-14 01:19:13,314] {processor.py:153} INFO - Started process (PID=911) to work on /home/airflow/.local/lib/python3.7/site-packages/airflow/example_dags/example_subdag_operator.py
[2023-04-14 01:19:13,315] {processor.py:641} INFO - Processing file /home/airflow/.local/lib/python3.7/site-packages/airflow/example_dags/example_subdag_operator.py for tasks to queue
[2023-04-14 01:19:13,315] {logging_mixin.py:115} INFO - [2023-04-14 01:19:13,315] {dagbag.py:507} INFO - Filling up the DagBag from /home/airflow/.local/lib/python3.7/site-packages/airflow/example_dags/example_subdag_operator.py
[2023-04-14 01:19:13,326] {processor.py:651} INFO - DAG(s) dict_keys(['example_subdag_operator.section-1', 'example_subdag_operator.section-2', 'example_subdag_operator']) retrieved from /home/airflow/.local/lib/python3.7/site-packages/airflow/example_dags/example_subdag_operator.py
[2023-04-14 01:19:13,341] {logging_mixin.py:115} INFO - [2023-04-14 01:19:13,341] {dag.py:2371} INFO - Sync 3 DAGs
[2023-04-14 01:19:13,418] {logging_mixin.py:115} INFO - [2023-04-14 01:19:13,418] {dag.py:2919} INFO - Setting next_dagrun for example_subdag_operator to 2023-04-12T00:00:00+00:00, run_after=2023-04-12T00:00:00+00:00
[2023-04-14 01:19:13,419] {logging_mixin.py:115} INFO - [2023-04-14 01:19:13,419] {dag.py:2919} INFO - Setting next_dagrun for example_subdag_operator.section-1 to None, run_after=None
[2023-04-14 01:19:13,419] {logging_mixin.py:115} INFO - [2023-04-14 01:19:13,419] {dag.py:2919} INFO - Setting next_dagrun for example_subdag_operator.section-2 to None, run_after=None
[2023-04-14 01:19:13,422] {logging_mixin.py:115} INFO - [2023-04-14 01:19:13,422] {dag.py:2371} INFO - Sync 2 DAGs
[2023-04-14 01:19:13,424] {logging_mixin.py:115} INFO - [2023-04-14 01:19:13,424] {dag.py:2919} INFO - Setting next_dagrun for example_subdag_operator.section-1 to None, run_after=None
[2023-04-14 01:19:13,424] {logging_mixin.py:115} INFO - [2023-04-14 01:19:13,424] {dag.py:2919} INFO - Setting next_dagrun for example_subdag_operator.section-2 to None, run_after=None
[2023-04-14 01:19:13,428] {processor.py:161} INFO - Processing /home/airflow/.local/lib/python3.7/site-packages/airflow/example_dags/example_subdag_operator.py took 0.115 seconds
[2023-04-14 01:19:44,294] {processor.py:153} INFO - Started process (PID=972) to work on /home/airflow/.local/lib/python3.7/site-packages/airflow/example_dags/example_subdag_operator.py
[2023-04-14 01:19:44,294] {processor.py:641} INFO - Processing file /home/airflow/.local/lib/python3.7/site-packages/airflow/example_dags/example_subdag_operator.py for tasks to queue
[2023-04-14 01:19:44,295] {logging_mixin.py:115} INFO - [2023-04-14 01:19:44,295] {dagbag.py:507} INFO - Filling up the DagBag from /home/airflow/.local/lib/python3.7/site-packages/airflow/example_dags/example_subdag_operator.py
[2023-04-14 01:19:44,305] {processor.py:651} INFO - DAG(s) dict_keys(['example_subdag_operator.section-1', 'example_subdag_operator.section-2', 'example_subdag_operator']) retrieved from /home/airflow/.local/lib/python3.7/site-packages/airflow/example_dags/example_subdag_operator.py
[2023-04-14 01:19:44,319] {logging_mixin.py:115} INFO - [2023-04-14 01:19:44,319] {dag.py:2371} INFO - Sync 3 DAGs
[2023-04-14 01:19:44,395] {logging_mixin.py:115} INFO - [2023-04-14 01:19:44,395] {dag.py:2919} INFO - Setting next_dagrun for example_subdag_operator to 2023-04-12T00:00:00+00:00, run_after=2023-04-12T00:00:00+00:00
[2023-04-14 01:19:44,395] {logging_mixin.py:115} INFO - [2023-04-14 01:19:44,395] {dag.py:2919} INFO - Setting next_dagrun for example_subdag_operator.section-1 to None, run_after=None
[2023-04-14 01:19:44,395] {logging_mixin.py:115} INFO - [2023-04-14 01:19:44,395] {dag.py:2919} INFO - Setting next_dagrun for example_subdag_operator.section-2 to None, run_after=None
[2023-04-14 01:19:44,398] {logging_mixin.py:115} INFO - [2023-04-14 01:19:44,398] {dag.py:2371} INFO - Sync 2 DAGs
[2023-04-14 01:19:44,400] {logging_mixin.py:115} INFO - [2023-04-14 01:19:44,400] {dag.py:2919} INFO - Setting next_dagrun for example_subdag_operator.section-1 to None, run_after=None
[2023-04-14 01:19:44,400] {logging_mixin.py:115} INFO - [2023-04-14 01:19:44,400] {dag.py:2919} INFO - Setting next_dagrun for example_subdag_operator.section-2 to None, run_after=None
[2023-04-14 01:19:44,404] {processor.py:161} INFO - Processing /home/airflow/.local/lib/python3.7/site-packages/airflow/example_dags/example_subdag_operator.py took 0.112 seconds
[2023-04-14 01:20:15,298] {processor.py:153} INFO - Started process (PID=1033) to work on /home/airflow/.local/lib/python3.7/site-packages/airflow/example_dags/example_subdag_operator.py
[2023-04-14 01:20:15,298] {processor.py:641} INFO - Processing file /home/airflow/.local/lib/python3.7/site-packages/airflow/example_dags/example_subdag_operator.py for tasks to queue
[2023-04-14 01:20:15,298] {logging_mixin.py:115} INFO - [2023-04-14 01:20:15,298] {dagbag.py:507} INFO - Filling up the DagBag from /home/airflow/.local/lib/python3.7/site-packages/airflow/example_dags/example_subdag_operator.py
[2023-04-14 01:20:15,312] {processor.py:651} INFO - DAG(s) dict_keys(['example_subdag_operator.section-1', 'example_subdag_operator.section-2', 'example_subdag_operator']) retrieved from /home/airflow/.local/lib/python3.7/site-packages/airflow/example_dags/example_subdag_operator.py
[2023-04-14 01:20:15,327] {logging_mixin.py:115} INFO - [2023-04-14 01:20:15,327] {dag.py:2371} INFO - Sync 3 DAGs
[2023-04-14 01:20:15,401] {logging_mixin.py:115} INFO - [2023-04-14 01:20:15,401] {dag.py:2919} INFO - Setting next_dagrun for example_subdag_operator to 2023-04-12T00:00:00+00:00, run_after=2023-04-12T00:00:00+00:00
[2023-04-14 01:20:15,401] {logging_mixin.py:115} INFO - [2023-04-14 01:20:15,401] {dag.py:2919} INFO - Setting next_dagrun for example_subdag_operator.section-1 to None, run_after=None
[2023-04-14 01:20:15,401] {logging_mixin.py:115} INFO - [2023-04-14 01:20:15,401] {dag.py:2919} INFO - Setting next_dagrun for example_subdag_operator.section-2 to None, run_after=None
[2023-04-14 01:20:15,404] {logging_mixin.py:115} INFO - [2023-04-14 01:20:15,404] {dag.py:2371} INFO - Sync 2 DAGs
[2023-04-14 01:20:15,406] {logging_mixin.py:115} INFO - [2023-04-14 01:20:15,406] {dag.py:2919} INFO - Setting next_dagrun for example_subdag_operator.section-1 to None, run_after=None
[2023-04-14 01:20:15,406] {logging_mixin.py:115} INFO - [2023-04-14 01:20:15,406] {dag.py:2919} INFO - Setting next_dagrun for example_subdag_operator.section-2 to None, run_after=None
[2023-04-14 01:20:15,413] {processor.py:161} INFO - Processing /home/airflow/.local/lib/python3.7/site-packages/airflow/example_dags/example_subdag_operator.py took 0.117 seconds
[2023-04-14 01:20:46,166] {processor.py:153} INFO - Started process (PID=1094) to work on /home/airflow/.local/lib/python3.7/site-packages/airflow/example_dags/example_subdag_operator.py
[2023-04-14 01:20:46,167] {processor.py:641} INFO - Processing file /home/airflow/.local/lib/python3.7/site-packages/airflow/example_dags/example_subdag_operator.py for tasks to queue
[2023-04-14 01:20:46,167] {logging_mixin.py:115} INFO - [2023-04-14 01:20:46,167] {dagbag.py:507} INFO - Filling up the DagBag from /home/airflow/.local/lib/python3.7/site-packages/airflow/example_dags/example_subdag_operator.py
[2023-04-14 01:20:46,178] {processor.py:651} INFO - DAG(s) dict_keys(['example_subdag_operator.section-1', 'example_subdag_operator.section-2', 'example_subdag_operator']) retrieved from /home/airflow/.local/lib/python3.7/site-packages/airflow/example_dags/example_subdag_operator.py
[2023-04-14 01:20:46,192] {logging_mixin.py:115} INFO - [2023-04-14 01:20:46,192] {dag.py:2371} INFO - Sync 3 DAGs
[2023-04-14 01:20:46,266] {logging_mixin.py:115} INFO - [2023-04-14 01:20:46,266] {dag.py:2919} INFO - Setting next_dagrun for example_subdag_operator to 2023-04-12T00:00:00+00:00, run_after=2023-04-12T00:00:00+00:00
[2023-04-14 01:20:46,266] {logging_mixin.py:115} INFO - [2023-04-14 01:20:46,266] {dag.py:2919} INFO - Setting next_dagrun for example_subdag_operator.section-1 to None, run_after=None
[2023-04-14 01:20:46,266] {logging_mixin.py:115} INFO - [2023-04-14 01:20:46,266] {dag.py:2919} INFO - Setting next_dagrun for example_subdag_operator.section-2 to None, run_after=None
[2023-04-14 01:20:46,269] {logging_mixin.py:115} INFO - [2023-04-14 01:20:46,269] {dag.py:2371} INFO - Sync 2 DAGs
[2023-04-14 01:20:46,271] {logging_mixin.py:115} INFO - [2023-04-14 01:20:46,271] {dag.py:2919} INFO - Setting next_dagrun for example_subdag_operator.section-1 to None, run_after=None
[2023-04-14 01:20:46,271] {logging_mixin.py:115} INFO - [2023-04-14 01:20:46,271] {dag.py:2919} INFO - Setting next_dagrun for example_subdag_operator.section-2 to None, run_after=None
[2023-04-14 01:20:46,275] {processor.py:161} INFO - Processing /home/airflow/.local/lib/python3.7/site-packages/airflow/example_dags/example_subdag_operator.py took 0.110 seconds
[2023-04-14 01:21:17,078] {processor.py:153} INFO - Started process (PID=1155) to work on /home/airflow/.local/lib/python3.7/site-packages/airflow/example_dags/example_subdag_operator.py
[2023-04-14 01:21:17,078] {processor.py:641} INFO - Processing file /home/airflow/.local/lib/python3.7/site-packages/airflow/example_dags/example_subdag_operator.py for tasks to queue
[2023-04-14 01:21:17,078] {logging_mixin.py:115} INFO - [2023-04-14 01:21:17,078] {dagbag.py:507} INFO - Filling up the DagBag from /home/airflow/.local/lib/python3.7/site-packages/airflow/example_dags/example_subdag_operator.py
[2023-04-14 01:21:17,090] {processor.py:651} INFO - DAG(s) dict_keys(['example_subdag_operator.section-1', 'example_subdag_operator.section-2', 'example_subdag_operator']) retrieved from /home/airflow/.local/lib/python3.7/site-packages/airflow/example_dags/example_subdag_operator.py
[2023-04-14 01:21:17,104] {logging_mixin.py:115} INFO - [2023-04-14 01:21:17,104] {dag.py:2371} INFO - Sync 3 DAGs
[2023-04-14 01:21:17,179] {logging_mixin.py:115} INFO - [2023-04-14 01:21:17,179] {dag.py:2919} INFO - Setting next_dagrun for example_subdag_operator to 2023-04-12T00:00:00+00:00, run_after=2023-04-12T00:00:00+00:00
[2023-04-14 01:21:17,180] {logging_mixin.py:115} INFO - [2023-04-14 01:21:17,179] {dag.py:2919} INFO - Setting next_dagrun for example_subdag_operator.section-1 to None, run_after=None
[2023-04-14 01:21:17,180] {logging_mixin.py:115} INFO - [2023-04-14 01:21:17,180] {dag.py:2919} INFO - Setting next_dagrun for example_subdag_operator.section-2 to None, run_after=None
[2023-04-14 01:21:17,182] {logging_mixin.py:115} INFO - [2023-04-14 01:21:17,182] {dag.py:2371} INFO - Sync 2 DAGs
[2023-04-14 01:21:17,185] {logging_mixin.py:115} INFO - [2023-04-14 01:21:17,185] {dag.py:2919} INFO - Setting next_dagrun for example_subdag_operator.section-1 to None, run_after=None
[2023-04-14 01:21:17,185] {logging_mixin.py:115} INFO - [2023-04-14 01:21:17,185] {dag.py:2919} INFO - Setting next_dagrun for example_subdag_operator.section-2 to None, run_after=None
[2023-04-14 01:21:17,188] {processor.py:161} INFO - Processing /home/airflow/.local/lib/python3.7/site-packages/airflow/example_dags/example_subdag_operator.py took 0.112 seconds
[2023-04-14 01:21:47,943] {processor.py:153} INFO - Started process (PID=1216) to work on /home/airflow/.local/lib/python3.7/site-packages/airflow/example_dags/example_subdag_operator.py
[2023-04-14 01:21:47,944] {processor.py:641} INFO - Processing file /home/airflow/.local/lib/python3.7/site-packages/airflow/example_dags/example_subdag_operator.py for tasks to queue
[2023-04-14 01:21:47,944] {logging_mixin.py:115} INFO - [2023-04-14 01:21:47,944] {dagbag.py:507} INFO - Filling up the DagBag from /home/airflow/.local/lib/python3.7/site-packages/airflow/example_dags/example_subdag_operator.py
[2023-04-14 01:21:47,955] {processor.py:651} INFO - DAG(s) dict_keys(['example_subdag_operator.section-1', 'example_subdag_operator.section-2', 'example_subdag_operator']) retrieved from /home/airflow/.local/lib/python3.7/site-packages/airflow/example_dags/example_subdag_operator.py
[2023-04-14 01:21:47,968] {logging_mixin.py:115} INFO - [2023-04-14 01:21:47,968] {dag.py:2371} INFO - Sync 3 DAGs
[2023-04-14 01:21:48,045] {logging_mixin.py:115} INFO - [2023-04-14 01:21:48,045] {dag.py:2919} INFO - Setting next_dagrun for example_subdag_operator to 2023-04-12T00:00:00+00:00, run_after=2023-04-12T00:00:00+00:00
[2023-04-14 01:21:48,045] {logging_mixin.py:115} INFO - [2023-04-14 01:21:48,045] {dag.py:2919} INFO - Setting next_dagrun for example_subdag_operator.section-1 to None, run_after=None
[2023-04-14 01:21:48,045] {logging_mixin.py:115} INFO - [2023-04-14 01:21:48,045] {dag.py:2919} INFO - Setting next_dagrun for example_subdag_operator.section-2 to None, run_after=None
[2023-04-14 01:21:48,049] {logging_mixin.py:115} INFO - [2023-04-14 01:21:48,049] {dag.py:2371} INFO - Sync 2 DAGs
[2023-04-14 01:21:48,051] {logging_mixin.py:115} INFO - [2023-04-14 01:21:48,051] {dag.py:2919} INFO - Setting next_dagrun for example_subdag_operator.section-1 to None, run_after=None
[2023-04-14 01:21:48,051] {logging_mixin.py:115} INFO - [2023-04-14 01:21:48,051] {dag.py:2919} INFO - Setting next_dagrun for example_subdag_operator.section-2 to None, run_after=None
[2023-04-14 01:21:48,055] {processor.py:161} INFO - Processing /home/airflow/.local/lib/python3.7/site-packages/airflow/example_dags/example_subdag_operator.py took 0.113 seconds
[2023-04-14 01:22:18,888] {processor.py:153} INFO - Started process (PID=1277) to work on /home/airflow/.local/lib/python3.7/site-packages/airflow/example_dags/example_subdag_operator.py
[2023-04-14 01:22:18,889] {processor.py:641} INFO - Processing file /home/airflow/.local/lib/python3.7/site-packages/airflow/example_dags/example_subdag_operator.py for tasks to queue
[2023-04-14 01:22:18,889] {logging_mixin.py:115} INFO - [2023-04-14 01:22:18,889] {dagbag.py:507} INFO - Filling up the DagBag from /home/airflow/.local/lib/python3.7/site-packages/airflow/example_dags/example_subdag_operator.py
[2023-04-14 01:22:18,901] {processor.py:651} INFO - DAG(s) dict_keys(['example_subdag_operator.section-1', 'example_subdag_operator.section-2', 'example_subdag_operator']) retrieved from /home/airflow/.local/lib/python3.7/site-packages/airflow/example_dags/example_subdag_operator.py
[2023-04-14 01:22:18,917] {logging_mixin.py:115} INFO - [2023-04-14 01:22:18,917] {dag.py:2371} INFO - Sync 3 DAGs
[2023-04-14 01:22:18,997] {logging_mixin.py:115} INFO - [2023-04-14 01:22:18,997] {dag.py:2919} INFO - Setting next_dagrun for example_subdag_operator to 2023-04-12T00:00:00+00:00, run_after=2023-04-12T00:00:00+00:00
[2023-04-14 01:22:18,997] {logging_mixin.py:115} INFO - [2023-04-14 01:22:18,997] {dag.py:2919} INFO - Setting next_dagrun for example_subdag_operator.section-1 to None, run_after=None
[2023-04-14 01:22:18,997] {logging_mixin.py:115} INFO - [2023-04-14 01:22:18,997] {dag.py:2919} INFO - Setting next_dagrun for example_subdag_operator.section-2 to None, run_after=None
[2023-04-14 01:22:19,000] {logging_mixin.py:115} INFO - [2023-04-14 01:22:19,000] {dag.py:2371} INFO - Sync 2 DAGs
[2023-04-14 01:22:19,002] {logging_mixin.py:115} INFO - [2023-04-14 01:22:19,002] {dag.py:2919} INFO - Setting next_dagrun for example_subdag_operator.section-1 to None, run_after=None
[2023-04-14 01:22:19,002] {logging_mixin.py:115} INFO - [2023-04-14 01:22:19,002] {dag.py:2919} INFO - Setting next_dagrun for example_subdag_operator.section-2 to None, run_after=None
[2023-04-14 01:22:19,008] {processor.py:161} INFO - Processing /home/airflow/.local/lib/python3.7/site-packages/airflow/example_dags/example_subdag_operator.py took 0.120 seconds
[2023-04-14 01:22:49,822] {processor.py:153} INFO - Started process (PID=1329) to work on /home/airflow/.local/lib/python3.7/site-packages/airflow/example_dags/example_subdag_operator.py
[2023-04-14 01:22:49,822] {processor.py:641} INFO - Processing file /home/airflow/.local/lib/python3.7/site-packages/airflow/example_dags/example_subdag_operator.py for tasks to queue
[2023-04-14 01:22:49,822] {logging_mixin.py:115} INFO - [2023-04-14 01:22:49,822] {dagbag.py:507} INFO - Filling up the DagBag from /home/airflow/.local/lib/python3.7/site-packages/airflow/example_dags/example_subdag_operator.py
[2023-04-14 01:22:49,833] {processor.py:651} INFO - DAG(s) dict_keys(['example_subdag_operator.section-1', 'example_subdag_operator.section-2', 'example_subdag_operator']) retrieved from /home/airflow/.local/lib/python3.7/site-packages/airflow/example_dags/example_subdag_operator.py
[2023-04-14 01:22:49,848] {logging_mixin.py:115} INFO - [2023-04-14 01:22:49,848] {dag.py:2371} INFO - Sync 3 DAGs
[2023-04-14 01:22:49,921] {logging_mixin.py:115} INFO - [2023-04-14 01:22:49,921] {dag.py:2919} INFO - Setting next_dagrun for example_subdag_operator to 2023-04-12T00:00:00+00:00, run_after=2023-04-12T00:00:00+00:00
[2023-04-14 01:22:49,922] {logging_mixin.py:115} INFO - [2023-04-14 01:22:49,922] {dag.py:2919} INFO - Setting next_dagrun for example_subdag_operator.section-1 to None, run_after=None
[2023-04-14 01:22:49,922] {logging_mixin.py:115} INFO - [2023-04-14 01:22:49,922] {dag.py:2919} INFO - Setting next_dagrun for example_subdag_operator.section-2 to None, run_after=None
[2023-04-14 01:22:49,924] {logging_mixin.py:115} INFO - [2023-04-14 01:22:49,924] {dag.py:2371} INFO - Sync 2 DAGs
[2023-04-14 01:22:49,927] {logging_mixin.py:115} INFO - [2023-04-14 01:22:49,927] {dag.py:2919} INFO - Setting next_dagrun for example_subdag_operator.section-1 to None, run_after=None
[2023-04-14 01:22:49,927] {logging_mixin.py:115} INFO - [2023-04-14 01:22:49,927] {dag.py:2919} INFO - Setting next_dagrun for example_subdag_operator.section-2 to None, run_after=None
[2023-04-14 01:22:49,931] {processor.py:161} INFO - Processing /home/airflow/.local/lib/python3.7/site-packages/airflow/example_dags/example_subdag_operator.py took 0.110 seconds
[2023-04-14 01:23:20,819] {processor.py:153} INFO - Started process (PID=1390) to work on /home/airflow/.local/lib/python3.7/site-packages/airflow/example_dags/example_subdag_operator.py
[2023-04-14 01:23:20,820] {processor.py:641} INFO - Processing file /home/airflow/.local/lib/python3.7/site-packages/airflow/example_dags/example_subdag_operator.py for tasks to queue
[2023-04-14 01:23:20,820] {logging_mixin.py:115} INFO - [2023-04-14 01:23:20,820] {dagbag.py:507} INFO - Filling up the DagBag from /home/airflow/.local/lib/python3.7/site-packages/airflow/example_dags/example_subdag_operator.py
[2023-04-14 01:23:20,831] {processor.py:651} INFO - DAG(s) dict_keys(['example_subdag_operator.section-1', 'example_subdag_operator.section-2', 'example_subdag_operator']) retrieved from /home/airflow/.local/lib/python3.7/site-packages/airflow/example_dags/example_subdag_operator.py
[2023-04-14 01:23:20,846] {logging_mixin.py:115} INFO - [2023-04-14 01:23:20,846] {dag.py:2371} INFO - Sync 3 DAGs
[2023-04-14 01:23:20,929] {logging_mixin.py:115} INFO - [2023-04-14 01:23:20,929] {dag.py:2919} INFO - Setting next_dagrun for example_subdag_operator to 2023-04-12T00:00:00+00:00, run_after=2023-04-12T00:00:00+00:00
[2023-04-14 01:23:20,929] {logging_mixin.py:115} INFO - [2023-04-14 01:23:20,929] {dag.py:2919} INFO - Setting next_dagrun for example_subdag_operator.section-1 to None, run_after=None
[2023-04-14 01:23:20,930] {logging_mixin.py:115} INFO - [2023-04-14 01:23:20,930] {dag.py:2919} INFO - Setting next_dagrun for example_subdag_operator.section-2 to None, run_after=None
[2023-04-14 01:23:20,932] {logging_mixin.py:115} INFO - [2023-04-14 01:23:20,932] {dag.py:2371} INFO - Sync 2 DAGs
[2023-04-14 01:23:20,935] {logging_mixin.py:115} INFO - [2023-04-14 01:23:20,935] {dag.py:2919} INFO - Setting next_dagrun for example_subdag_operator.section-1 to None, run_after=None
[2023-04-14 01:23:20,935] {logging_mixin.py:115} INFO - [2023-04-14 01:23:20,935] {dag.py:2919} INFO - Setting next_dagrun for example_subdag_operator.section-2 to None, run_after=None
[2023-04-14 01:23:20,939] {processor.py:161} INFO - Processing /home/airflow/.local/lib/python3.7/site-packages/airflow/example_dags/example_subdag_operator.py took 0.121 seconds
[2023-04-14 01:23:51,958] {processor.py:153} INFO - Started process (PID=1451) to work on /home/airflow/.local/lib/python3.7/site-packages/airflow/example_dags/example_subdag_operator.py
[2023-04-14 01:23:51,959] {processor.py:641} INFO - Processing file /home/airflow/.local/lib/python3.7/site-packages/airflow/example_dags/example_subdag_operator.py for tasks to queue
[2023-04-14 01:23:51,959] {logging_mixin.py:115} INFO - [2023-04-14 01:23:51,959] {dagbag.py:507} INFO - Filling up the DagBag from /home/airflow/.local/lib/python3.7/site-packages/airflow/example_dags/example_subdag_operator.py
[2023-04-14 01:23:51,971] {processor.py:651} INFO - DAG(s) dict_keys(['example_subdag_operator.section-1', 'example_subdag_operator.section-2', 'example_subdag_operator']) retrieved from /home/airflow/.local/lib/python3.7/site-packages/airflow/example_dags/example_subdag_operator.py
[2023-04-14 01:23:51,986] {logging_mixin.py:115} INFO - [2023-04-14 01:23:51,986] {dag.py:2371} INFO - Sync 3 DAGs
[2023-04-14 01:23:52,060] {logging_mixin.py:115} INFO - [2023-04-14 01:23:52,060] {dag.py:2919} INFO - Setting next_dagrun for example_subdag_operator to 2023-04-12T00:00:00+00:00, run_after=2023-04-12T00:00:00+00:00
[2023-04-14 01:23:52,061] {logging_mixin.py:115} INFO - [2023-04-14 01:23:52,061] {dag.py:2919} INFO - Setting next_dagrun for example_subdag_operator.section-1 to None, run_after=None
[2023-04-14 01:23:52,061] {logging_mixin.py:115} INFO - [2023-04-14 01:23:52,061] {dag.py:2919} INFO - Setting next_dagrun for example_subdag_operator.section-2 to None, run_after=None
[2023-04-14 01:23:52,063] {logging_mixin.py:115} INFO - [2023-04-14 01:23:52,063] {dag.py:2371} INFO - Sync 2 DAGs
[2023-04-14 01:23:52,066] {logging_mixin.py:115} INFO - [2023-04-14 01:23:52,066] {dag.py:2919} INFO - Setting next_dagrun for example_subdag_operator.section-1 to None, run_after=None
[2023-04-14 01:23:52,066] {logging_mixin.py:115} INFO - [2023-04-14 01:23:52,066] {dag.py:2919} INFO - Setting next_dagrun for example_subdag_operator.section-2 to None, run_after=None
[2023-04-14 01:23:52,070] {processor.py:161} INFO - Processing /home/airflow/.local/lib/python3.7/site-packages/airflow/example_dags/example_subdag_operator.py took 0.113 seconds
[2023-04-14 01:24:22,109] {processor.py:153} INFO - Started process (PID=1512) to work on /home/airflow/.local/lib/python3.7/site-packages/airflow/example_dags/example_subdag_operator.py
[2023-04-14 01:24:22,109] {processor.py:641} INFO - Processing file /home/airflow/.local/lib/python3.7/site-packages/airflow/example_dags/example_subdag_operator.py for tasks to queue
[2023-04-14 01:24:22,110] {logging_mixin.py:115} INFO - [2023-04-14 01:24:22,110] {dagbag.py:507} INFO - Filling up the DagBag from /home/airflow/.local/lib/python3.7/site-packages/airflow/example_dags/example_subdag_operator.py
[2023-04-14 01:24:22,122] {processor.py:651} INFO - DAG(s) dict_keys(['example_subdag_operator.section-1', 'example_subdag_operator.section-2', 'example_subdag_operator']) retrieved from /home/airflow/.local/lib/python3.7/site-packages/airflow/example_dags/example_subdag_operator.py
[2023-04-14 01:24:22,139] {logging_mixin.py:115} INFO - [2023-04-14 01:24:22,138] {dag.py:2371} INFO - Sync 3 DAGs
[2023-04-14 01:24:22,216] {logging_mixin.py:115} INFO - [2023-04-14 01:24:22,216] {dag.py:2919} INFO - Setting next_dagrun for example_subdag_operator to 2023-04-12T00:00:00+00:00, run_after=2023-04-12T00:00:00+00:00
[2023-04-14 01:24:22,216] {logging_mixin.py:115} INFO - [2023-04-14 01:24:22,216] {dag.py:2919} INFO - Setting next_dagrun for example_subdag_operator.section-1 to None, run_after=None
[2023-04-14 01:24:22,216] {logging_mixin.py:115} INFO - [2023-04-14 01:24:22,216] {dag.py:2919} INFO - Setting next_dagrun for example_subdag_operator.section-2 to None, run_after=None
[2023-04-14 01:24:22,219] {logging_mixin.py:115} INFO - [2023-04-14 01:24:22,219] {dag.py:2371} INFO - Sync 2 DAGs
[2023-04-14 01:24:22,221] {logging_mixin.py:115} INFO - [2023-04-14 01:24:22,221] {dag.py:2919} INFO - Setting next_dagrun for example_subdag_operator.section-1 to None, run_after=None
[2023-04-14 01:24:22,221] {logging_mixin.py:115} INFO - [2023-04-14 01:24:22,221] {dag.py:2919} INFO - Setting next_dagrun for example_subdag_operator.section-2 to None, run_after=None
[2023-04-14 01:24:22,225] {processor.py:161} INFO - Processing /home/airflow/.local/lib/python3.7/site-packages/airflow/example_dags/example_subdag_operator.py took 0.117 seconds
[2023-04-14 01:24:52,335] {processor.py:153} INFO - Started process (PID=1573) to work on /home/airflow/.local/lib/python3.7/site-packages/airflow/example_dags/example_subdag_operator.py
[2023-04-14 01:24:52,336] {processor.py:641} INFO - Processing file /home/airflow/.local/lib/python3.7/site-packages/airflow/example_dags/example_subdag_operator.py for tasks to queue
[2023-04-14 01:24:52,336] {logging_mixin.py:115} INFO - [2023-04-14 01:24:52,336] {dagbag.py:507} INFO - Filling up the DagBag from /home/airflow/.local/lib/python3.7/site-packages/airflow/example_dags/example_subdag_operator.py
[2023-04-14 01:24:52,348] {processor.py:651} INFO - DAG(s) dict_keys(['example_subdag_operator.section-1', 'example_subdag_operator.section-2', 'example_subdag_operator']) retrieved from /home/airflow/.local/lib/python3.7/site-packages/airflow/example_dags/example_subdag_operator.py
[2023-04-14 01:24:52,363] {logging_mixin.py:115} INFO - [2023-04-14 01:24:52,363] {dag.py:2371} INFO - Sync 3 DAGs
[2023-04-14 01:24:52,438] {logging_mixin.py:115} INFO - [2023-04-14 01:24:52,438] {dag.py:2919} INFO - Setting next_dagrun for example_subdag_operator to 2023-04-12T00:00:00+00:00, run_after=2023-04-12T00:00:00+00:00
[2023-04-14 01:24:52,438] {logging_mixin.py:115} INFO - [2023-04-14 01:24:52,438] {dag.py:2919} INFO - Setting next_dagrun for example_subdag_operator.section-1 to None, run_after=None
[2023-04-14 01:24:52,438] {logging_mixin.py:115} INFO - [2023-04-14 01:24:52,438] {dag.py:2919} INFO - Setting next_dagrun for example_subdag_operator.section-2 to None, run_after=None
[2023-04-14 01:24:52,441] {logging_mixin.py:115} INFO - [2023-04-14 01:24:52,441] {dag.py:2371} INFO - Sync 2 DAGs
[2023-04-14 01:24:52,443] {logging_mixin.py:115} INFO - [2023-04-14 01:24:52,443] {dag.py:2919} INFO - Setting next_dagrun for example_subdag_operator.section-1 to None, run_after=None
[2023-04-14 01:24:52,443] {logging_mixin.py:115} INFO - [2023-04-14 01:24:52,443] {dag.py:2919} INFO - Setting next_dagrun for example_subdag_operator.section-2 to None, run_after=None
[2023-04-14 01:24:52,447] {processor.py:161} INFO - Processing /home/airflow/.local/lib/python3.7/site-packages/airflow/example_dags/example_subdag_operator.py took 0.113 seconds
