[2023-04-14 01:12:02,611] {processor.py:153} INFO - Started process (PID=73) to work on /home/airflow/.local/lib/python3.7/site-packages/airflow/example_dags/example_xcom.py
[2023-04-14 01:12:02,611] {processor.py:641} INFO - Processing file /home/airflow/.local/lib/python3.7/site-packages/airflow/example_dags/example_xcom.py for tasks to queue
[2023-04-14 01:12:02,611] {logging_mixin.py:115} INFO - [2023-04-14 01:12:02,611] {dagbag.py:507} INFO - Filling up the DagBag from /home/airflow/.local/lib/python3.7/site-packages/airflow/example_dags/example_xcom.py
[2023-04-14 01:12:02,620] {processor.py:651} INFO - DAG(s) dict_keys(['example_xcom']) retrieved from /home/airflow/.local/lib/python3.7/site-packages/airflow/example_dags/example_xcom.py
[2023-04-14 01:12:02,722] {logging_mixin.py:115} INFO - [2023-04-14 01:12:02,722] {manager.py:508} INFO - Created Permission View: can read on DAG:example_xcom
[2023-04-14 01:12:02,727] {logging_mixin.py:115} INFO - [2023-04-14 01:12:02,727] {manager.py:508} INFO - Created Permission View: can delete on DAG:example_xcom
[2023-04-14 01:12:02,730] {logging_mixin.py:115} INFO - [2023-04-14 01:12:02,730] {manager.py:508} INFO - Created Permission View: can edit on DAG:example_xcom
[2023-04-14 01:12:02,730] {logging_mixin.py:115} INFO - [2023-04-14 01:12:02,730] {dag.py:2371} INFO - Sync 1 DAGs
[2023-04-14 01:12:02,734] {logging_mixin.py:115} INFO - [2023-04-14 01:12:02,734] {dag.py:2390} INFO - Creating ORM DAG for example_xcom
[2023-04-14 01:12:02,740] {logging_mixin.py:115} INFO - [2023-04-14 01:12:02,740] {dag.py:2919} INFO - Setting next_dagrun for example_xcom to 2021-01-01T00:00:00+00:00, run_after=2021-01-01T00:00:00+00:00
[2023-04-14 01:12:02,746] {processor.py:161} INFO - Processing /home/airflow/.local/lib/python3.7/site-packages/airflow/example_dags/example_xcom.py took 0.137 seconds
[2023-04-14 01:12:33,090] {processor.py:153} INFO - Started process (PID=134) to work on /home/airflow/.local/lib/python3.7/site-packages/airflow/example_dags/example_xcom.py
[2023-04-14 01:12:33,090] {processor.py:641} INFO - Processing file /home/airflow/.local/lib/python3.7/site-packages/airflow/example_dags/example_xcom.py for tasks to queue
[2023-04-14 01:12:33,090] {logging_mixin.py:115} INFO - [2023-04-14 01:12:33,090] {dagbag.py:507} INFO - Filling up the DagBag from /home/airflow/.local/lib/python3.7/site-packages/airflow/example_dags/example_xcom.py
[2023-04-14 01:12:33,098] {processor.py:651} INFO - DAG(s) dict_keys(['example_xcom']) retrieved from /home/airflow/.local/lib/python3.7/site-packages/airflow/example_dags/example_xcom.py
[2023-04-14 01:12:33,201] {logging_mixin.py:115} INFO - [2023-04-14 01:12:33,201] {dag.py:2371} INFO - Sync 1 DAGs
[2023-04-14 01:12:33,210] {logging_mixin.py:115} INFO - [2023-04-14 01:12:33,210] {dag.py:2919} INFO - Setting next_dagrun for example_xcom to 2021-01-01T00:00:00+00:00, run_after=2021-01-01T00:00:00+00:00
[2023-04-14 01:12:33,216] {processor.py:161} INFO - Processing /home/airflow/.local/lib/python3.7/site-packages/airflow/example_dags/example_xcom.py took 0.128 seconds
[2023-04-14 01:13:03,777] {processor.py:153} INFO - Started process (PID=195) to work on /home/airflow/.local/lib/python3.7/site-packages/airflow/example_dags/example_xcom.py
[2023-04-14 01:13:03,777] {processor.py:641} INFO - Processing file /home/airflow/.local/lib/python3.7/site-packages/airflow/example_dags/example_xcom.py for tasks to queue
[2023-04-14 01:13:03,777] {logging_mixin.py:115} INFO - [2023-04-14 01:13:03,777] {dagbag.py:507} INFO - Filling up the DagBag from /home/airflow/.local/lib/python3.7/site-packages/airflow/example_dags/example_xcom.py
[2023-04-14 01:13:03,786] {processor.py:651} INFO - DAG(s) dict_keys(['example_xcom']) retrieved from /home/airflow/.local/lib/python3.7/site-packages/airflow/example_dags/example_xcom.py
[2023-04-14 01:13:03,880] {logging_mixin.py:115} INFO - [2023-04-14 01:13:03,880] {dag.py:2371} INFO - Sync 1 DAGs
[2023-04-14 01:13:03,888] {logging_mixin.py:115} INFO - [2023-04-14 01:13:03,888] {dag.py:2919} INFO - Setting next_dagrun for example_xcom to 2021-01-01T00:00:00+00:00, run_after=2021-01-01T00:00:00+00:00
[2023-04-14 01:13:03,895] {processor.py:161} INFO - Processing /home/airflow/.local/lib/python3.7/site-packages/airflow/example_dags/example_xcom.py took 0.119 seconds
[2023-04-14 01:13:34,346] {processor.py:153} INFO - Started process (PID=256) to work on /home/airflow/.local/lib/python3.7/site-packages/airflow/example_dags/example_xcom.py
[2023-04-14 01:13:34,346] {processor.py:641} INFO - Processing file /home/airflow/.local/lib/python3.7/site-packages/airflow/example_dags/example_xcom.py for tasks to queue
[2023-04-14 01:13:34,346] {logging_mixin.py:115} INFO - [2023-04-14 01:13:34,346] {dagbag.py:507} INFO - Filling up the DagBag from /home/airflow/.local/lib/python3.7/site-packages/airflow/example_dags/example_xcom.py
[2023-04-14 01:13:34,354] {processor.py:651} INFO - DAG(s) dict_keys(['example_xcom']) retrieved from /home/airflow/.local/lib/python3.7/site-packages/airflow/example_dags/example_xcom.py
[2023-04-14 01:13:34,449] {logging_mixin.py:115} INFO - [2023-04-14 01:13:34,449] {dag.py:2371} INFO - Sync 1 DAGs
[2023-04-14 01:13:34,458] {logging_mixin.py:115} INFO - [2023-04-14 01:13:34,458] {dag.py:2919} INFO - Setting next_dagrun for example_xcom to 2021-01-01T00:00:00+00:00, run_after=2021-01-01T00:00:00+00:00
[2023-04-14 01:13:34,465] {processor.py:161} INFO - Processing /home/airflow/.local/lib/python3.7/site-packages/airflow/example_dags/example_xcom.py took 0.121 seconds
[2023-04-14 01:14:05,068] {processor.py:153} INFO - Started process (PID=317) to work on /home/airflow/.local/lib/python3.7/site-packages/airflow/example_dags/example_xcom.py
[2023-04-14 01:14:05,068] {processor.py:641} INFO - Processing file /home/airflow/.local/lib/python3.7/site-packages/airflow/example_dags/example_xcom.py for tasks to queue
[2023-04-14 01:14:05,068] {logging_mixin.py:115} INFO - [2023-04-14 01:14:05,068] {dagbag.py:507} INFO - Filling up the DagBag from /home/airflow/.local/lib/python3.7/site-packages/airflow/example_dags/example_xcom.py
[2023-04-14 01:14:05,076] {processor.py:651} INFO - DAG(s) dict_keys(['example_xcom']) retrieved from /home/airflow/.local/lib/python3.7/site-packages/airflow/example_dags/example_xcom.py
[2023-04-14 01:14:05,185] {logging_mixin.py:115} INFO - [2023-04-14 01:14:05,185] {dag.py:2371} INFO - Sync 1 DAGs
[2023-04-14 01:14:05,194] {logging_mixin.py:115} INFO - [2023-04-14 01:14:05,194] {dag.py:2919} INFO - Setting next_dagrun for example_xcom to 2021-01-01T00:00:00+00:00, run_after=2021-01-01T00:00:00+00:00
[2023-04-14 01:14:05,201] {processor.py:161} INFO - Processing /home/airflow/.local/lib/python3.7/site-packages/airflow/example_dags/example_xcom.py took 0.134 seconds
[2023-04-14 01:14:35,807] {processor.py:153} INFO - Started process (PID=369) to work on /home/airflow/.local/lib/python3.7/site-packages/airflow/example_dags/example_xcom.py
[2023-04-14 01:14:35,808] {processor.py:641} INFO - Processing file /home/airflow/.local/lib/python3.7/site-packages/airflow/example_dags/example_xcom.py for tasks to queue
[2023-04-14 01:14:35,808] {logging_mixin.py:115} INFO - [2023-04-14 01:14:35,808] {dagbag.py:507} INFO - Filling up the DagBag from /home/airflow/.local/lib/python3.7/site-packages/airflow/example_dags/example_xcom.py
[2023-04-14 01:14:35,817] {processor.py:651} INFO - DAG(s) dict_keys(['example_xcom']) retrieved from /home/airflow/.local/lib/python3.7/site-packages/airflow/example_dags/example_xcom.py
[2023-04-14 01:14:35,918] {logging_mixin.py:115} INFO - [2023-04-14 01:14:35,918] {dag.py:2371} INFO - Sync 1 DAGs
[2023-04-14 01:14:35,928] {logging_mixin.py:115} INFO - [2023-04-14 01:14:35,927] {dag.py:2919} INFO - Setting next_dagrun for example_xcom to 2021-01-01T00:00:00+00:00, run_after=2021-01-01T00:00:00+00:00
[2023-04-14 01:14:35,934] {processor.py:161} INFO - Processing /home/airflow/.local/lib/python3.7/site-packages/airflow/example_dags/example_xcom.py took 0.128 seconds
[2023-04-14 01:15:06,576] {processor.py:153} INFO - Started process (PID=430) to work on /home/airflow/.local/lib/python3.7/site-packages/airflow/example_dags/example_xcom.py
[2023-04-14 01:15:06,576] {processor.py:641} INFO - Processing file /home/airflow/.local/lib/python3.7/site-packages/airflow/example_dags/example_xcom.py for tasks to queue
[2023-04-14 01:15:06,576] {logging_mixin.py:115} INFO - [2023-04-14 01:15:06,576] {dagbag.py:507} INFO - Filling up the DagBag from /home/airflow/.local/lib/python3.7/site-packages/airflow/example_dags/example_xcom.py
[2023-04-14 01:15:06,584] {processor.py:651} INFO - DAG(s) dict_keys(['example_xcom']) retrieved from /home/airflow/.local/lib/python3.7/site-packages/airflow/example_dags/example_xcom.py
[2023-04-14 01:15:06,682] {logging_mixin.py:115} INFO - [2023-04-14 01:15:06,682] {dag.py:2371} INFO - Sync 1 DAGs
[2023-04-14 01:15:06,691] {logging_mixin.py:115} INFO - [2023-04-14 01:15:06,691] {dag.py:2919} INFO - Setting next_dagrun for example_xcom to 2021-01-01T00:00:00+00:00, run_after=2021-01-01T00:00:00+00:00
[2023-04-14 01:15:06,697] {processor.py:161} INFO - Processing /home/airflow/.local/lib/python3.7/site-packages/airflow/example_dags/example_xcom.py took 0.123 seconds
[2023-04-14 01:15:37,261] {processor.py:153} INFO - Started process (PID=491) to work on /home/airflow/.local/lib/python3.7/site-packages/airflow/example_dags/example_xcom.py
[2023-04-14 01:15:37,261] {processor.py:641} INFO - Processing file /home/airflow/.local/lib/python3.7/site-packages/airflow/example_dags/example_xcom.py for tasks to queue
[2023-04-14 01:15:37,261] {logging_mixin.py:115} INFO - [2023-04-14 01:15:37,261] {dagbag.py:507} INFO - Filling up the DagBag from /home/airflow/.local/lib/python3.7/site-packages/airflow/example_dags/example_xcom.py
[2023-04-14 01:15:37,270] {processor.py:651} INFO - DAG(s) dict_keys(['example_xcom']) retrieved from /home/airflow/.local/lib/python3.7/site-packages/airflow/example_dags/example_xcom.py
[2023-04-14 01:15:37,367] {logging_mixin.py:115} INFO - [2023-04-14 01:15:37,367] {dag.py:2371} INFO - Sync 1 DAGs
[2023-04-14 01:15:37,376] {logging_mixin.py:115} INFO - [2023-04-14 01:15:37,376] {dag.py:2919} INFO - Setting next_dagrun for example_xcom to 2021-01-01T00:00:00+00:00, run_after=2021-01-01T00:00:00+00:00
[2023-04-14 01:15:37,382] {processor.py:161} INFO - Processing /home/airflow/.local/lib/python3.7/site-packages/airflow/example_dags/example_xcom.py took 0.122 seconds
[2023-04-14 01:16:07,870] {processor.py:153} INFO - Started process (PID=552) to work on /home/airflow/.local/lib/python3.7/site-packages/airflow/example_dags/example_xcom.py
[2023-04-14 01:16:07,871] {processor.py:641} INFO - Processing file /home/airflow/.local/lib/python3.7/site-packages/airflow/example_dags/example_xcom.py for tasks to queue
[2023-04-14 01:16:07,871] {logging_mixin.py:115} INFO - [2023-04-14 01:16:07,871] {dagbag.py:507} INFO - Filling up the DagBag from /home/airflow/.local/lib/python3.7/site-packages/airflow/example_dags/example_xcom.py
[2023-04-14 01:16:07,879] {processor.py:651} INFO - DAG(s) dict_keys(['example_xcom']) retrieved from /home/airflow/.local/lib/python3.7/site-packages/airflow/example_dags/example_xcom.py
[2023-04-14 01:16:07,977] {logging_mixin.py:115} INFO - [2023-04-14 01:16:07,977] {dag.py:2371} INFO - Sync 1 DAGs
[2023-04-14 01:16:07,986] {logging_mixin.py:115} INFO - [2023-04-14 01:16:07,986] {dag.py:2919} INFO - Setting next_dagrun for example_xcom to 2021-01-01T00:00:00+00:00, run_after=2021-01-01T00:00:00+00:00
[2023-04-14 01:16:07,994] {processor.py:161} INFO - Processing /home/airflow/.local/lib/python3.7/site-packages/airflow/example_dags/example_xcom.py took 0.125 seconds
[2023-04-14 01:16:38,575] {processor.py:153} INFO - Started process (PID=613) to work on /home/airflow/.local/lib/python3.7/site-packages/airflow/example_dags/example_xcom.py
[2023-04-14 01:16:38,576] {processor.py:641} INFO - Processing file /home/airflow/.local/lib/python3.7/site-packages/airflow/example_dags/example_xcom.py for tasks to queue
[2023-04-14 01:16:38,576] {logging_mixin.py:115} INFO - [2023-04-14 01:16:38,576] {dagbag.py:507} INFO - Filling up the DagBag from /home/airflow/.local/lib/python3.7/site-packages/airflow/example_dags/example_xcom.py
[2023-04-14 01:16:38,584] {processor.py:651} INFO - DAG(s) dict_keys(['example_xcom']) retrieved from /home/airflow/.local/lib/python3.7/site-packages/airflow/example_dags/example_xcom.py
[2023-04-14 01:16:38,594] {logging_mixin.py:115} INFO - [2023-04-14 01:16:38,594] {dag.py:2371} INFO - Sync 1 DAGs
[2023-04-14 01:16:38,668] {logging_mixin.py:115} INFO - [2023-04-14 01:16:38,668] {dag.py:2919} INFO - Setting next_dagrun for example_xcom to 2021-01-01T00:00:00+00:00, run_after=2021-01-01T00:00:00+00:00
[2023-04-14 01:16:38,674] {processor.py:161} INFO - Processing /home/airflow/.local/lib/python3.7/site-packages/airflow/example_dags/example_xcom.py took 0.099 seconds
[2023-04-14 01:17:09,320] {processor.py:153} INFO - Started process (PID=674) to work on /home/airflow/.local/lib/python3.7/site-packages/airflow/example_dags/example_xcom.py
[2023-04-14 01:17:09,320] {processor.py:641} INFO - Processing file /home/airflow/.local/lib/python3.7/site-packages/airflow/example_dags/example_xcom.py for tasks to queue
[2023-04-14 01:17:09,320] {logging_mixin.py:115} INFO - [2023-04-14 01:17:09,320] {dagbag.py:507} INFO - Filling up the DagBag from /home/airflow/.local/lib/python3.7/site-packages/airflow/example_dags/example_xcom.py
[2023-04-14 01:17:09,328] {processor.py:651} INFO - DAG(s) dict_keys(['example_xcom']) retrieved from /home/airflow/.local/lib/python3.7/site-packages/airflow/example_dags/example_xcom.py
[2023-04-14 01:17:09,422] {logging_mixin.py:115} INFO - [2023-04-14 01:17:09,422] {dag.py:2371} INFO - Sync 1 DAGs
[2023-04-14 01:17:09,430] {logging_mixin.py:115} INFO - [2023-04-14 01:17:09,430] {dag.py:2919} INFO - Setting next_dagrun for example_xcom to 2021-01-01T00:00:00+00:00, run_after=2021-01-01T00:00:00+00:00
[2023-04-14 01:17:09,438] {processor.py:161} INFO - Processing /home/airflow/.local/lib/python3.7/site-packages/airflow/example_dags/example_xcom.py took 0.119 seconds
[2023-04-14 01:17:40,206] {processor.py:153} INFO - Started process (PID=735) to work on /home/airflow/.local/lib/python3.7/site-packages/airflow/example_dags/example_xcom.py
[2023-04-14 01:17:40,206] {processor.py:641} INFO - Processing file /home/airflow/.local/lib/python3.7/site-packages/airflow/example_dags/example_xcom.py for tasks to queue
[2023-04-14 01:17:40,207] {logging_mixin.py:115} INFO - [2023-04-14 01:17:40,206] {dagbag.py:507} INFO - Filling up the DagBag from /home/airflow/.local/lib/python3.7/site-packages/airflow/example_dags/example_xcom.py
[2023-04-14 01:17:40,214] {processor.py:651} INFO - DAG(s) dict_keys(['example_xcom']) retrieved from /home/airflow/.local/lib/python3.7/site-packages/airflow/example_dags/example_xcom.py
[2023-04-14 01:17:40,310] {logging_mixin.py:115} INFO - [2023-04-14 01:17:40,310] {dag.py:2371} INFO - Sync 1 DAGs
[2023-04-14 01:17:40,319] {logging_mixin.py:115} INFO - [2023-04-14 01:17:40,319] {dag.py:2919} INFO - Setting next_dagrun for example_xcom to 2021-01-01T00:00:00+00:00, run_after=2021-01-01T00:00:00+00:00
[2023-04-14 01:17:40,326] {processor.py:161} INFO - Processing /home/airflow/.local/lib/python3.7/site-packages/airflow/example_dags/example_xcom.py took 0.121 seconds
[2023-04-14 01:18:11,166] {processor.py:153} INFO - Started process (PID=787) to work on /home/airflow/.local/lib/python3.7/site-packages/airflow/example_dags/example_xcom.py
[2023-04-14 01:18:11,166] {processor.py:641} INFO - Processing file /home/airflow/.local/lib/python3.7/site-packages/airflow/example_dags/example_xcom.py for tasks to queue
[2023-04-14 01:18:11,166] {logging_mixin.py:115} INFO - [2023-04-14 01:18:11,166] {dagbag.py:507} INFO - Filling up the DagBag from /home/airflow/.local/lib/python3.7/site-packages/airflow/example_dags/example_xcom.py
[2023-04-14 01:18:11,174] {processor.py:651} INFO - DAG(s) dict_keys(['example_xcom']) retrieved from /home/airflow/.local/lib/python3.7/site-packages/airflow/example_dags/example_xcom.py
[2023-04-14 01:18:11,271] {logging_mixin.py:115} INFO - [2023-04-14 01:18:11,271] {dag.py:2371} INFO - Sync 1 DAGs
[2023-04-14 01:18:11,280] {logging_mixin.py:115} INFO - [2023-04-14 01:18:11,280] {dag.py:2919} INFO - Setting next_dagrun for example_xcom to 2021-01-01T00:00:00+00:00, run_after=2021-01-01T00:00:00+00:00
[2023-04-14 01:18:11,286] {processor.py:161} INFO - Processing /home/airflow/.local/lib/python3.7/site-packages/airflow/example_dags/example_xcom.py took 0.121 seconds
[2023-04-14 01:18:42,244] {processor.py:153} INFO - Started process (PID=848) to work on /home/airflow/.local/lib/python3.7/site-packages/airflow/example_dags/example_xcom.py
[2023-04-14 01:18:42,244] {processor.py:641} INFO - Processing file /home/airflow/.local/lib/python3.7/site-packages/airflow/example_dags/example_xcom.py for tasks to queue
[2023-04-14 01:18:42,245] {logging_mixin.py:115} INFO - [2023-04-14 01:18:42,245] {dagbag.py:507} INFO - Filling up the DagBag from /home/airflow/.local/lib/python3.7/site-packages/airflow/example_dags/example_xcom.py
[2023-04-14 01:18:42,253] {processor.py:651} INFO - DAG(s) dict_keys(['example_xcom']) retrieved from /home/airflow/.local/lib/python3.7/site-packages/airflow/example_dags/example_xcom.py
[2023-04-14 01:18:42,348] {logging_mixin.py:115} INFO - [2023-04-14 01:18:42,348] {dag.py:2371} INFO - Sync 1 DAGs
[2023-04-14 01:18:42,357] {logging_mixin.py:115} INFO - [2023-04-14 01:18:42,357] {dag.py:2919} INFO - Setting next_dagrun for example_xcom to 2021-01-01T00:00:00+00:00, run_after=2021-01-01T00:00:00+00:00
[2023-04-14 01:18:42,363] {processor.py:161} INFO - Processing /home/airflow/.local/lib/python3.7/site-packages/airflow/example_dags/example_xcom.py took 0.120 seconds
[2023-04-14 01:19:13,188] {processor.py:153} INFO - Started process (PID=909) to work on /home/airflow/.local/lib/python3.7/site-packages/airflow/example_dags/example_xcom.py
[2023-04-14 01:19:13,189] {processor.py:641} INFO - Processing file /home/airflow/.local/lib/python3.7/site-packages/airflow/example_dags/example_xcom.py for tasks to queue
[2023-04-14 01:19:13,189] {logging_mixin.py:115} INFO - [2023-04-14 01:19:13,189] {dagbag.py:507} INFO - Filling up the DagBag from /home/airflow/.local/lib/python3.7/site-packages/airflow/example_dags/example_xcom.py
[2023-04-14 01:19:13,197] {processor.py:651} INFO - DAG(s) dict_keys(['example_xcom']) retrieved from /home/airflow/.local/lib/python3.7/site-packages/airflow/example_dags/example_xcom.py
[2023-04-14 01:19:13,288] {logging_mixin.py:115} INFO - [2023-04-14 01:19:13,288] {dag.py:2371} INFO - Sync 1 DAGs
[2023-04-14 01:19:13,297] {logging_mixin.py:115} INFO - [2023-04-14 01:19:13,297] {dag.py:2919} INFO - Setting next_dagrun for example_xcom to 2021-01-01T00:00:00+00:00, run_after=2021-01-01T00:00:00+00:00
[2023-04-14 01:19:13,303] {processor.py:161} INFO - Processing /home/airflow/.local/lib/python3.7/site-packages/airflow/example_dags/example_xcom.py took 0.115 seconds
[2023-04-14 01:19:44,159] {processor.py:153} INFO - Started process (PID=970) to work on /home/airflow/.local/lib/python3.7/site-packages/airflow/example_dags/example_xcom.py
[2023-04-14 01:19:44,159] {processor.py:641} INFO - Processing file /home/airflow/.local/lib/python3.7/site-packages/airflow/example_dags/example_xcom.py for tasks to queue
[2023-04-14 01:19:44,159] {logging_mixin.py:115} INFO - [2023-04-14 01:19:44,159] {dagbag.py:507} INFO - Filling up the DagBag from /home/airflow/.local/lib/python3.7/site-packages/airflow/example_dags/example_xcom.py
[2023-04-14 01:19:44,167] {processor.py:651} INFO - DAG(s) dict_keys(['example_xcom']) retrieved from /home/airflow/.local/lib/python3.7/site-packages/airflow/example_dags/example_xcom.py
[2023-04-14 01:19:44,268] {logging_mixin.py:115} INFO - [2023-04-14 01:19:44,268] {dag.py:2371} INFO - Sync 1 DAGs
[2023-04-14 01:19:44,277] {logging_mixin.py:115} INFO - [2023-04-14 01:19:44,277] {dag.py:2919} INFO - Setting next_dagrun for example_xcom to 2021-01-01T00:00:00+00:00, run_after=2021-01-01T00:00:00+00:00
[2023-04-14 01:19:44,283] {processor.py:161} INFO - Processing /home/airflow/.local/lib/python3.7/site-packages/airflow/example_dags/example_xcom.py took 0.126 seconds
[2023-04-14 01:20:15,163] {processor.py:153} INFO - Started process (PID=1031) to work on /home/airflow/.local/lib/python3.7/site-packages/airflow/example_dags/example_xcom.py
[2023-04-14 01:20:15,163] {processor.py:641} INFO - Processing file /home/airflow/.local/lib/python3.7/site-packages/airflow/example_dags/example_xcom.py for tasks to queue
[2023-04-14 01:20:15,164] {logging_mixin.py:115} INFO - [2023-04-14 01:20:15,164] {dagbag.py:507} INFO - Filling up the DagBag from /home/airflow/.local/lib/python3.7/site-packages/airflow/example_dags/example_xcom.py
[2023-04-14 01:20:15,172] {processor.py:651} INFO - DAG(s) dict_keys(['example_xcom']) retrieved from /home/airflow/.local/lib/python3.7/site-packages/airflow/example_dags/example_xcom.py
[2023-04-14 01:20:15,271] {logging_mixin.py:115} INFO - [2023-04-14 01:20:15,271] {dag.py:2371} INFO - Sync 1 DAGs
[2023-04-14 01:20:15,280] {logging_mixin.py:115} INFO - [2023-04-14 01:20:15,280] {dag.py:2919} INFO - Setting next_dagrun for example_xcom to 2021-01-01T00:00:00+00:00, run_after=2021-01-01T00:00:00+00:00
[2023-04-14 01:20:15,286] {processor.py:161} INFO - Processing /home/airflow/.local/lib/python3.7/site-packages/airflow/example_dags/example_xcom.py took 0.124 seconds
[2023-04-14 01:20:46,042] {processor.py:153} INFO - Started process (PID=1092) to work on /home/airflow/.local/lib/python3.7/site-packages/airflow/example_dags/example_xcom.py
[2023-04-14 01:20:46,043] {processor.py:641} INFO - Processing file /home/airflow/.local/lib/python3.7/site-packages/airflow/example_dags/example_xcom.py for tasks to queue
[2023-04-14 01:20:46,043] {logging_mixin.py:115} INFO - [2023-04-14 01:20:46,043] {dagbag.py:507} INFO - Filling up the DagBag from /home/airflow/.local/lib/python3.7/site-packages/airflow/example_dags/example_xcom.py
[2023-04-14 01:20:46,051] {processor.py:651} INFO - DAG(s) dict_keys(['example_xcom']) retrieved from /home/airflow/.local/lib/python3.7/site-packages/airflow/example_dags/example_xcom.py
[2023-04-14 01:20:46,140] {logging_mixin.py:115} INFO - [2023-04-14 01:20:46,140] {dag.py:2371} INFO - Sync 1 DAGs
[2023-04-14 01:20:46,149] {logging_mixin.py:115} INFO - [2023-04-14 01:20:46,149] {dag.py:2919} INFO - Setting next_dagrun for example_xcom to 2021-01-01T00:00:00+00:00, run_after=2021-01-01T00:00:00+00:00
[2023-04-14 01:20:46,155] {processor.py:161} INFO - Processing /home/airflow/.local/lib/python3.7/site-packages/airflow/example_dags/example_xcom.py took 0.114 seconds
[2023-04-14 01:21:16,948] {processor.py:153} INFO - Started process (PID=1153) to work on /home/airflow/.local/lib/python3.7/site-packages/airflow/example_dags/example_xcom.py
[2023-04-14 01:21:16,948] {processor.py:641} INFO - Processing file /home/airflow/.local/lib/python3.7/site-packages/airflow/example_dags/example_xcom.py for tasks to queue
[2023-04-14 01:21:16,948] {logging_mixin.py:115} INFO - [2023-04-14 01:21:16,948] {dagbag.py:507} INFO - Filling up the DagBag from /home/airflow/.local/lib/python3.7/site-packages/airflow/example_dags/example_xcom.py
[2023-04-14 01:21:16,956] {processor.py:651} INFO - DAG(s) dict_keys(['example_xcom']) retrieved from /home/airflow/.local/lib/python3.7/site-packages/airflow/example_dags/example_xcom.py
[2023-04-14 01:21:17,052] {logging_mixin.py:115} INFO - [2023-04-14 01:21:17,052] {dag.py:2371} INFO - Sync 1 DAGs
[2023-04-14 01:21:17,061] {logging_mixin.py:115} INFO - [2023-04-14 01:21:17,061] {dag.py:2919} INFO - Setting next_dagrun for example_xcom to 2021-01-01T00:00:00+00:00, run_after=2021-01-01T00:00:00+00:00
[2023-04-14 01:21:17,067] {processor.py:161} INFO - Processing /home/airflow/.local/lib/python3.7/site-packages/airflow/example_dags/example_xcom.py took 0.121 seconds
[2023-04-14 01:21:47,816] {processor.py:153} INFO - Started process (PID=1214) to work on /home/airflow/.local/lib/python3.7/site-packages/airflow/example_dags/example_xcom.py
[2023-04-14 01:21:47,816] {processor.py:641} INFO - Processing file /home/airflow/.local/lib/python3.7/site-packages/airflow/example_dags/example_xcom.py for tasks to queue
[2023-04-14 01:21:47,816] {logging_mixin.py:115} INFO - [2023-04-14 01:21:47,816] {dagbag.py:507} INFO - Filling up the DagBag from /home/airflow/.local/lib/python3.7/site-packages/airflow/example_dags/example_xcom.py
[2023-04-14 01:21:47,825] {processor.py:651} INFO - DAG(s) dict_keys(['example_xcom']) retrieved from /home/airflow/.local/lib/python3.7/site-packages/airflow/example_dags/example_xcom.py
[2023-04-14 01:21:47,914] {logging_mixin.py:115} INFO - [2023-04-14 01:21:47,913] {dag.py:2371} INFO - Sync 1 DAGs
[2023-04-14 01:21:47,923] {logging_mixin.py:115} INFO - [2023-04-14 01:21:47,923] {dag.py:2919} INFO - Setting next_dagrun for example_xcom to 2021-01-01T00:00:00+00:00, run_after=2021-01-01T00:00:00+00:00
[2023-04-14 01:21:47,930] {processor.py:161} INFO - Processing /home/airflow/.local/lib/python3.7/site-packages/airflow/example_dags/example_xcom.py took 0.115 seconds
[2023-04-14 01:22:18,750] {processor.py:153} INFO - Started process (PID=1275) to work on /home/airflow/.local/lib/python3.7/site-packages/airflow/example_dags/example_xcom.py
[2023-04-14 01:22:18,750] {processor.py:641} INFO - Processing file /home/airflow/.local/lib/python3.7/site-packages/airflow/example_dags/example_xcom.py for tasks to queue
[2023-04-14 01:22:18,751] {logging_mixin.py:115} INFO - [2023-04-14 01:22:18,751] {dagbag.py:507} INFO - Filling up the DagBag from /home/airflow/.local/lib/python3.7/site-packages/airflow/example_dags/example_xcom.py
[2023-04-14 01:22:18,760] {processor.py:651} INFO - DAG(s) dict_keys(['example_xcom']) retrieved from /home/airflow/.local/lib/python3.7/site-packages/airflow/example_dags/example_xcom.py
[2023-04-14 01:22:18,862] {logging_mixin.py:115} INFO - [2023-04-14 01:22:18,862] {dag.py:2371} INFO - Sync 1 DAGs
[2023-04-14 01:22:18,871] {logging_mixin.py:115} INFO - [2023-04-14 01:22:18,871] {dag.py:2919} INFO - Setting next_dagrun for example_xcom to 2021-01-01T00:00:00+00:00, run_after=2021-01-01T00:00:00+00:00
[2023-04-14 01:22:18,878] {processor.py:161} INFO - Processing /home/airflow/.local/lib/python3.7/site-packages/airflow/example_dags/example_xcom.py took 0.129 seconds
[2023-04-14 01:22:49,694] {processor.py:153} INFO - Started process (PID=1327) to work on /home/airflow/.local/lib/python3.7/site-packages/airflow/example_dags/example_xcom.py
[2023-04-14 01:22:49,694] {processor.py:641} INFO - Processing file /home/airflow/.local/lib/python3.7/site-packages/airflow/example_dags/example_xcom.py for tasks to queue
[2023-04-14 01:22:49,694] {logging_mixin.py:115} INFO - [2023-04-14 01:22:49,694] {dagbag.py:507} INFO - Filling up the DagBag from /home/airflow/.local/lib/python3.7/site-packages/airflow/example_dags/example_xcom.py
[2023-04-14 01:22:49,703] {processor.py:651} INFO - DAG(s) dict_keys(['example_xcom']) retrieved from /home/airflow/.local/lib/python3.7/site-packages/airflow/example_dags/example_xcom.py
[2023-04-14 01:22:49,797] {logging_mixin.py:115} INFO - [2023-04-14 01:22:49,797] {dag.py:2371} INFO - Sync 1 DAGs
[2023-04-14 01:22:49,806] {logging_mixin.py:115} INFO - [2023-04-14 01:22:49,806] {dag.py:2919} INFO - Setting next_dagrun for example_xcom to 2021-01-01T00:00:00+00:00, run_after=2021-01-01T00:00:00+00:00
[2023-04-14 01:22:49,812] {processor.py:161} INFO - Processing /home/airflow/.local/lib/python3.7/site-packages/airflow/example_dags/example_xcom.py took 0.119 seconds
[2023-04-14 01:23:20,701] {processor.py:153} INFO - Started process (PID=1388) to work on /home/airflow/.local/lib/python3.7/site-packages/airflow/example_dags/example_xcom.py
[2023-04-14 01:23:20,701] {processor.py:641} INFO - Processing file /home/airflow/.local/lib/python3.7/site-packages/airflow/example_dags/example_xcom.py for tasks to queue
[2023-04-14 01:23:20,701] {logging_mixin.py:115} INFO - [2023-04-14 01:23:20,701] {dagbag.py:507} INFO - Filling up the DagBag from /home/airflow/.local/lib/python3.7/site-packages/airflow/example_dags/example_xcom.py
[2023-04-14 01:23:20,710] {processor.py:651} INFO - DAG(s) dict_keys(['example_xcom']) retrieved from /home/airflow/.local/lib/python3.7/site-packages/airflow/example_dags/example_xcom.py
[2023-04-14 01:23:20,824] {logging_mixin.py:115} INFO - [2023-04-14 01:23:20,824] {dag.py:2371} INFO - Sync 1 DAGs
[2023-04-14 01:23:20,833] {logging_mixin.py:115} INFO - [2023-04-14 01:23:20,833] {dag.py:2919} INFO - Setting next_dagrun for example_xcom to 2021-01-01T00:00:00+00:00, run_after=2021-01-01T00:00:00+00:00
[2023-04-14 01:23:20,840] {processor.py:161} INFO - Processing /home/airflow/.local/lib/python3.7/site-packages/airflow/example_dags/example_xcom.py took 0.140 seconds
[2023-04-14 01:23:51,828] {processor.py:153} INFO - Started process (PID=1449) to work on /home/airflow/.local/lib/python3.7/site-packages/airflow/example_dags/example_xcom.py
[2023-04-14 01:23:51,828] {processor.py:641} INFO - Processing file /home/airflow/.local/lib/python3.7/site-packages/airflow/example_dags/example_xcom.py for tasks to queue
[2023-04-14 01:23:51,828] {logging_mixin.py:115} INFO - [2023-04-14 01:23:51,828] {dagbag.py:507} INFO - Filling up the DagBag from /home/airflow/.local/lib/python3.7/site-packages/airflow/example_dags/example_xcom.py
[2023-04-14 01:23:51,836] {processor.py:651} INFO - DAG(s) dict_keys(['example_xcom']) retrieved from /home/airflow/.local/lib/python3.7/site-packages/airflow/example_dags/example_xcom.py
[2023-04-14 01:23:51,931] {logging_mixin.py:115} INFO - [2023-04-14 01:23:51,931] {dag.py:2371} INFO - Sync 1 DAGs
[2023-04-14 01:23:51,940] {logging_mixin.py:115} INFO - [2023-04-14 01:23:51,940] {dag.py:2919} INFO - Setting next_dagrun for example_xcom to 2021-01-01T00:00:00+00:00, run_after=2021-01-01T00:00:00+00:00
[2023-04-14 01:23:51,946] {processor.py:161} INFO - Processing /home/airflow/.local/lib/python3.7/site-packages/airflow/example_dags/example_xcom.py took 0.120 seconds
[2023-04-14 01:24:22,004] {processor.py:153} INFO - Started process (PID=1510) to work on /home/airflow/.local/lib/python3.7/site-packages/airflow/example_dags/example_xcom.py
[2023-04-14 01:24:22,004] {processor.py:641} INFO - Processing file /home/airflow/.local/lib/python3.7/site-packages/airflow/example_dags/example_xcom.py for tasks to queue
[2023-04-14 01:24:22,004] {logging_mixin.py:115} INFO - [2023-04-14 01:24:22,004] {dagbag.py:507} INFO - Filling up the DagBag from /home/airflow/.local/lib/python3.7/site-packages/airflow/example_dags/example_xcom.py
[2023-04-14 01:24:22,012] {processor.py:651} INFO - DAG(s) dict_keys(['example_xcom']) retrieved from /home/airflow/.local/lib/python3.7/site-packages/airflow/example_dags/example_xcom.py
[2023-04-14 01:24:22,083] {logging_mixin.py:115} INFO - [2023-04-14 01:24:22,083] {dag.py:2371} INFO - Sync 1 DAGs
[2023-04-14 01:24:22,093] {logging_mixin.py:115} INFO - [2023-04-14 01:24:22,093] {dag.py:2919} INFO - Setting next_dagrun for example_xcom to 2021-01-01T00:00:00+00:00, run_after=2021-01-01T00:00:00+00:00
[2023-04-14 01:24:22,098] {processor.py:161} INFO - Processing /home/airflow/.local/lib/python3.7/site-packages/airflow/example_dags/example_xcom.py took 0.096 seconds
[2023-04-14 01:24:52,206] {processor.py:153} INFO - Started process (PID=1571) to work on /home/airflow/.local/lib/python3.7/site-packages/airflow/example_dags/example_xcom.py
[2023-04-14 01:24:52,206] {processor.py:641} INFO - Processing file /home/airflow/.local/lib/python3.7/site-packages/airflow/example_dags/example_xcom.py for tasks to queue
[2023-04-14 01:24:52,206] {logging_mixin.py:115} INFO - [2023-04-14 01:24:52,206] {dagbag.py:507} INFO - Filling up the DagBag from /home/airflow/.local/lib/python3.7/site-packages/airflow/example_dags/example_xcom.py
[2023-04-14 01:24:52,214] {processor.py:651} INFO - DAG(s) dict_keys(['example_xcom']) retrieved from /home/airflow/.local/lib/python3.7/site-packages/airflow/example_dags/example_xcom.py
[2023-04-14 01:24:52,309] {logging_mixin.py:115} INFO - [2023-04-14 01:24:52,309] {dag.py:2371} INFO - Sync 1 DAGs
[2023-04-14 01:24:52,318] {logging_mixin.py:115} INFO - [2023-04-14 01:24:52,318] {dag.py:2919} INFO - Setting next_dagrun for example_xcom to 2021-01-01T00:00:00+00:00, run_after=2021-01-01T00:00:00+00:00
[2023-04-14 01:24:52,324] {processor.py:161} INFO - Processing /home/airflow/.local/lib/python3.7/site-packages/airflow/example_dags/example_xcom.py took 0.120 seconds
