[2023-04-14 01:12:02,921] {processor.py:153} INFO - Started process (PID=77) to work on /home/airflow/.local/lib/python3.7/site-packages/airflow/example_dags/example_branch_day_of_week_operator.py
[2023-04-14 01:12:02,921] {processor.py:641} INFO - Processing file /home/airflow/.local/lib/python3.7/site-packages/airflow/example_dags/example_branch_day_of_week_operator.py for tasks to queue
[2023-04-14 01:12:02,922] {logging_mixin.py:115} INFO - [2023-04-14 01:12:02,922] {dagbag.py:507} INFO - Filling up the DagBag from /home/airflow/.local/lib/python3.7/site-packages/airflow/example_dags/example_branch_day_of_week_operator.py
[2023-04-14 01:12:02,926] {processor.py:651} INFO - DAG(s) dict_keys(['example_weekday_branch_operator']) retrieved from /home/airflow/.local/lib/python3.7/site-packages/airflow/example_dags/example_branch_day_of_week_operator.py
[2023-04-14 01:12:03,041] {logging_mixin.py:115} INFO - [2023-04-14 01:12:03,041] {manager.py:508} INFO - Created Permission View: can read on DAG:example_weekday_branch_operator
[2023-04-14 01:12:03,046] {logging_mixin.py:115} INFO - [2023-04-14 01:12:03,046] {manager.py:508} INFO - Created Permission View: can delete on DAG:example_weekday_branch_operator
[2023-04-14 01:12:03,050] {logging_mixin.py:115} INFO - [2023-04-14 01:12:03,050] {manager.py:508} INFO - Created Permission View: can edit on DAG:example_weekday_branch_operator
[2023-04-14 01:12:03,050] {logging_mixin.py:115} INFO - [2023-04-14 01:12:03,050] {dag.py:2371} INFO - Sync 1 DAGs
[2023-04-14 01:12:03,054] {logging_mixin.py:115} INFO - [2023-04-14 01:12:03,054] {dag.py:2390} INFO - Creating ORM DAG for example_weekday_branch_operator
[2023-04-14 01:12:03,060] {logging_mixin.py:115} INFO - [2023-04-14 01:12:03,060] {dag.py:2919} INFO - Setting next_dagrun for example_weekday_branch_operator to 2023-04-13T00:00:00+00:00, run_after=2023-04-14T00:00:00+00:00
[2023-04-14 01:12:03,067] {processor.py:161} INFO - Processing /home/airflow/.local/lib/python3.7/site-packages/airflow/example_dags/example_branch_day_of_week_operator.py took 0.147 seconds
[2023-04-14 01:12:33,346] {processor.py:153} INFO - Started process (PID=138) to work on /home/airflow/.local/lib/python3.7/site-packages/airflow/example_dags/example_branch_day_of_week_operator.py
[2023-04-14 01:12:33,346] {processor.py:641} INFO - Processing file /home/airflow/.local/lib/python3.7/site-packages/airflow/example_dags/example_branch_day_of_week_operator.py for tasks to queue
[2023-04-14 01:12:33,346] {logging_mixin.py:115} INFO - [2023-04-14 01:12:33,346] {dagbag.py:507} INFO - Filling up the DagBag from /home/airflow/.local/lib/python3.7/site-packages/airflow/example_dags/example_branch_day_of_week_operator.py
[2023-04-14 01:12:33,350] {processor.py:651} INFO - DAG(s) dict_keys(['example_weekday_branch_operator']) retrieved from /home/airflow/.local/lib/python3.7/site-packages/airflow/example_dags/example_branch_day_of_week_operator.py
[2023-04-14 01:12:33,361] {logging_mixin.py:115} INFO - [2023-04-14 01:12:33,361] {dag.py:2371} INFO - Sync 1 DAGs
[2023-04-14 01:12:33,373] {logging_mixin.py:115} INFO - [2023-04-14 01:12:33,373] {dag.py:2919} INFO - Setting next_dagrun for example_weekday_branch_operator to 2023-04-13T00:00:00+00:00, run_after=2023-04-14T00:00:00+00:00
[2023-04-14 01:12:33,446] {processor.py:161} INFO - Processing /home/airflow/.local/lib/python3.7/site-packages/airflow/example_dags/example_branch_day_of_week_operator.py took 0.102 seconds
[2023-04-14 01:13:04,014] {processor.py:153} INFO - Started process (PID=199) to work on /home/airflow/.local/lib/python3.7/site-packages/airflow/example_dags/example_branch_day_of_week_operator.py
[2023-04-14 01:13:04,014] {processor.py:641} INFO - Processing file /home/airflow/.local/lib/python3.7/site-packages/airflow/example_dags/example_branch_day_of_week_operator.py for tasks to queue
[2023-04-14 01:13:04,015] {logging_mixin.py:115} INFO - [2023-04-14 01:13:04,014] {dagbag.py:507} INFO - Filling up the DagBag from /home/airflow/.local/lib/python3.7/site-packages/airflow/example_dags/example_branch_day_of_week_operator.py
[2023-04-14 01:13:04,018] {processor.py:651} INFO - DAG(s) dict_keys(['example_weekday_branch_operator']) retrieved from /home/airflow/.local/lib/python3.7/site-packages/airflow/example_dags/example_branch_day_of_week_operator.py
[2023-04-14 01:13:04,029] {logging_mixin.py:115} INFO - [2023-04-14 01:13:04,029] {dag.py:2371} INFO - Sync 1 DAGs
[2023-04-14 01:13:04,041] {logging_mixin.py:115} INFO - [2023-04-14 01:13:04,041] {dag.py:2919} INFO - Setting next_dagrun for example_weekday_branch_operator to 2023-04-13T00:00:00+00:00, run_after=2023-04-14T00:00:00+00:00
[2023-04-14 01:13:04,047] {processor.py:161} INFO - Processing /home/airflow/.local/lib/python3.7/site-packages/airflow/example_dags/example_branch_day_of_week_operator.py took 0.034 seconds
[2023-04-14 01:13:34,596] {processor.py:153} INFO - Started process (PID=260) to work on /home/airflow/.local/lib/python3.7/site-packages/airflow/example_dags/example_branch_day_of_week_operator.py
[2023-04-14 01:13:34,596] {processor.py:641} INFO - Processing file /home/airflow/.local/lib/python3.7/site-packages/airflow/example_dags/example_branch_day_of_week_operator.py for tasks to queue
[2023-04-14 01:13:34,596] {logging_mixin.py:115} INFO - [2023-04-14 01:13:34,596] {dagbag.py:507} INFO - Filling up the DagBag from /home/airflow/.local/lib/python3.7/site-packages/airflow/example_dags/example_branch_day_of_week_operator.py
[2023-04-14 01:13:34,600] {processor.py:651} INFO - DAG(s) dict_keys(['example_weekday_branch_operator']) retrieved from /home/airflow/.local/lib/python3.7/site-packages/airflow/example_dags/example_branch_day_of_week_operator.py
[2023-04-14 01:13:34,610] {logging_mixin.py:115} INFO - [2023-04-14 01:13:34,610] {dag.py:2371} INFO - Sync 1 DAGs
[2023-04-14 01:13:34,622] {logging_mixin.py:115} INFO - [2023-04-14 01:13:34,622] {dag.py:2919} INFO - Setting next_dagrun for example_weekday_branch_operator to 2023-04-13T00:00:00+00:00, run_after=2023-04-14T00:00:00+00:00
[2023-04-14 01:13:34,627] {processor.py:161} INFO - Processing /home/airflow/.local/lib/python3.7/site-packages/airflow/example_dags/example_branch_day_of_week_operator.py took 0.032 seconds
[2023-04-14 01:14:05,373] {processor.py:153} INFO - Started process (PID=321) to work on /home/airflow/.local/lib/python3.7/site-packages/airflow/example_dags/example_branch_day_of_week_operator.py
[2023-04-14 01:14:05,373] {processor.py:641} INFO - Processing file /home/airflow/.local/lib/python3.7/site-packages/airflow/example_dags/example_branch_day_of_week_operator.py for tasks to queue
[2023-04-14 01:14:05,373] {logging_mixin.py:115} INFO - [2023-04-14 01:14:05,373] {dagbag.py:507} INFO - Filling up the DagBag from /home/airflow/.local/lib/python3.7/site-packages/airflow/example_dags/example_branch_day_of_week_operator.py
[2023-04-14 01:14:05,377] {processor.py:651} INFO - DAG(s) dict_keys(['example_weekday_branch_operator']) retrieved from /home/airflow/.local/lib/python3.7/site-packages/airflow/example_dags/example_branch_day_of_week_operator.py
[2023-04-14 01:14:05,388] {logging_mixin.py:115} INFO - [2023-04-14 01:14:05,388] {dag.py:2371} INFO - Sync 1 DAGs
[2023-04-14 01:14:05,400] {logging_mixin.py:115} INFO - [2023-04-14 01:14:05,400] {dag.py:2919} INFO - Setting next_dagrun for example_weekday_branch_operator to 2023-04-13T00:00:00+00:00, run_after=2023-04-14T00:00:00+00:00
[2023-04-14 01:14:05,405] {processor.py:161} INFO - Processing /home/airflow/.local/lib/python3.7/site-packages/airflow/example_dags/example_branch_day_of_week_operator.py took 0.033 seconds
[2023-04-14 01:14:36,071] {processor.py:153} INFO - Started process (PID=373) to work on /home/airflow/.local/lib/python3.7/site-packages/airflow/example_dags/example_branch_day_of_week_operator.py
[2023-04-14 01:14:36,072] {processor.py:641} INFO - Processing file /home/airflow/.local/lib/python3.7/site-packages/airflow/example_dags/example_branch_day_of_week_operator.py for tasks to queue
[2023-04-14 01:14:36,072] {logging_mixin.py:115} INFO - [2023-04-14 01:14:36,072] {dagbag.py:507} INFO - Filling up the DagBag from /home/airflow/.local/lib/python3.7/site-packages/airflow/example_dags/example_branch_day_of_week_operator.py
[2023-04-14 01:14:36,075] {processor.py:651} INFO - DAG(s) dict_keys(['example_weekday_branch_operator']) retrieved from /home/airflow/.local/lib/python3.7/site-packages/airflow/example_dags/example_branch_day_of_week_operator.py
[2023-04-14 01:14:36,086] {logging_mixin.py:115} INFO - [2023-04-14 01:14:36,086] {dag.py:2371} INFO - Sync 1 DAGs
[2023-04-14 01:14:36,098] {logging_mixin.py:115} INFO - [2023-04-14 01:14:36,098] {dag.py:2919} INFO - Setting next_dagrun for example_weekday_branch_operator to 2023-04-13T00:00:00+00:00, run_after=2023-04-14T00:00:00+00:00
[2023-04-14 01:14:36,104] {processor.py:161} INFO - Processing /home/airflow/.local/lib/python3.7/site-packages/airflow/example_dags/example_branch_day_of_week_operator.py took 0.034 seconds
[2023-04-14 01:15:06,820] {processor.py:153} INFO - Started process (PID=434) to work on /home/airflow/.local/lib/python3.7/site-packages/airflow/example_dags/example_branch_day_of_week_operator.py
[2023-04-14 01:15:06,820] {processor.py:641} INFO - Processing file /home/airflow/.local/lib/python3.7/site-packages/airflow/example_dags/example_branch_day_of_week_operator.py for tasks to queue
[2023-04-14 01:15:06,820] {logging_mixin.py:115} INFO - [2023-04-14 01:15:06,820] {dagbag.py:507} INFO - Filling up the DagBag from /home/airflow/.local/lib/python3.7/site-packages/airflow/example_dags/example_branch_day_of_week_operator.py
[2023-04-14 01:15:06,824] {processor.py:651} INFO - DAG(s) dict_keys(['example_weekday_branch_operator']) retrieved from /home/airflow/.local/lib/python3.7/site-packages/airflow/example_dags/example_branch_day_of_week_operator.py
[2023-04-14 01:15:06,835] {logging_mixin.py:115} INFO - [2023-04-14 01:15:06,834] {dag.py:2371} INFO - Sync 1 DAGs
[2023-04-14 01:15:06,846] {logging_mixin.py:115} INFO - [2023-04-14 01:15:06,846] {dag.py:2919} INFO - Setting next_dagrun for example_weekday_branch_operator to 2023-04-13T00:00:00+00:00, run_after=2023-04-14T00:00:00+00:00
[2023-04-14 01:15:06,852] {processor.py:161} INFO - Processing /home/airflow/.local/lib/python3.7/site-packages/airflow/example_dags/example_branch_day_of_week_operator.py took 0.033 seconds
[2023-04-14 01:15:37,516] {processor.py:153} INFO - Started process (PID=495) to work on /home/airflow/.local/lib/python3.7/site-packages/airflow/example_dags/example_branch_day_of_week_operator.py
[2023-04-14 01:15:37,517] {processor.py:641} INFO - Processing file /home/airflow/.local/lib/python3.7/site-packages/airflow/example_dags/example_branch_day_of_week_operator.py for tasks to queue
[2023-04-14 01:15:37,517] {logging_mixin.py:115} INFO - [2023-04-14 01:15:37,517] {dagbag.py:507} INFO - Filling up the DagBag from /home/airflow/.local/lib/python3.7/site-packages/airflow/example_dags/example_branch_day_of_week_operator.py
[2023-04-14 01:15:37,520] {processor.py:651} INFO - DAG(s) dict_keys(['example_weekday_branch_operator']) retrieved from /home/airflow/.local/lib/python3.7/site-packages/airflow/example_dags/example_branch_day_of_week_operator.py
[2023-04-14 01:15:37,531] {logging_mixin.py:115} INFO - [2023-04-14 01:15:37,531] {dag.py:2371} INFO - Sync 1 DAGs
[2023-04-14 01:15:37,543] {logging_mixin.py:115} INFO - [2023-04-14 01:15:37,543] {dag.py:2919} INFO - Setting next_dagrun for example_weekday_branch_operator to 2023-04-13T00:00:00+00:00, run_after=2023-04-14T00:00:00+00:00
[2023-04-14 01:15:37,549] {processor.py:161} INFO - Processing /home/airflow/.local/lib/python3.7/site-packages/airflow/example_dags/example_branch_day_of_week_operator.py took 0.033 seconds
[2023-04-14 01:16:08,142] {processor.py:153} INFO - Started process (PID=556) to work on /home/airflow/.local/lib/python3.7/site-packages/airflow/example_dags/example_branch_day_of_week_operator.py
[2023-04-14 01:16:08,142] {processor.py:641} INFO - Processing file /home/airflow/.local/lib/python3.7/site-packages/airflow/example_dags/example_branch_day_of_week_operator.py for tasks to queue
[2023-04-14 01:16:08,142] {logging_mixin.py:115} INFO - [2023-04-14 01:16:08,142] {dagbag.py:507} INFO - Filling up the DagBag from /home/airflow/.local/lib/python3.7/site-packages/airflow/example_dags/example_branch_day_of_week_operator.py
[2023-04-14 01:16:08,146] {processor.py:651} INFO - DAG(s) dict_keys(['example_weekday_branch_operator']) retrieved from /home/airflow/.local/lib/python3.7/site-packages/airflow/example_dags/example_branch_day_of_week_operator.py
[2023-04-14 01:16:08,158] {logging_mixin.py:115} INFO - [2023-04-14 01:16:08,158] {dag.py:2371} INFO - Sync 1 DAGs
[2023-04-14 01:16:08,172] {logging_mixin.py:115} INFO - [2023-04-14 01:16:08,172] {dag.py:2919} INFO - Setting next_dagrun for example_weekday_branch_operator to 2023-04-13T00:00:00+00:00, run_after=2023-04-14T00:00:00+00:00
[2023-04-14 01:16:08,177] {processor.py:161} INFO - Processing /home/airflow/.local/lib/python3.7/site-packages/airflow/example_dags/example_branch_day_of_week_operator.py took 0.037 seconds
[2023-04-14 01:16:38,803] {processor.py:153} INFO - Started process (PID=617) to work on /home/airflow/.local/lib/python3.7/site-packages/airflow/example_dags/example_branch_day_of_week_operator.py
[2023-04-14 01:16:38,804] {processor.py:641} INFO - Processing file /home/airflow/.local/lib/python3.7/site-packages/airflow/example_dags/example_branch_day_of_week_operator.py for tasks to queue
[2023-04-14 01:16:38,804] {logging_mixin.py:115} INFO - [2023-04-14 01:16:38,804] {dagbag.py:507} INFO - Filling up the DagBag from /home/airflow/.local/lib/python3.7/site-packages/airflow/example_dags/example_branch_day_of_week_operator.py
[2023-04-14 01:16:38,807] {processor.py:651} INFO - DAG(s) dict_keys(['example_weekday_branch_operator']) retrieved from /home/airflow/.local/lib/python3.7/site-packages/airflow/example_dags/example_branch_day_of_week_operator.py
[2023-04-14 01:16:38,818] {logging_mixin.py:115} INFO - [2023-04-14 01:16:38,818] {dag.py:2371} INFO - Sync 1 DAGs
[2023-04-14 01:16:38,829] {logging_mixin.py:115} INFO - [2023-04-14 01:16:38,829] {dag.py:2919} INFO - Setting next_dagrun for example_weekday_branch_operator to 2023-04-13T00:00:00+00:00, run_after=2023-04-14T00:00:00+00:00
[2023-04-14 01:16:38,835] {processor.py:161} INFO - Processing /home/airflow/.local/lib/python3.7/site-packages/airflow/example_dags/example_branch_day_of_week_operator.py took 0.033 seconds
[2023-04-14 01:17:09,572] {processor.py:153} INFO - Started process (PID=678) to work on /home/airflow/.local/lib/python3.7/site-packages/airflow/example_dags/example_branch_day_of_week_operator.py
[2023-04-14 01:17:09,573] {processor.py:641} INFO - Processing file /home/airflow/.local/lib/python3.7/site-packages/airflow/example_dags/example_branch_day_of_week_operator.py for tasks to queue
[2023-04-14 01:17:09,573] {logging_mixin.py:115} INFO - [2023-04-14 01:17:09,573] {dagbag.py:507} INFO - Filling up the DagBag from /home/airflow/.local/lib/python3.7/site-packages/airflow/example_dags/example_branch_day_of_week_operator.py
[2023-04-14 01:17:09,576] {processor.py:651} INFO - DAG(s) dict_keys(['example_weekday_branch_operator']) retrieved from /home/airflow/.local/lib/python3.7/site-packages/airflow/example_dags/example_branch_day_of_week_operator.py
[2023-04-14 01:17:09,587] {logging_mixin.py:115} INFO - [2023-04-14 01:17:09,587] {dag.py:2371} INFO - Sync 1 DAGs
[2023-04-14 01:17:09,663] {logging_mixin.py:115} INFO - [2023-04-14 01:17:09,663] {dag.py:2919} INFO - Setting next_dagrun for example_weekday_branch_operator to 2023-04-13T00:00:00+00:00, run_after=2023-04-14T00:00:00+00:00
[2023-04-14 01:17:09,670] {processor.py:161} INFO - Processing /home/airflow/.local/lib/python3.7/site-packages/airflow/example_dags/example_branch_day_of_week_operator.py took 0.099 seconds
[2023-04-14 01:17:40,461] {processor.py:153} INFO - Started process (PID=739) to work on /home/airflow/.local/lib/python3.7/site-packages/airflow/example_dags/example_branch_day_of_week_operator.py
[2023-04-14 01:17:40,461] {processor.py:641} INFO - Processing file /home/airflow/.local/lib/python3.7/site-packages/airflow/example_dags/example_branch_day_of_week_operator.py for tasks to queue
[2023-04-14 01:17:40,462] {logging_mixin.py:115} INFO - [2023-04-14 01:17:40,462] {dagbag.py:507} INFO - Filling up the DagBag from /home/airflow/.local/lib/python3.7/site-packages/airflow/example_dags/example_branch_day_of_week_operator.py
[2023-04-14 01:17:40,465] {processor.py:651} INFO - DAG(s) dict_keys(['example_weekday_branch_operator']) retrieved from /home/airflow/.local/lib/python3.7/site-packages/airflow/example_dags/example_branch_day_of_week_operator.py
[2023-04-14 01:17:40,476] {logging_mixin.py:115} INFO - [2023-04-14 01:17:40,476] {dag.py:2371} INFO - Sync 1 DAGs
[2023-04-14 01:17:40,551] {logging_mixin.py:115} INFO - [2023-04-14 01:17:40,551] {dag.py:2919} INFO - Setting next_dagrun for example_weekday_branch_operator to 2023-04-13T00:00:00+00:00, run_after=2023-04-14T00:00:00+00:00
[2023-04-14 01:17:40,557] {processor.py:161} INFO - Processing /home/airflow/.local/lib/python3.7/site-packages/airflow/example_dags/example_branch_day_of_week_operator.py took 0.097 seconds
[2023-04-14 01:18:11,419] {processor.py:153} INFO - Started process (PID=791) to work on /home/airflow/.local/lib/python3.7/site-packages/airflow/example_dags/example_branch_day_of_week_operator.py
[2023-04-14 01:18:11,419] {processor.py:641} INFO - Processing file /home/airflow/.local/lib/python3.7/site-packages/airflow/example_dags/example_branch_day_of_week_operator.py for tasks to queue
[2023-04-14 01:18:11,419] {logging_mixin.py:115} INFO - [2023-04-14 01:18:11,419] {dagbag.py:507} INFO - Filling up the DagBag from /home/airflow/.local/lib/python3.7/site-packages/airflow/example_dags/example_branch_day_of_week_operator.py
[2023-04-14 01:18:11,422] {processor.py:651} INFO - DAG(s) dict_keys(['example_weekday_branch_operator']) retrieved from /home/airflow/.local/lib/python3.7/site-packages/airflow/example_dags/example_branch_day_of_week_operator.py
[2023-04-14 01:18:11,433] {logging_mixin.py:115} INFO - [2023-04-14 01:18:11,433] {dag.py:2371} INFO - Sync 1 DAGs
[2023-04-14 01:18:11,517] {logging_mixin.py:115} INFO - [2023-04-14 01:18:11,517] {dag.py:2919} INFO - Setting next_dagrun for example_weekday_branch_operator to 2023-04-13T00:00:00+00:00, run_after=2023-04-14T00:00:00+00:00
[2023-04-14 01:18:11,523] {processor.py:161} INFO - Processing /home/airflow/.local/lib/python3.7/site-packages/airflow/example_dags/example_branch_day_of_week_operator.py took 0.106 seconds
[2023-04-14 01:18:42,495] {processor.py:153} INFO - Started process (PID=852) to work on /home/airflow/.local/lib/python3.7/site-packages/airflow/example_dags/example_branch_day_of_week_operator.py
[2023-04-14 01:18:42,495] {processor.py:641} INFO - Processing file /home/airflow/.local/lib/python3.7/site-packages/airflow/example_dags/example_branch_day_of_week_operator.py for tasks to queue
[2023-04-14 01:18:42,495] {logging_mixin.py:115} INFO - [2023-04-14 01:18:42,495] {dagbag.py:507} INFO - Filling up the DagBag from /home/airflow/.local/lib/python3.7/site-packages/airflow/example_dags/example_branch_day_of_week_operator.py
[2023-04-14 01:18:42,498] {processor.py:651} INFO - DAG(s) dict_keys(['example_weekday_branch_operator']) retrieved from /home/airflow/.local/lib/python3.7/site-packages/airflow/example_dags/example_branch_day_of_week_operator.py
[2023-04-14 01:18:42,510] {logging_mixin.py:115} INFO - [2023-04-14 01:18:42,509] {dag.py:2371} INFO - Sync 1 DAGs
[2023-04-14 01:18:42,585] {logging_mixin.py:115} INFO - [2023-04-14 01:18:42,585] {dag.py:2919} INFO - Setting next_dagrun for example_weekday_branch_operator to 2023-04-13T00:00:00+00:00, run_after=2023-04-14T00:00:00+00:00
[2023-04-14 01:18:42,591] {processor.py:161} INFO - Processing /home/airflow/.local/lib/python3.7/site-packages/airflow/example_dags/example_branch_day_of_week_operator.py took 0.097 seconds
[2023-04-14 01:19:13,440] {processor.py:153} INFO - Started process (PID=913) to work on /home/airflow/.local/lib/python3.7/site-packages/airflow/example_dags/example_branch_day_of_week_operator.py
[2023-04-14 01:19:13,441] {processor.py:641} INFO - Processing file /home/airflow/.local/lib/python3.7/site-packages/airflow/example_dags/example_branch_day_of_week_operator.py for tasks to queue
[2023-04-14 01:19:13,441] {logging_mixin.py:115} INFO - [2023-04-14 01:19:13,441] {dagbag.py:507} INFO - Filling up the DagBag from /home/airflow/.local/lib/python3.7/site-packages/airflow/example_dags/example_branch_day_of_week_operator.py
[2023-04-14 01:19:13,444] {processor.py:651} INFO - DAG(s) dict_keys(['example_weekday_branch_operator']) retrieved from /home/airflow/.local/lib/python3.7/site-packages/airflow/example_dags/example_branch_day_of_week_operator.py
[2023-04-14 01:19:13,455] {logging_mixin.py:115} INFO - [2023-04-14 01:19:13,454] {dag.py:2371} INFO - Sync 1 DAGs
[2023-04-14 01:19:13,528] {logging_mixin.py:115} INFO - [2023-04-14 01:19:13,528] {dag.py:2919} INFO - Setting next_dagrun for example_weekday_branch_operator to 2023-04-13T00:00:00+00:00, run_after=2023-04-14T00:00:00+00:00
[2023-04-14 01:19:13,534] {processor.py:161} INFO - Processing /home/airflow/.local/lib/python3.7/site-packages/airflow/example_dags/example_branch_day_of_week_operator.py took 0.095 seconds
[2023-04-14 01:19:44,415] {processor.py:153} INFO - Started process (PID=974) to work on /home/airflow/.local/lib/python3.7/site-packages/airflow/example_dags/example_branch_day_of_week_operator.py
[2023-04-14 01:19:44,415] {processor.py:641} INFO - Processing file /home/airflow/.local/lib/python3.7/site-packages/airflow/example_dags/example_branch_day_of_week_operator.py for tasks to queue
[2023-04-14 01:19:44,415] {logging_mixin.py:115} INFO - [2023-04-14 01:19:44,415] {dagbag.py:507} INFO - Filling up the DagBag from /home/airflow/.local/lib/python3.7/site-packages/airflow/example_dags/example_branch_day_of_week_operator.py
[2023-04-14 01:19:44,419] {processor.py:651} INFO - DAG(s) dict_keys(['example_weekday_branch_operator']) retrieved from /home/airflow/.local/lib/python3.7/site-packages/airflow/example_dags/example_branch_day_of_week_operator.py
[2023-04-14 01:19:44,430] {logging_mixin.py:115} INFO - [2023-04-14 01:19:44,430] {dag.py:2371} INFO - Sync 1 DAGs
[2023-04-14 01:19:44,506] {logging_mixin.py:115} INFO - [2023-04-14 01:19:44,506] {dag.py:2919} INFO - Setting next_dagrun for example_weekday_branch_operator to 2023-04-13T00:00:00+00:00, run_after=2023-04-14T00:00:00+00:00
[2023-04-14 01:19:44,511] {processor.py:161} INFO - Processing /home/airflow/.local/lib/python3.7/site-packages/airflow/example_dags/example_branch_day_of_week_operator.py took 0.098 seconds
[2023-04-14 01:20:15,424] {processor.py:153} INFO - Started process (PID=1035) to work on /home/airflow/.local/lib/python3.7/site-packages/airflow/example_dags/example_branch_day_of_week_operator.py
[2023-04-14 01:20:15,425] {processor.py:641} INFO - Processing file /home/airflow/.local/lib/python3.7/site-packages/airflow/example_dags/example_branch_day_of_week_operator.py for tasks to queue
[2023-04-14 01:20:15,425] {logging_mixin.py:115} INFO - [2023-04-14 01:20:15,425] {dagbag.py:507} INFO - Filling up the DagBag from /home/airflow/.local/lib/python3.7/site-packages/airflow/example_dags/example_branch_day_of_week_operator.py
[2023-04-14 01:20:15,428] {processor.py:651} INFO - DAG(s) dict_keys(['example_weekday_branch_operator']) retrieved from /home/airflow/.local/lib/python3.7/site-packages/airflow/example_dags/example_branch_day_of_week_operator.py
[2023-04-14 01:20:15,440] {logging_mixin.py:115} INFO - [2023-04-14 01:20:15,440] {dag.py:2371} INFO - Sync 1 DAGs
[2023-04-14 01:20:15,522] {logging_mixin.py:115} INFO - [2023-04-14 01:20:15,521] {dag.py:2919} INFO - Setting next_dagrun for example_weekday_branch_operator to 2023-04-13T00:00:00+00:00, run_after=2023-04-14T00:00:00+00:00
[2023-04-14 01:20:15,528] {processor.py:161} INFO - Processing /home/airflow/.local/lib/python3.7/site-packages/airflow/example_dags/example_branch_day_of_week_operator.py took 0.104 seconds
[2023-04-14 01:20:46,286] {processor.py:153} INFO - Started process (PID=1096) to work on /home/airflow/.local/lib/python3.7/site-packages/airflow/example_dags/example_branch_day_of_week_operator.py
[2023-04-14 01:20:46,286] {processor.py:641} INFO - Processing file /home/airflow/.local/lib/python3.7/site-packages/airflow/example_dags/example_branch_day_of_week_operator.py for tasks to queue
[2023-04-14 01:20:46,287] {logging_mixin.py:115} INFO - [2023-04-14 01:20:46,287] {dagbag.py:507} INFO - Filling up the DagBag from /home/airflow/.local/lib/python3.7/site-packages/airflow/example_dags/example_branch_day_of_week_operator.py
[2023-04-14 01:20:46,290] {processor.py:651} INFO - DAG(s) dict_keys(['example_weekday_branch_operator']) retrieved from /home/airflow/.local/lib/python3.7/site-packages/airflow/example_dags/example_branch_day_of_week_operator.py
[2023-04-14 01:20:46,301] {logging_mixin.py:115} INFO - [2023-04-14 01:20:46,301] {dag.py:2371} INFO - Sync 1 DAGs
[2023-04-14 01:20:46,379] {logging_mixin.py:115} INFO - [2023-04-14 01:20:46,378] {dag.py:2919} INFO - Setting next_dagrun for example_weekday_branch_operator to 2023-04-13T00:00:00+00:00, run_after=2023-04-14T00:00:00+00:00
[2023-04-14 01:20:46,384] {processor.py:161} INFO - Processing /home/airflow/.local/lib/python3.7/site-packages/airflow/example_dags/example_branch_day_of_week_operator.py took 0.099 seconds
[2023-04-14 01:21:17,199] {processor.py:153} INFO - Started process (PID=1157) to work on /home/airflow/.local/lib/python3.7/site-packages/airflow/example_dags/example_branch_day_of_week_operator.py
[2023-04-14 01:21:17,200] {processor.py:641} INFO - Processing file /home/airflow/.local/lib/python3.7/site-packages/airflow/example_dags/example_branch_day_of_week_operator.py for tasks to queue
[2023-04-14 01:21:17,200] {logging_mixin.py:115} INFO - [2023-04-14 01:21:17,200] {dagbag.py:507} INFO - Filling up the DagBag from /home/airflow/.local/lib/python3.7/site-packages/airflow/example_dags/example_branch_day_of_week_operator.py
[2023-04-14 01:21:17,203] {processor.py:651} INFO - DAG(s) dict_keys(['example_weekday_branch_operator']) retrieved from /home/airflow/.local/lib/python3.7/site-packages/airflow/example_dags/example_branch_day_of_week_operator.py
[2023-04-14 01:21:17,215] {logging_mixin.py:115} INFO - [2023-04-14 01:21:17,215] {dag.py:2371} INFO - Sync 1 DAGs
[2023-04-14 01:21:17,292] {logging_mixin.py:115} INFO - [2023-04-14 01:21:17,292] {dag.py:2919} INFO - Setting next_dagrun for example_weekday_branch_operator to 2023-04-13T00:00:00+00:00, run_after=2023-04-14T00:00:00+00:00
[2023-04-14 01:21:17,298] {processor.py:161} INFO - Processing /home/airflow/.local/lib/python3.7/site-packages/airflow/example_dags/example_branch_day_of_week_operator.py took 0.099 seconds
[2023-04-14 01:21:48,067] {processor.py:153} INFO - Started process (PID=1218) to work on /home/airflow/.local/lib/python3.7/site-packages/airflow/example_dags/example_branch_day_of_week_operator.py
[2023-04-14 01:21:48,067] {processor.py:641} INFO - Processing file /home/airflow/.local/lib/python3.7/site-packages/airflow/example_dags/example_branch_day_of_week_operator.py for tasks to queue
[2023-04-14 01:21:48,067] {logging_mixin.py:115} INFO - [2023-04-14 01:21:48,067] {dagbag.py:507} INFO - Filling up the DagBag from /home/airflow/.local/lib/python3.7/site-packages/airflow/example_dags/example_branch_day_of_week_operator.py
[2023-04-14 01:21:48,071] {processor.py:651} INFO - DAG(s) dict_keys(['example_weekday_branch_operator']) retrieved from /home/airflow/.local/lib/python3.7/site-packages/airflow/example_dags/example_branch_day_of_week_operator.py
[2023-04-14 01:21:48,083] {logging_mixin.py:115} INFO - [2023-04-14 01:21:48,083] {dag.py:2371} INFO - Sync 1 DAGs
[2023-04-14 01:21:48,164] {logging_mixin.py:115} INFO - [2023-04-14 01:21:48,164] {dag.py:2919} INFO - Setting next_dagrun for example_weekday_branch_operator to 2023-04-13T00:00:00+00:00, run_after=2023-04-14T00:00:00+00:00
[2023-04-14 01:21:48,170] {processor.py:161} INFO - Processing /home/airflow/.local/lib/python3.7/site-packages/airflow/example_dags/example_branch_day_of_week_operator.py took 0.104 seconds
[2023-04-14 01:22:19,020] {processor.py:153} INFO - Started process (PID=1279) to work on /home/airflow/.local/lib/python3.7/site-packages/airflow/example_dags/example_branch_day_of_week_operator.py
[2023-04-14 01:22:19,020] {processor.py:641} INFO - Processing file /home/airflow/.local/lib/python3.7/site-packages/airflow/example_dags/example_branch_day_of_week_operator.py for tasks to queue
[2023-04-14 01:22:19,020] {logging_mixin.py:115} INFO - [2023-04-14 01:22:19,020] {dagbag.py:507} INFO - Filling up the DagBag from /home/airflow/.local/lib/python3.7/site-packages/airflow/example_dags/example_branch_day_of_week_operator.py
[2023-04-14 01:22:19,023] {processor.py:651} INFO - DAG(s) dict_keys(['example_weekday_branch_operator']) retrieved from /home/airflow/.local/lib/python3.7/site-packages/airflow/example_dags/example_branch_day_of_week_operator.py
[2023-04-14 01:22:19,035] {logging_mixin.py:115} INFO - [2023-04-14 01:22:19,035] {dag.py:2371} INFO - Sync 1 DAGs
[2023-04-14 01:22:19,124] {logging_mixin.py:115} INFO - [2023-04-14 01:22:19,124] {dag.py:2919} INFO - Setting next_dagrun for example_weekday_branch_operator to 2023-04-13T00:00:00+00:00, run_after=2023-04-14T00:00:00+00:00
[2023-04-14 01:22:19,131] {processor.py:161} INFO - Processing /home/airflow/.local/lib/python3.7/site-packages/airflow/example_dags/example_branch_day_of_week_operator.py took 0.113 seconds
[2023-04-14 01:22:49,942] {processor.py:153} INFO - Started process (PID=1331) to work on /home/airflow/.local/lib/python3.7/site-packages/airflow/example_dags/example_branch_day_of_week_operator.py
[2023-04-14 01:22:49,942] {processor.py:641} INFO - Processing file /home/airflow/.local/lib/python3.7/site-packages/airflow/example_dags/example_branch_day_of_week_operator.py for tasks to queue
[2023-04-14 01:22:49,943] {logging_mixin.py:115} INFO - [2023-04-14 01:22:49,943] {dagbag.py:507} INFO - Filling up the DagBag from /home/airflow/.local/lib/python3.7/site-packages/airflow/example_dags/example_branch_day_of_week_operator.py
[2023-04-14 01:22:49,946] {processor.py:651} INFO - DAG(s) dict_keys(['example_weekday_branch_operator']) retrieved from /home/airflow/.local/lib/python3.7/site-packages/airflow/example_dags/example_branch_day_of_week_operator.py
[2023-04-14 01:22:49,957] {logging_mixin.py:115} INFO - [2023-04-14 01:22:49,957] {dag.py:2371} INFO - Sync 1 DAGs
[2023-04-14 01:22:50,034] {logging_mixin.py:115} INFO - [2023-04-14 01:22:50,034] {dag.py:2919} INFO - Setting next_dagrun for example_weekday_branch_operator to 2023-04-13T00:00:00+00:00, run_after=2023-04-14T00:00:00+00:00
[2023-04-14 01:22:50,040] {processor.py:161} INFO - Processing /home/airflow/.local/lib/python3.7/site-packages/airflow/example_dags/example_branch_day_of_week_operator.py took 0.099 seconds
[2023-04-14 01:23:20,950] {processor.py:153} INFO - Started process (PID=1392) to work on /home/airflow/.local/lib/python3.7/site-packages/airflow/example_dags/example_branch_day_of_week_operator.py
[2023-04-14 01:23:20,951] {processor.py:641} INFO - Processing file /home/airflow/.local/lib/python3.7/site-packages/airflow/example_dags/example_branch_day_of_week_operator.py for tasks to queue
[2023-04-14 01:23:20,951] {logging_mixin.py:115} INFO - [2023-04-14 01:23:20,951] {dagbag.py:507} INFO - Filling up the DagBag from /home/airflow/.local/lib/python3.7/site-packages/airflow/example_dags/example_branch_day_of_week_operator.py
[2023-04-14 01:23:20,954] {processor.py:651} INFO - DAG(s) dict_keys(['example_weekday_branch_operator']) retrieved from /home/airflow/.local/lib/python3.7/site-packages/airflow/example_dags/example_branch_day_of_week_operator.py
[2023-04-14 01:23:20,965] {logging_mixin.py:115} INFO - [2023-04-14 01:23:20,965] {dag.py:2371} INFO - Sync 1 DAGs
[2023-04-14 01:23:21,047] {logging_mixin.py:115} INFO - [2023-04-14 01:23:21,047] {dag.py:2919} INFO - Setting next_dagrun for example_weekday_branch_operator to 2023-04-13T00:00:00+00:00, run_after=2023-04-14T00:00:00+00:00
[2023-04-14 01:23:21,052] {processor.py:161} INFO - Processing /home/airflow/.local/lib/python3.7/site-packages/airflow/example_dags/example_branch_day_of_week_operator.py took 0.103 seconds
[2023-04-14 01:23:52,080] {processor.py:153} INFO - Started process (PID=1453) to work on /home/airflow/.local/lib/python3.7/site-packages/airflow/example_dags/example_branch_day_of_week_operator.py
[2023-04-14 01:23:52,080] {processor.py:641} INFO - Processing file /home/airflow/.local/lib/python3.7/site-packages/airflow/example_dags/example_branch_day_of_week_operator.py for tasks to queue
[2023-04-14 01:23:52,080] {logging_mixin.py:115} INFO - [2023-04-14 01:23:52,080] {dagbag.py:507} INFO - Filling up the DagBag from /home/airflow/.local/lib/python3.7/site-packages/airflow/example_dags/example_branch_day_of_week_operator.py
[2023-04-14 01:23:52,083] {processor.py:651} INFO - DAG(s) dict_keys(['example_weekday_branch_operator']) retrieved from /home/airflow/.local/lib/python3.7/site-packages/airflow/example_dags/example_branch_day_of_week_operator.py
[2023-04-14 01:23:52,095] {logging_mixin.py:115} INFO - [2023-04-14 01:23:52,095] {dag.py:2371} INFO - Sync 1 DAGs
[2023-04-14 01:23:52,171] {logging_mixin.py:115} INFO - [2023-04-14 01:23:52,171] {dag.py:2919} INFO - Setting next_dagrun for example_weekday_branch_operator to 2023-04-13T00:00:00+00:00, run_after=2023-04-14T00:00:00+00:00
[2023-04-14 01:23:52,177] {processor.py:161} INFO - Processing /home/airflow/.local/lib/python3.7/site-packages/airflow/example_dags/example_branch_day_of_week_operator.py took 0.099 seconds
[2023-04-14 01:24:22,236] {processor.py:153} INFO - Started process (PID=1514) to work on /home/airflow/.local/lib/python3.7/site-packages/airflow/example_dags/example_branch_day_of_week_operator.py
[2023-04-14 01:24:22,237] {processor.py:641} INFO - Processing file /home/airflow/.local/lib/python3.7/site-packages/airflow/example_dags/example_branch_day_of_week_operator.py for tasks to queue
[2023-04-14 01:24:22,237] {logging_mixin.py:115} INFO - [2023-04-14 01:24:22,237] {dagbag.py:507} INFO - Filling up the DagBag from /home/airflow/.local/lib/python3.7/site-packages/airflow/example_dags/example_branch_day_of_week_operator.py
[2023-04-14 01:24:22,240] {processor.py:651} INFO - DAG(s) dict_keys(['example_weekday_branch_operator']) retrieved from /home/airflow/.local/lib/python3.7/site-packages/airflow/example_dags/example_branch_day_of_week_operator.py
[2023-04-14 01:24:22,252] {logging_mixin.py:115} INFO - [2023-04-14 01:24:22,251] {dag.py:2371} INFO - Sync 1 DAGs
[2023-04-14 01:24:22,325] {logging_mixin.py:115} INFO - [2023-04-14 01:24:22,325] {dag.py:2919} INFO - Setting next_dagrun for example_weekday_branch_operator to 2023-04-13T00:00:00+00:00, run_after=2023-04-14T00:00:00+00:00
[2023-04-14 01:24:22,331] {processor.py:161} INFO - Processing /home/airflow/.local/lib/python3.7/site-packages/airflow/example_dags/example_branch_day_of_week_operator.py took 0.096 seconds
[2023-04-14 01:24:52,458] {processor.py:153} INFO - Started process (PID=1575) to work on /home/airflow/.local/lib/python3.7/site-packages/airflow/example_dags/example_branch_day_of_week_operator.py
[2023-04-14 01:24:52,458] {processor.py:641} INFO - Processing file /home/airflow/.local/lib/python3.7/site-packages/airflow/example_dags/example_branch_day_of_week_operator.py for tasks to queue
[2023-04-14 01:24:52,458] {logging_mixin.py:115} INFO - [2023-04-14 01:24:52,458] {dagbag.py:507} INFO - Filling up the DagBag from /home/airflow/.local/lib/python3.7/site-packages/airflow/example_dags/example_branch_day_of_week_operator.py
[2023-04-14 01:24:52,461] {processor.py:651} INFO - DAG(s) dict_keys(['example_weekday_branch_operator']) retrieved from /home/airflow/.local/lib/python3.7/site-packages/airflow/example_dags/example_branch_day_of_week_operator.py
[2023-04-14 01:24:52,472] {logging_mixin.py:115} INFO - [2023-04-14 01:24:52,472] {dag.py:2371} INFO - Sync 1 DAGs
[2023-04-14 01:24:52,549] {logging_mixin.py:115} INFO - [2023-04-14 01:24:52,549] {dag.py:2919} INFO - Setting next_dagrun for example_weekday_branch_operator to 2023-04-13T00:00:00+00:00, run_after=2023-04-14T00:00:00+00:00
[2023-04-14 01:24:52,555] {processor.py:161} INFO - Processing /home/airflow/.local/lib/python3.7/site-packages/airflow/example_dags/example_branch_day_of_week_operator.py took 0.098 seconds
