[2023-04-14 01:12:03,851] {processor.py:153} INFO - Started process (PID=87) to work on /home/airflow/.local/lib/python3.7/site-packages/airflow/example_dags/example_branch_labels.py
[2023-04-14 01:12:03,851] {processor.py:641} INFO - Processing file /home/airflow/.local/lib/python3.7/site-packages/airflow/example_dags/example_branch_labels.py for tasks to queue
[2023-04-14 01:12:03,851] {logging_mixin.py:115} INFO - [2023-04-14 01:12:03,851] {dagbag.py:507} INFO - Filling up the DagBag from /home/airflow/.local/lib/python3.7/site-packages/airflow/example_dags/example_branch_labels.py
[2023-04-14 01:12:03,856] {processor.py:651} INFO - DAG(s) dict_keys(['example_branch_labels']) retrieved from /home/airflow/.local/lib/python3.7/site-packages/airflow/example_dags/example_branch_labels.py
[2023-04-14 01:12:03,993] {logging_mixin.py:115} INFO - [2023-04-14 01:12:03,993] {manager.py:508} INFO - Created Permission View: can read on DAG:example_branch_labels
[2023-04-14 01:12:03,998] {logging_mixin.py:115} INFO - [2023-04-14 01:12:03,998] {manager.py:508} INFO - Created Permission View: can delete on DAG:example_branch_labels
[2023-04-14 01:12:04,002] {logging_mixin.py:115} INFO - [2023-04-14 01:12:04,002] {manager.py:508} INFO - Created Permission View: can edit on DAG:example_branch_labels
[2023-04-14 01:12:04,002] {logging_mixin.py:115} INFO - [2023-04-14 01:12:04,002] {dag.py:2371} INFO - Sync 1 DAGs
[2023-04-14 01:12:04,006] {logging_mixin.py:115} INFO - [2023-04-14 01:12:04,006] {dag.py:2390} INFO - Creating ORM DAG for example_branch_labels
[2023-04-14 01:12:04,013] {logging_mixin.py:115} INFO - [2023-04-14 01:12:04,013] {dag.py:2919} INFO - Setting next_dagrun for example_branch_labels to 2023-04-13T00:00:00+00:00, run_after=2023-04-14T00:00:00+00:00
[2023-04-14 01:12:04,019] {processor.py:161} INFO - Processing /home/airflow/.local/lib/python3.7/site-packages/airflow/example_dags/example_branch_labels.py took 0.170 seconds
[2023-04-14 01:12:34,859] {processor.py:153} INFO - Started process (PID=148) to work on /home/airflow/.local/lib/python3.7/site-packages/airflow/example_dags/example_branch_labels.py
[2023-04-14 01:12:34,859] {processor.py:641} INFO - Processing file /home/airflow/.local/lib/python3.7/site-packages/airflow/example_dags/example_branch_labels.py for tasks to queue
[2023-04-14 01:12:34,859] {logging_mixin.py:115} INFO - [2023-04-14 01:12:34,859] {dagbag.py:507} INFO - Filling up the DagBag from /home/airflow/.local/lib/python3.7/site-packages/airflow/example_dags/example_branch_labels.py
[2023-04-14 01:12:34,862] {processor.py:651} INFO - DAG(s) dict_keys(['example_branch_labels']) retrieved from /home/airflow/.local/lib/python3.7/site-packages/airflow/example_dags/example_branch_labels.py
[2023-04-14 01:12:34,873] {logging_mixin.py:115} INFO - [2023-04-14 01:12:34,873] {dag.py:2371} INFO - Sync 1 DAGs
[2023-04-14 01:12:34,885] {logging_mixin.py:115} INFO - [2023-04-14 01:12:34,885] {dag.py:2919} INFO - Setting next_dagrun for example_branch_labels to 2023-04-13T00:00:00+00:00, run_after=2023-04-14T00:00:00+00:00
[2023-04-14 01:12:34,890] {processor.py:161} INFO - Processing /home/airflow/.local/lib/python3.7/site-packages/airflow/example_dags/example_branch_labels.py took 0.032 seconds
[2023-04-14 01:13:05,446] {processor.py:153} INFO - Started process (PID=209) to work on /home/airflow/.local/lib/python3.7/site-packages/airflow/example_dags/example_branch_labels.py
[2023-04-14 01:13:05,447] {processor.py:641} INFO - Processing file /home/airflow/.local/lib/python3.7/site-packages/airflow/example_dags/example_branch_labels.py for tasks to queue
[2023-04-14 01:13:05,447] {logging_mixin.py:115} INFO - [2023-04-14 01:13:05,447] {dagbag.py:507} INFO - Filling up the DagBag from /home/airflow/.local/lib/python3.7/site-packages/airflow/example_dags/example_branch_labels.py
[2023-04-14 01:13:05,450] {processor.py:651} INFO - DAG(s) dict_keys(['example_branch_labels']) retrieved from /home/airflow/.local/lib/python3.7/site-packages/airflow/example_dags/example_branch_labels.py
[2023-04-14 01:13:05,462] {logging_mixin.py:115} INFO - [2023-04-14 01:13:05,462] {dag.py:2371} INFO - Sync 1 DAGs
[2023-04-14 01:13:05,473] {logging_mixin.py:115} INFO - [2023-04-14 01:13:05,473] {dag.py:2919} INFO - Setting next_dagrun for example_branch_labels to 2023-04-13T00:00:00+00:00, run_after=2023-04-14T00:00:00+00:00
[2023-04-14 01:13:05,478] {processor.py:161} INFO - Processing /home/airflow/.local/lib/python3.7/site-packages/airflow/example_dags/example_branch_labels.py took 0.033 seconds
[2023-04-14 01:13:36,101] {processor.py:153} INFO - Started process (PID=270) to work on /home/airflow/.local/lib/python3.7/site-packages/airflow/example_dags/example_branch_labels.py
[2023-04-14 01:13:36,101] {processor.py:641} INFO - Processing file /home/airflow/.local/lib/python3.7/site-packages/airflow/example_dags/example_branch_labels.py for tasks to queue
[2023-04-14 01:13:36,101] {logging_mixin.py:115} INFO - [2023-04-14 01:13:36,101] {dagbag.py:507} INFO - Filling up the DagBag from /home/airflow/.local/lib/python3.7/site-packages/airflow/example_dags/example_branch_labels.py
[2023-04-14 01:13:36,104] {processor.py:651} INFO - DAG(s) dict_keys(['example_branch_labels']) retrieved from /home/airflow/.local/lib/python3.7/site-packages/airflow/example_dags/example_branch_labels.py
[2023-04-14 01:13:36,115] {logging_mixin.py:115} INFO - [2023-04-14 01:13:36,115] {dag.py:2371} INFO - Sync 1 DAGs
[2023-04-14 01:13:36,127] {logging_mixin.py:115} INFO - [2023-04-14 01:13:36,127] {dag.py:2919} INFO - Setting next_dagrun for example_branch_labels to 2023-04-13T00:00:00+00:00, run_after=2023-04-14T00:00:00+00:00
[2023-04-14 01:13:36,132] {processor.py:161} INFO - Processing /home/airflow/.local/lib/python3.7/site-packages/airflow/example_dags/example_branch_labels.py took 0.033 seconds
[2023-04-14 01:14:06,915] {processor.py:153} INFO - Started process (PID=331) to work on /home/airflow/.local/lib/python3.7/site-packages/airflow/example_dags/example_branch_labels.py
[2023-04-14 01:14:06,915] {processor.py:641} INFO - Processing file /home/airflow/.local/lib/python3.7/site-packages/airflow/example_dags/example_branch_labels.py for tasks to queue
[2023-04-14 01:14:06,915] {logging_mixin.py:115} INFO - [2023-04-14 01:14:06,915] {dagbag.py:507} INFO - Filling up the DagBag from /home/airflow/.local/lib/python3.7/site-packages/airflow/example_dags/example_branch_labels.py
[2023-04-14 01:14:06,918] {processor.py:651} INFO - DAG(s) dict_keys(['example_branch_labels']) retrieved from /home/airflow/.local/lib/python3.7/site-packages/airflow/example_dags/example_branch_labels.py
[2023-04-14 01:14:06,929] {logging_mixin.py:115} INFO - [2023-04-14 01:14:06,929] {dag.py:2371} INFO - Sync 1 DAGs
[2023-04-14 01:14:06,942] {logging_mixin.py:115} INFO - [2023-04-14 01:14:06,941] {dag.py:2919} INFO - Setting next_dagrun for example_branch_labels to 2023-04-13T00:00:00+00:00, run_after=2023-04-14T00:00:00+00:00
[2023-04-14 01:14:06,947] {processor.py:161} INFO - Processing /home/airflow/.local/lib/python3.7/site-packages/airflow/example_dags/example_branch_labels.py took 0.033 seconds
[2023-04-14 01:14:37,600] {processor.py:153} INFO - Started process (PID=392) to work on /home/airflow/.local/lib/python3.7/site-packages/airflow/example_dags/example_branch_labels.py
[2023-04-14 01:14:37,601] {processor.py:641} INFO - Processing file /home/airflow/.local/lib/python3.7/site-packages/airflow/example_dags/example_branch_labels.py for tasks to queue
[2023-04-14 01:14:37,601] {logging_mixin.py:115} INFO - [2023-04-14 01:14:37,601] {dagbag.py:507} INFO - Filling up the DagBag from /home/airflow/.local/lib/python3.7/site-packages/airflow/example_dags/example_branch_labels.py
[2023-04-14 01:14:37,604] {processor.py:651} INFO - DAG(s) dict_keys(['example_branch_labels']) retrieved from /home/airflow/.local/lib/python3.7/site-packages/airflow/example_dags/example_branch_labels.py
[2023-04-14 01:14:37,615] {logging_mixin.py:115} INFO - [2023-04-14 01:14:37,615] {dag.py:2371} INFO - Sync 1 DAGs
[2023-04-14 01:14:37,627] {logging_mixin.py:115} INFO - [2023-04-14 01:14:37,627] {dag.py:2919} INFO - Setting next_dagrun for example_branch_labels to 2023-04-13T00:00:00+00:00, run_after=2023-04-14T00:00:00+00:00
[2023-04-14 01:14:37,632] {processor.py:161} INFO - Processing /home/airflow/.local/lib/python3.7/site-packages/airflow/example_dags/example_branch_labels.py took 0.033 seconds
[2023-04-14 01:15:08,332] {processor.py:153} INFO - Started process (PID=444) to work on /home/airflow/.local/lib/python3.7/site-packages/airflow/example_dags/example_branch_labels.py
[2023-04-14 01:15:08,332] {processor.py:641} INFO - Processing file /home/airflow/.local/lib/python3.7/site-packages/airflow/example_dags/example_branch_labels.py for tasks to queue
[2023-04-14 01:15:08,332] {logging_mixin.py:115} INFO - [2023-04-14 01:15:08,332] {dagbag.py:507} INFO - Filling up the DagBag from /home/airflow/.local/lib/python3.7/site-packages/airflow/example_dags/example_branch_labels.py
[2023-04-14 01:15:08,335] {processor.py:651} INFO - DAG(s) dict_keys(['example_branch_labels']) retrieved from /home/airflow/.local/lib/python3.7/site-packages/airflow/example_dags/example_branch_labels.py
[2023-04-14 01:15:08,346] {logging_mixin.py:115} INFO - [2023-04-14 01:15:08,346] {dag.py:2371} INFO - Sync 1 DAGs
[2023-04-14 01:15:08,358] {logging_mixin.py:115} INFO - [2023-04-14 01:15:08,358] {dag.py:2919} INFO - Setting next_dagrun for example_branch_labels to 2023-04-13T00:00:00+00:00, run_after=2023-04-14T00:00:00+00:00
[2023-04-14 01:15:08,363] {processor.py:161} INFO - Processing /home/airflow/.local/lib/python3.7/site-packages/airflow/example_dags/example_branch_labels.py took 0.032 seconds
[2023-04-14 01:15:38,958] {processor.py:153} INFO - Started process (PID=505) to work on /home/airflow/.local/lib/python3.7/site-packages/airflow/example_dags/example_branch_labels.py
[2023-04-14 01:15:38,959] {processor.py:641} INFO - Processing file /home/airflow/.local/lib/python3.7/site-packages/airflow/example_dags/example_branch_labels.py for tasks to queue
[2023-04-14 01:15:38,959] {logging_mixin.py:115} INFO - [2023-04-14 01:15:38,959] {dagbag.py:507} INFO - Filling up the DagBag from /home/airflow/.local/lib/python3.7/site-packages/airflow/example_dags/example_branch_labels.py
[2023-04-14 01:15:38,961] {processor.py:651} INFO - DAG(s) dict_keys(['example_branch_labels']) retrieved from /home/airflow/.local/lib/python3.7/site-packages/airflow/example_dags/example_branch_labels.py
[2023-04-14 01:15:38,973] {logging_mixin.py:115} INFO - [2023-04-14 01:15:38,973] {dag.py:2371} INFO - Sync 1 DAGs
[2023-04-14 01:15:38,984] {logging_mixin.py:115} INFO - [2023-04-14 01:15:38,984] {dag.py:2919} INFO - Setting next_dagrun for example_branch_labels to 2023-04-13T00:00:00+00:00, run_after=2023-04-14T00:00:00+00:00
[2023-04-14 01:15:38,989] {processor.py:161} INFO - Processing /home/airflow/.local/lib/python3.7/site-packages/airflow/example_dags/example_branch_labels.py took 0.033 seconds
[2023-04-14 01:16:09,605] {processor.py:153} INFO - Started process (PID=566) to work on /home/airflow/.local/lib/python3.7/site-packages/airflow/example_dags/example_branch_labels.py
[2023-04-14 01:16:09,605] {processor.py:641} INFO - Processing file /home/airflow/.local/lib/python3.7/site-packages/airflow/example_dags/example_branch_labels.py for tasks to queue
[2023-04-14 01:16:09,605] {logging_mixin.py:115} INFO - [2023-04-14 01:16:09,605] {dagbag.py:507} INFO - Filling up the DagBag from /home/airflow/.local/lib/python3.7/site-packages/airflow/example_dags/example_branch_labels.py
[2023-04-14 01:16:09,608] {processor.py:651} INFO - DAG(s) dict_keys(['example_branch_labels']) retrieved from /home/airflow/.local/lib/python3.7/site-packages/airflow/example_dags/example_branch_labels.py
[2023-04-14 01:16:09,619] {logging_mixin.py:115} INFO - [2023-04-14 01:16:09,619] {dag.py:2371} INFO - Sync 1 DAGs
[2023-04-14 01:16:09,630] {logging_mixin.py:115} INFO - [2023-04-14 01:16:09,630] {dag.py:2919} INFO - Setting next_dagrun for example_branch_labels to 2023-04-13T00:00:00+00:00, run_after=2023-04-14T00:00:00+00:00
[2023-04-14 01:16:09,635] {processor.py:161} INFO - Processing /home/airflow/.local/lib/python3.7/site-packages/airflow/example_dags/example_branch_labels.py took 0.032 seconds
[2023-04-14 01:16:40,240] {processor.py:153} INFO - Started process (PID=627) to work on /home/airflow/.local/lib/python3.7/site-packages/airflow/example_dags/example_branch_labels.py
[2023-04-14 01:16:40,241] {processor.py:641} INFO - Processing file /home/airflow/.local/lib/python3.7/site-packages/airflow/example_dags/example_branch_labels.py for tasks to queue
[2023-04-14 01:16:40,241] {logging_mixin.py:115} INFO - [2023-04-14 01:16:40,241] {dagbag.py:507} INFO - Filling up the DagBag from /home/airflow/.local/lib/python3.7/site-packages/airflow/example_dags/example_branch_labels.py
[2023-04-14 01:16:40,244] {processor.py:651} INFO - DAG(s) dict_keys(['example_branch_labels']) retrieved from /home/airflow/.local/lib/python3.7/site-packages/airflow/example_dags/example_branch_labels.py
[2023-04-14 01:16:40,255] {logging_mixin.py:115} INFO - [2023-04-14 01:16:40,255] {dag.py:2371} INFO - Sync 1 DAGs
[2023-04-14 01:16:40,266] {logging_mixin.py:115} INFO - [2023-04-14 01:16:40,266] {dag.py:2919} INFO - Setting next_dagrun for example_branch_labels to 2023-04-13T00:00:00+00:00, run_after=2023-04-14T00:00:00+00:00
[2023-04-14 01:16:40,272] {processor.py:161} INFO - Processing /home/airflow/.local/lib/python3.7/site-packages/airflow/example_dags/example_branch_labels.py took 0.033 seconds
[2023-04-14 01:17:11,171] {processor.py:153} INFO - Started process (PID=688) to work on /home/airflow/.local/lib/python3.7/site-packages/airflow/example_dags/example_branch_labels.py
[2023-04-14 01:17:11,171] {processor.py:641} INFO - Processing file /home/airflow/.local/lib/python3.7/site-packages/airflow/example_dags/example_branch_labels.py for tasks to queue
[2023-04-14 01:17:11,171] {logging_mixin.py:115} INFO - [2023-04-14 01:17:11,171] {dagbag.py:507} INFO - Filling up the DagBag from /home/airflow/.local/lib/python3.7/site-packages/airflow/example_dags/example_branch_labels.py
[2023-04-14 01:17:11,174] {processor.py:651} INFO - DAG(s) dict_keys(['example_branch_labels']) retrieved from /home/airflow/.local/lib/python3.7/site-packages/airflow/example_dags/example_branch_labels.py
[2023-04-14 01:17:11,186] {logging_mixin.py:115} INFO - [2023-04-14 01:17:11,186] {dag.py:2371} INFO - Sync 1 DAGs
[2023-04-14 01:17:11,260] {logging_mixin.py:115} INFO - [2023-04-14 01:17:11,260] {dag.py:2919} INFO - Setting next_dagrun for example_branch_labels to 2023-04-13T00:00:00+00:00, run_after=2023-04-14T00:00:00+00:00
[2023-04-14 01:17:11,266] {processor.py:161} INFO - Processing /home/airflow/.local/lib/python3.7/site-packages/airflow/example_dags/example_branch_labels.py took 0.096 seconds
[2023-04-14 01:17:42,032] {processor.py:153} INFO - Started process (PID=749) to work on /home/airflow/.local/lib/python3.7/site-packages/airflow/example_dags/example_branch_labels.py
[2023-04-14 01:17:42,033] {processor.py:641} INFO - Processing file /home/airflow/.local/lib/python3.7/site-packages/airflow/example_dags/example_branch_labels.py for tasks to queue
[2023-04-14 01:17:42,033] {logging_mixin.py:115} INFO - [2023-04-14 01:17:42,033] {dagbag.py:507} INFO - Filling up the DagBag from /home/airflow/.local/lib/python3.7/site-packages/airflow/example_dags/example_branch_labels.py
[2023-04-14 01:17:42,036] {processor.py:651} INFO - DAG(s) dict_keys(['example_branch_labels']) retrieved from /home/airflow/.local/lib/python3.7/site-packages/airflow/example_dags/example_branch_labels.py
[2023-04-14 01:17:42,047] {logging_mixin.py:115} INFO - [2023-04-14 01:17:42,047] {dag.py:2371} INFO - Sync 1 DAGs
[2023-04-14 01:17:42,117] {logging_mixin.py:115} INFO - [2023-04-14 01:17:42,117] {dag.py:2919} INFO - Setting next_dagrun for example_branch_labels to 2023-04-13T00:00:00+00:00, run_after=2023-04-14T00:00:00+00:00
[2023-04-14 01:17:42,125] {processor.py:161} INFO - Processing /home/airflow/.local/lib/python3.7/site-packages/airflow/example_dags/example_branch_labels.py took 0.094 seconds
[2023-04-14 01:18:13,001] {processor.py:153} INFO - Started process (PID=810) to work on /home/airflow/.local/lib/python3.7/site-packages/airflow/example_dags/example_branch_labels.py
[2023-04-14 01:18:13,002] {processor.py:641} INFO - Processing file /home/airflow/.local/lib/python3.7/site-packages/airflow/example_dags/example_branch_labels.py for tasks to queue
[2023-04-14 01:18:13,002] {logging_mixin.py:115} INFO - [2023-04-14 01:18:13,002] {dagbag.py:507} INFO - Filling up the DagBag from /home/airflow/.local/lib/python3.7/site-packages/airflow/example_dags/example_branch_labels.py
[2023-04-14 01:18:13,005] {processor.py:651} INFO - DAG(s) dict_keys(['example_branch_labels']) retrieved from /home/airflow/.local/lib/python3.7/site-packages/airflow/example_dags/example_branch_labels.py
[2023-04-14 01:18:13,016] {logging_mixin.py:115} INFO - [2023-04-14 01:18:13,016] {dag.py:2371} INFO - Sync 1 DAGs
[2023-04-14 01:18:13,088] {logging_mixin.py:115} INFO - [2023-04-14 01:18:13,088] {dag.py:2919} INFO - Setting next_dagrun for example_branch_labels to 2023-04-13T00:00:00+00:00, run_after=2023-04-14T00:00:00+00:00
[2023-04-14 01:18:13,096] {processor.py:161} INFO - Processing /home/airflow/.local/lib/python3.7/site-packages/airflow/example_dags/example_branch_labels.py took 0.096 seconds
[2023-04-14 01:18:43,124] {processor.py:153} INFO - Started process (PID=862) to work on /home/airflow/.local/lib/python3.7/site-packages/airflow/example_dags/example_branch_labels.py
[2023-04-14 01:18:43,124] {processor.py:641} INFO - Processing file /home/airflow/.local/lib/python3.7/site-packages/airflow/example_dags/example_branch_labels.py for tasks to queue
[2023-04-14 01:18:43,124] {logging_mixin.py:115} INFO - [2023-04-14 01:18:43,124] {dagbag.py:507} INFO - Filling up the DagBag from /home/airflow/.local/lib/python3.7/site-packages/airflow/example_dags/example_branch_labels.py
[2023-04-14 01:18:43,127] {processor.py:651} INFO - DAG(s) dict_keys(['example_branch_labels']) retrieved from /home/airflow/.local/lib/python3.7/site-packages/airflow/example_dags/example_branch_labels.py
[2023-04-14 01:18:43,138] {logging_mixin.py:115} INFO - [2023-04-14 01:18:43,138] {dag.py:2371} INFO - Sync 1 DAGs
[2023-04-14 01:18:43,208] {logging_mixin.py:115} INFO - [2023-04-14 01:18:43,208] {dag.py:2919} INFO - Setting next_dagrun for example_branch_labels to 2023-04-13T00:00:00+00:00, run_after=2023-04-14T00:00:00+00:00
[2023-04-14 01:18:43,216] {processor.py:161} INFO - Processing /home/airflow/.local/lib/python3.7/site-packages/airflow/example_dags/example_branch_labels.py took 0.094 seconds
[2023-04-14 01:19:13,990] {processor.py:153} INFO - Started process (PID=923) to work on /home/airflow/.local/lib/python3.7/site-packages/airflow/example_dags/example_branch_labels.py
[2023-04-14 01:19:13,991] {processor.py:641} INFO - Processing file /home/airflow/.local/lib/python3.7/site-packages/airflow/example_dags/example_branch_labels.py for tasks to queue
[2023-04-14 01:19:13,991] {logging_mixin.py:115} INFO - [2023-04-14 01:19:13,991] {dagbag.py:507} INFO - Filling up the DagBag from /home/airflow/.local/lib/python3.7/site-packages/airflow/example_dags/example_branch_labels.py
[2023-04-14 01:19:13,993] {processor.py:651} INFO - DAG(s) dict_keys(['example_branch_labels']) retrieved from /home/airflow/.local/lib/python3.7/site-packages/airflow/example_dags/example_branch_labels.py
[2023-04-14 01:19:14,005] {logging_mixin.py:115} INFO - [2023-04-14 01:19:14,005] {dag.py:2371} INFO - Sync 1 DAGs
[2023-04-14 01:19:14,077] {logging_mixin.py:115} INFO - [2023-04-14 01:19:14,077] {dag.py:2919} INFO - Setting next_dagrun for example_branch_labels to 2023-04-13T00:00:00+00:00, run_after=2023-04-14T00:00:00+00:00
[2023-04-14 01:19:14,083] {processor.py:161} INFO - Processing /home/airflow/.local/lib/python3.7/site-packages/airflow/example_dags/example_branch_labels.py took 0.094 seconds
[2023-04-14 01:19:44,974] {processor.py:153} INFO - Started process (PID=984) to work on /home/airflow/.local/lib/python3.7/site-packages/airflow/example_dags/example_branch_labels.py
[2023-04-14 01:19:44,974] {processor.py:641} INFO - Processing file /home/airflow/.local/lib/python3.7/site-packages/airflow/example_dags/example_branch_labels.py for tasks to queue
[2023-04-14 01:19:44,974] {logging_mixin.py:115} INFO - [2023-04-14 01:19:44,974] {dagbag.py:507} INFO - Filling up the DagBag from /home/airflow/.local/lib/python3.7/site-packages/airflow/example_dags/example_branch_labels.py
[2023-04-14 01:19:44,977] {processor.py:651} INFO - DAG(s) dict_keys(['example_branch_labels']) retrieved from /home/airflow/.local/lib/python3.7/site-packages/airflow/example_dags/example_branch_labels.py
[2023-04-14 01:19:44,989] {logging_mixin.py:115} INFO - [2023-04-14 01:19:44,989] {dag.py:2371} INFO - Sync 1 DAGs
[2023-04-14 01:19:45,069] {logging_mixin.py:115} INFO - [2023-04-14 01:19:45,069] {dag.py:2919} INFO - Setting next_dagrun for example_branch_labels to 2023-04-13T00:00:00+00:00, run_after=2023-04-14T00:00:00+00:00
[2023-04-14 01:19:45,076] {processor.py:161} INFO - Processing /home/airflow/.local/lib/python3.7/site-packages/airflow/example_dags/example_branch_labels.py took 0.103 seconds
[2023-04-14 01:20:16,005] {processor.py:153} INFO - Started process (PID=1045) to work on /home/airflow/.local/lib/python3.7/site-packages/airflow/example_dags/example_branch_labels.py
[2023-04-14 01:20:16,005] {processor.py:641} INFO - Processing file /home/airflow/.local/lib/python3.7/site-packages/airflow/example_dags/example_branch_labels.py for tasks to queue
[2023-04-14 01:20:16,005] {logging_mixin.py:115} INFO - [2023-04-14 01:20:16,005] {dagbag.py:507} INFO - Filling up the DagBag from /home/airflow/.local/lib/python3.7/site-packages/airflow/example_dags/example_branch_labels.py
[2023-04-14 01:20:16,008] {processor.py:651} INFO - DAG(s) dict_keys(['example_branch_labels']) retrieved from /home/airflow/.local/lib/python3.7/site-packages/airflow/example_dags/example_branch_labels.py
[2023-04-14 01:20:16,019] {logging_mixin.py:115} INFO - [2023-04-14 01:20:16,018] {dag.py:2371} INFO - Sync 1 DAGs
[2023-04-14 01:20:16,088] {logging_mixin.py:115} INFO - [2023-04-14 01:20:16,088] {dag.py:2919} INFO - Setting next_dagrun for example_branch_labels to 2023-04-13T00:00:00+00:00, run_after=2023-04-14T00:00:00+00:00
[2023-04-14 01:20:16,094] {processor.py:161} INFO - Processing /home/airflow/.local/lib/python3.7/site-packages/airflow/example_dags/example_branch_labels.py took 0.090 seconds
[2023-04-14 01:20:46,884] {processor.py:153} INFO - Started process (PID=1106) to work on /home/airflow/.local/lib/python3.7/site-packages/airflow/example_dags/example_branch_labels.py
[2023-04-14 01:20:46,885] {processor.py:641} INFO - Processing file /home/airflow/.local/lib/python3.7/site-packages/airflow/example_dags/example_branch_labels.py for tasks to queue
[2023-04-14 01:20:46,885] {logging_mixin.py:115} INFO - [2023-04-14 01:20:46,885] {dagbag.py:507} INFO - Filling up the DagBag from /home/airflow/.local/lib/python3.7/site-packages/airflow/example_dags/example_branch_labels.py
[2023-04-14 01:20:46,888] {processor.py:651} INFO - DAG(s) dict_keys(['example_branch_labels']) retrieved from /home/airflow/.local/lib/python3.7/site-packages/airflow/example_dags/example_branch_labels.py
[2023-04-14 01:20:46,898] {logging_mixin.py:115} INFO - [2023-04-14 01:20:46,898] {dag.py:2371} INFO - Sync 1 DAGs
[2023-04-14 01:20:46,971] {logging_mixin.py:115} INFO - [2023-04-14 01:20:46,971] {dag.py:2919} INFO - Setting next_dagrun for example_branch_labels to 2023-04-13T00:00:00+00:00, run_after=2023-04-14T00:00:00+00:00
[2023-04-14 01:20:46,977] {processor.py:161} INFO - Processing /home/airflow/.local/lib/python3.7/site-packages/airflow/example_dags/example_branch_labels.py took 0.094 seconds
[2023-04-14 01:21:17,786] {processor.py:153} INFO - Started process (PID=1167) to work on /home/airflow/.local/lib/python3.7/site-packages/airflow/example_dags/example_branch_labels.py
[2023-04-14 01:21:17,787] {processor.py:641} INFO - Processing file /home/airflow/.local/lib/python3.7/site-packages/airflow/example_dags/example_branch_labels.py for tasks to queue
[2023-04-14 01:21:17,788] {logging_mixin.py:115} INFO - [2023-04-14 01:21:17,787] {dagbag.py:507} INFO - Filling up the DagBag from /home/airflow/.local/lib/python3.7/site-packages/airflow/example_dags/example_branch_labels.py
[2023-04-14 01:21:17,790] {processor.py:651} INFO - DAG(s) dict_keys(['example_branch_labels']) retrieved from /home/airflow/.local/lib/python3.7/site-packages/airflow/example_dags/example_branch_labels.py
[2023-04-14 01:21:17,802] {logging_mixin.py:115} INFO - [2023-04-14 01:21:17,801] {dag.py:2371} INFO - Sync 1 DAGs
[2023-04-14 01:21:17,873] {logging_mixin.py:115} INFO - [2023-04-14 01:21:17,873] {dag.py:2919} INFO - Setting next_dagrun for example_branch_labels to 2023-04-13T00:00:00+00:00, run_after=2023-04-14T00:00:00+00:00
[2023-04-14 01:21:17,882] {processor.py:161} INFO - Processing /home/airflow/.local/lib/python3.7/site-packages/airflow/example_dags/example_branch_labels.py took 0.097 seconds
[2023-04-14 01:21:48,646] {processor.py:153} INFO - Started process (PID=1228) to work on /home/airflow/.local/lib/python3.7/site-packages/airflow/example_dags/example_branch_labels.py
[2023-04-14 01:21:48,647] {processor.py:641} INFO - Processing file /home/airflow/.local/lib/python3.7/site-packages/airflow/example_dags/example_branch_labels.py for tasks to queue
[2023-04-14 01:21:48,647] {logging_mixin.py:115} INFO - [2023-04-14 01:21:48,647] {dagbag.py:507} INFO - Filling up the DagBag from /home/airflow/.local/lib/python3.7/site-packages/airflow/example_dags/example_branch_labels.py
[2023-04-14 01:21:48,649] {processor.py:651} INFO - DAG(s) dict_keys(['example_branch_labels']) retrieved from /home/airflow/.local/lib/python3.7/site-packages/airflow/example_dags/example_branch_labels.py
[2023-04-14 01:21:48,661] {logging_mixin.py:115} INFO - [2023-04-14 01:21:48,661] {dag.py:2371} INFO - Sync 1 DAGs
[2023-04-14 01:21:48,736] {logging_mixin.py:115} INFO - [2023-04-14 01:21:48,736] {dag.py:2919} INFO - Setting next_dagrun for example_branch_labels to 2023-04-13T00:00:00+00:00, run_after=2023-04-14T00:00:00+00:00
[2023-04-14 01:21:48,743] {processor.py:161} INFO - Processing /home/airflow/.local/lib/python3.7/site-packages/airflow/example_dags/example_branch_labels.py took 0.098 seconds
[2023-04-14 01:22:19,610] {processor.py:153} INFO - Started process (PID=1289) to work on /home/airflow/.local/lib/python3.7/site-packages/airflow/example_dags/example_branch_labels.py
[2023-04-14 01:22:19,610] {processor.py:641} INFO - Processing file /home/airflow/.local/lib/python3.7/site-packages/airflow/example_dags/example_branch_labels.py for tasks to queue
[2023-04-14 01:22:19,610] {logging_mixin.py:115} INFO - [2023-04-14 01:22:19,610] {dagbag.py:507} INFO - Filling up the DagBag from /home/airflow/.local/lib/python3.7/site-packages/airflow/example_dags/example_branch_labels.py
[2023-04-14 01:22:19,613] {processor.py:651} INFO - DAG(s) dict_keys(['example_branch_labels']) retrieved from /home/airflow/.local/lib/python3.7/site-packages/airflow/example_dags/example_branch_labels.py
[2023-04-14 01:22:19,625] {logging_mixin.py:115} INFO - [2023-04-14 01:22:19,625] {dag.py:2371} INFO - Sync 1 DAGs
[2023-04-14 01:22:19,698] {logging_mixin.py:115} INFO - [2023-04-14 01:22:19,698] {dag.py:2919} INFO - Setting next_dagrun for example_branch_labels to 2023-04-13T00:00:00+00:00, run_after=2023-04-14T00:00:00+00:00
[2023-04-14 01:22:19,705] {processor.py:161} INFO - Processing /home/airflow/.local/lib/python3.7/site-packages/airflow/example_dags/example_branch_labels.py took 0.096 seconds
[2023-04-14 01:22:50,508] {processor.py:153} INFO - Started process (PID=1341) to work on /home/airflow/.local/lib/python3.7/site-packages/airflow/example_dags/example_branch_labels.py
[2023-04-14 01:22:50,508] {processor.py:641} INFO - Processing file /home/airflow/.local/lib/python3.7/site-packages/airflow/example_dags/example_branch_labels.py for tasks to queue
[2023-04-14 01:22:50,509] {logging_mixin.py:115} INFO - [2023-04-14 01:22:50,509] {dagbag.py:507} INFO - Filling up the DagBag from /home/airflow/.local/lib/python3.7/site-packages/airflow/example_dags/example_branch_labels.py
[2023-04-14 01:22:50,511] {processor.py:651} INFO - DAG(s) dict_keys(['example_branch_labels']) retrieved from /home/airflow/.local/lib/python3.7/site-packages/airflow/example_dags/example_branch_labels.py
[2023-04-14 01:22:50,523] {logging_mixin.py:115} INFO - [2023-04-14 01:22:50,523] {dag.py:2371} INFO - Sync 1 DAGs
[2023-04-14 01:22:50,594] {logging_mixin.py:115} INFO - [2023-04-14 01:22:50,594] {dag.py:2919} INFO - Setting next_dagrun for example_branch_labels to 2023-04-13T00:00:00+00:00, run_after=2023-04-14T00:00:00+00:00
[2023-04-14 01:22:50,599] {processor.py:161} INFO - Processing /home/airflow/.local/lib/python3.7/site-packages/airflow/example_dags/example_branch_labels.py took 0.092 seconds
[2023-04-14 01:23:21,506] {processor.py:153} INFO - Started process (PID=1402) to work on /home/airflow/.local/lib/python3.7/site-packages/airflow/example_dags/example_branch_labels.py
[2023-04-14 01:23:21,507] {processor.py:641} INFO - Processing file /home/airflow/.local/lib/python3.7/site-packages/airflow/example_dags/example_branch_labels.py for tasks to queue
[2023-04-14 01:23:21,507] {logging_mixin.py:115} INFO - [2023-04-14 01:23:21,507] {dagbag.py:507} INFO - Filling up the DagBag from /home/airflow/.local/lib/python3.7/site-packages/airflow/example_dags/example_branch_labels.py
[2023-04-14 01:23:21,510] {processor.py:651} INFO - DAG(s) dict_keys(['example_branch_labels']) retrieved from /home/airflow/.local/lib/python3.7/site-packages/airflow/example_dags/example_branch_labels.py
[2023-04-14 01:23:21,521] {logging_mixin.py:115} INFO - [2023-04-14 01:23:21,521] {dag.py:2371} INFO - Sync 1 DAGs
[2023-04-14 01:23:21,590] {logging_mixin.py:115} INFO - [2023-04-14 01:23:21,590] {dag.py:2919} INFO - Setting next_dagrun for example_branch_labels to 2023-04-13T00:00:00+00:00, run_after=2023-04-14T00:00:00+00:00
[2023-04-14 01:23:21,595] {processor.py:161} INFO - Processing /home/airflow/.local/lib/python3.7/site-packages/airflow/example_dags/example_branch_labels.py took 0.089 seconds
[2023-04-14 01:23:52,632] {processor.py:153} INFO - Started process (PID=1463) to work on /home/airflow/.local/lib/python3.7/site-packages/airflow/example_dags/example_branch_labels.py
[2023-04-14 01:23:52,633] {processor.py:641} INFO - Processing file /home/airflow/.local/lib/python3.7/site-packages/airflow/example_dags/example_branch_labels.py for tasks to queue
[2023-04-14 01:23:52,633] {logging_mixin.py:115} INFO - [2023-04-14 01:23:52,633] {dagbag.py:507} INFO - Filling up the DagBag from /home/airflow/.local/lib/python3.7/site-packages/airflow/example_dags/example_branch_labels.py
[2023-04-14 01:23:52,635] {processor.py:651} INFO - DAG(s) dict_keys(['example_branch_labels']) retrieved from /home/airflow/.local/lib/python3.7/site-packages/airflow/example_dags/example_branch_labels.py
[2023-04-14 01:23:52,647] {logging_mixin.py:115} INFO - [2023-04-14 01:23:52,647] {dag.py:2371} INFO - Sync 1 DAGs
[2023-04-14 01:23:52,719] {logging_mixin.py:115} INFO - [2023-04-14 01:23:52,719] {dag.py:2919} INFO - Setting next_dagrun for example_branch_labels to 2023-04-13T00:00:00+00:00, run_after=2023-04-14T00:00:00+00:00
[2023-04-14 01:23:52,724] {processor.py:161} INFO - Processing /home/airflow/.local/lib/python3.7/site-packages/airflow/example_dags/example_branch_labels.py took 0.093 seconds
[2023-04-14 01:24:22,766] {processor.py:153} INFO - Started process (PID=1524) to work on /home/airflow/.local/lib/python3.7/site-packages/airflow/example_dags/example_branch_labels.py
[2023-04-14 01:24:22,766] {processor.py:641} INFO - Processing file /home/airflow/.local/lib/python3.7/site-packages/airflow/example_dags/example_branch_labels.py for tasks to queue
[2023-04-14 01:24:22,766] {logging_mixin.py:115} INFO - [2023-04-14 01:24:22,766] {dagbag.py:507} INFO - Filling up the DagBag from /home/airflow/.local/lib/python3.7/site-packages/airflow/example_dags/example_branch_labels.py
[2023-04-14 01:24:22,769] {processor.py:651} INFO - DAG(s) dict_keys(['example_branch_labels']) retrieved from /home/airflow/.local/lib/python3.7/site-packages/airflow/example_dags/example_branch_labels.py
[2023-04-14 01:24:22,781] {logging_mixin.py:115} INFO - [2023-04-14 01:24:22,781] {dag.py:2371} INFO - Sync 1 DAGs
[2023-04-14 01:24:22,859] {logging_mixin.py:115} INFO - [2023-04-14 01:24:22,859] {dag.py:2919} INFO - Setting next_dagrun for example_branch_labels to 2023-04-13T00:00:00+00:00, run_after=2023-04-14T00:00:00+00:00
[2023-04-14 01:24:22,864] {processor.py:161} INFO - Processing /home/airflow/.local/lib/python3.7/site-packages/airflow/example_dags/example_branch_labels.py took 0.100 seconds
[2023-04-14 01:24:52,987] {processor.py:153} INFO - Started process (PID=1585) to work on /home/airflow/.local/lib/python3.7/site-packages/airflow/example_dags/example_branch_labels.py
[2023-04-14 01:24:52,988] {processor.py:641} INFO - Processing file /home/airflow/.local/lib/python3.7/site-packages/airflow/example_dags/example_branch_labels.py for tasks to queue
[2023-04-14 01:24:52,988] {logging_mixin.py:115} INFO - [2023-04-14 01:24:52,988] {dagbag.py:507} INFO - Filling up the DagBag from /home/airflow/.local/lib/python3.7/site-packages/airflow/example_dags/example_branch_labels.py
[2023-04-14 01:24:52,991] {processor.py:651} INFO - DAG(s) dict_keys(['example_branch_labels']) retrieved from /home/airflow/.local/lib/python3.7/site-packages/airflow/example_dags/example_branch_labels.py
[2023-04-14 01:24:53,002] {logging_mixin.py:115} INFO - [2023-04-14 01:24:53,002] {dag.py:2371} INFO - Sync 1 DAGs
[2023-04-14 01:24:53,074] {logging_mixin.py:115} INFO - [2023-04-14 01:24:53,074] {dag.py:2919} INFO - Setting next_dagrun for example_branch_labels to 2023-04-13T00:00:00+00:00, run_after=2023-04-14T00:00:00+00:00
[2023-04-14 01:24:53,079] {processor.py:161} INFO - Processing /home/airflow/.local/lib/python3.7/site-packages/airflow/example_dags/example_branch_labels.py took 0.093 seconds
