[2023-04-14 01:12:04,191] {processor.py:153} INFO - Started process (PID=91) to work on /home/airflow/.local/lib/python3.7/site-packages/airflow/example_dags/example_branch_operator_decorator.py
[2023-04-14 01:12:04,191] {processor.py:641} INFO - Processing file /home/airflow/.local/lib/python3.7/site-packages/airflow/example_dags/example_branch_operator_decorator.py for tasks to queue
[2023-04-14 01:12:04,192] {logging_mixin.py:115} INFO - [2023-04-14 01:12:04,192] {dagbag.py:507} INFO - Filling up the DagBag from /home/airflow/.local/lib/python3.7/site-packages/airflow/example_dags/example_branch_operator_decorator.py
[2023-04-14 01:12:04,200] {processor.py:651} INFO - DAG(s) dict_keys(['example_branch_python_operator_decorator']) retrieved from /home/airflow/.local/lib/python3.7/site-packages/airflow/example_dags/example_branch_operator_decorator.py
[2023-04-14 01:12:04,314] {logging_mixin.py:115} INFO - [2023-04-14 01:12:04,314] {manager.py:508} INFO - Created Permission View: can read on DAG:example_branch_python_operator_decorator
[2023-04-14 01:12:04,319] {logging_mixin.py:115} INFO - [2023-04-14 01:12:04,319] {manager.py:508} INFO - Created Permission View: can delete on DAG:example_branch_python_operator_decorator
[2023-04-14 01:12:04,323] {logging_mixin.py:115} INFO - [2023-04-14 01:12:04,323] {manager.py:508} INFO - Created Permission View: can edit on DAG:example_branch_python_operator_decorator
[2023-04-14 01:12:04,323] {logging_mixin.py:115} INFO - [2023-04-14 01:12:04,323] {dag.py:2371} INFO - Sync 1 DAGs
[2023-04-14 01:12:04,327] {logging_mixin.py:115} INFO - [2023-04-14 01:12:04,327] {dag.py:2390} INFO - Creating ORM DAG for example_branch_python_operator_decorator
[2023-04-14 01:12:04,333] {logging_mixin.py:115} INFO - [2023-04-14 01:12:04,333] {dag.py:2919} INFO - Setting next_dagrun for example_branch_python_operator_decorator to 2023-04-13T00:00:00+00:00, run_after=2023-04-14T00:00:00+00:00
[2023-04-14 01:12:04,340] {processor.py:161} INFO - Processing /home/airflow/.local/lib/python3.7/site-packages/airflow/example_dags/example_branch_operator_decorator.py took 0.150 seconds
[2023-04-14 01:12:35,016] {processor.py:153} INFO - Started process (PID=152) to work on /home/airflow/.local/lib/python3.7/site-packages/airflow/example_dags/example_branch_operator_decorator.py
[2023-04-14 01:12:35,016] {processor.py:641} INFO - Processing file /home/airflow/.local/lib/python3.7/site-packages/airflow/example_dags/example_branch_operator_decorator.py for tasks to queue
[2023-04-14 01:12:35,017] {logging_mixin.py:115} INFO - [2023-04-14 01:12:35,017] {dagbag.py:507} INFO - Filling up the DagBag from /home/airflow/.local/lib/python3.7/site-packages/airflow/example_dags/example_branch_operator_decorator.py
[2023-04-14 01:12:35,025] {processor.py:651} INFO - DAG(s) dict_keys(['example_branch_python_operator_decorator']) retrieved from /home/airflow/.local/lib/python3.7/site-packages/airflow/example_dags/example_branch_operator_decorator.py
[2023-04-14 01:12:35,036] {logging_mixin.py:115} INFO - [2023-04-14 01:12:35,036] {dag.py:2371} INFO - Sync 1 DAGs
[2023-04-14 01:12:35,109] {logging_mixin.py:115} INFO - [2023-04-14 01:12:35,109] {dag.py:2919} INFO - Setting next_dagrun for example_branch_python_operator_decorator to 2023-04-13T00:00:00+00:00, run_after=2023-04-14T00:00:00+00:00
[2023-04-14 01:12:35,115] {processor.py:161} INFO - Processing /home/airflow/.local/lib/python3.7/site-packages/airflow/example_dags/example_branch_operator_decorator.py took 0.100 seconds
[2023-04-14 01:13:05,608] {processor.py:153} INFO - Started process (PID=213) to work on /home/airflow/.local/lib/python3.7/site-packages/airflow/example_dags/example_branch_operator_decorator.py
[2023-04-14 01:13:05,609] {processor.py:641} INFO - Processing file /home/airflow/.local/lib/python3.7/site-packages/airflow/example_dags/example_branch_operator_decorator.py for tasks to queue
[2023-04-14 01:13:05,609] {logging_mixin.py:115} INFO - [2023-04-14 01:13:05,609] {dagbag.py:507} INFO - Filling up the DagBag from /home/airflow/.local/lib/python3.7/site-packages/airflow/example_dags/example_branch_operator_decorator.py
[2023-04-14 01:13:05,618] {processor.py:651} INFO - DAG(s) dict_keys(['example_branch_python_operator_decorator']) retrieved from /home/airflow/.local/lib/python3.7/site-packages/airflow/example_dags/example_branch_operator_decorator.py
[2023-04-14 01:13:05,629] {logging_mixin.py:115} INFO - [2023-04-14 01:13:05,629] {dag.py:2371} INFO - Sync 1 DAGs
[2023-04-14 01:13:05,708] {logging_mixin.py:115} INFO - [2023-04-14 01:13:05,708] {dag.py:2919} INFO - Setting next_dagrun for example_branch_python_operator_decorator to 2023-04-13T00:00:00+00:00, run_after=2023-04-14T00:00:00+00:00
[2023-04-14 01:13:05,714] {processor.py:161} INFO - Processing /home/airflow/.local/lib/python3.7/site-packages/airflow/example_dags/example_branch_operator_decorator.py took 0.107 seconds
[2023-04-14 01:13:36,219] {processor.py:153} INFO - Started process (PID=274) to work on /home/airflow/.local/lib/python3.7/site-packages/airflow/example_dags/example_branch_operator_decorator.py
[2023-04-14 01:13:36,219] {processor.py:641} INFO - Processing file /home/airflow/.local/lib/python3.7/site-packages/airflow/example_dags/example_branch_operator_decorator.py for tasks to queue
[2023-04-14 01:13:36,220] {logging_mixin.py:115} INFO - [2023-04-14 01:13:36,220] {dagbag.py:507} INFO - Filling up the DagBag from /home/airflow/.local/lib/python3.7/site-packages/airflow/example_dags/example_branch_operator_decorator.py
[2023-04-14 01:13:36,228] {processor.py:651} INFO - DAG(s) dict_keys(['example_branch_python_operator_decorator']) retrieved from /home/airflow/.local/lib/python3.7/site-packages/airflow/example_dags/example_branch_operator_decorator.py
[2023-04-14 01:13:36,239] {logging_mixin.py:115} INFO - [2023-04-14 01:13:36,239] {dag.py:2371} INFO - Sync 1 DAGs
[2023-04-14 01:13:36,312] {logging_mixin.py:115} INFO - [2023-04-14 01:13:36,312] {dag.py:2919} INFO - Setting next_dagrun for example_branch_python_operator_decorator to 2023-04-13T00:00:00+00:00, run_after=2023-04-14T00:00:00+00:00
[2023-04-14 01:13:36,318] {processor.py:161} INFO - Processing /home/airflow/.local/lib/python3.7/site-packages/airflow/example_dags/example_branch_operator_decorator.py took 0.100 seconds
[2023-04-14 01:14:07,075] {processor.py:153} INFO - Started process (PID=335) to work on /home/airflow/.local/lib/python3.7/site-packages/airflow/example_dags/example_branch_operator_decorator.py
[2023-04-14 01:14:07,075] {processor.py:641} INFO - Processing file /home/airflow/.local/lib/python3.7/site-packages/airflow/example_dags/example_branch_operator_decorator.py for tasks to queue
[2023-04-14 01:14:07,075] {logging_mixin.py:115} INFO - [2023-04-14 01:14:07,075] {dagbag.py:507} INFO - Filling up the DagBag from /home/airflow/.local/lib/python3.7/site-packages/airflow/example_dags/example_branch_operator_decorator.py
[2023-04-14 01:14:07,083] {processor.py:651} INFO - DAG(s) dict_keys(['example_branch_python_operator_decorator']) retrieved from /home/airflow/.local/lib/python3.7/site-packages/airflow/example_dags/example_branch_operator_decorator.py
[2023-04-14 01:14:07,096] {logging_mixin.py:115} INFO - [2023-04-14 01:14:07,095] {dag.py:2371} INFO - Sync 1 DAGs
[2023-04-14 01:14:07,173] {logging_mixin.py:115} INFO - [2023-04-14 01:14:07,173] {dag.py:2919} INFO - Setting next_dagrun for example_branch_python_operator_decorator to 2023-04-13T00:00:00+00:00, run_after=2023-04-14T00:00:00+00:00
[2023-04-14 01:14:07,179] {processor.py:161} INFO - Processing /home/airflow/.local/lib/python3.7/site-packages/airflow/example_dags/example_branch_operator_decorator.py took 0.106 seconds
[2023-04-14 01:14:37,759] {processor.py:153} INFO - Started process (PID=396) to work on /home/airflow/.local/lib/python3.7/site-packages/airflow/example_dags/example_branch_operator_decorator.py
[2023-04-14 01:14:37,759] {processor.py:641} INFO - Processing file /home/airflow/.local/lib/python3.7/site-packages/airflow/example_dags/example_branch_operator_decorator.py for tasks to queue
[2023-04-14 01:14:37,760] {logging_mixin.py:115} INFO - [2023-04-14 01:14:37,760] {dagbag.py:507} INFO - Filling up the DagBag from /home/airflow/.local/lib/python3.7/site-packages/airflow/example_dags/example_branch_operator_decorator.py
[2023-04-14 01:14:37,769] {processor.py:651} INFO - DAG(s) dict_keys(['example_branch_python_operator_decorator']) retrieved from /home/airflow/.local/lib/python3.7/site-packages/airflow/example_dags/example_branch_operator_decorator.py
[2023-04-14 01:14:37,781] {logging_mixin.py:115} INFO - [2023-04-14 01:14:37,781] {dag.py:2371} INFO - Sync 1 DAGs
[2023-04-14 01:14:37,865] {logging_mixin.py:115} INFO - [2023-04-14 01:14:37,865] {dag.py:2919} INFO - Setting next_dagrun for example_branch_python_operator_decorator to 2023-04-13T00:00:00+00:00, run_after=2023-04-14T00:00:00+00:00
[2023-04-14 01:14:37,871] {processor.py:161} INFO - Processing /home/airflow/.local/lib/python3.7/site-packages/airflow/example_dags/example_branch_operator_decorator.py took 0.114 seconds
[2023-04-14 01:15:08,490] {processor.py:153} INFO - Started process (PID=448) to work on /home/airflow/.local/lib/python3.7/site-packages/airflow/example_dags/example_branch_operator_decorator.py
[2023-04-14 01:15:08,491] {processor.py:641} INFO - Processing file /home/airflow/.local/lib/python3.7/site-packages/airflow/example_dags/example_branch_operator_decorator.py for tasks to queue
[2023-04-14 01:15:08,491] {logging_mixin.py:115} INFO - [2023-04-14 01:15:08,491] {dagbag.py:507} INFO - Filling up the DagBag from /home/airflow/.local/lib/python3.7/site-packages/airflow/example_dags/example_branch_operator_decorator.py
[2023-04-14 01:15:08,499] {processor.py:651} INFO - DAG(s) dict_keys(['example_branch_python_operator_decorator']) retrieved from /home/airflow/.local/lib/python3.7/site-packages/airflow/example_dags/example_branch_operator_decorator.py
[2023-04-14 01:15:08,511] {logging_mixin.py:115} INFO - [2023-04-14 01:15:08,511] {dag.py:2371} INFO - Sync 1 DAGs
[2023-04-14 01:15:08,588] {logging_mixin.py:115} INFO - [2023-04-14 01:15:08,588] {dag.py:2919} INFO - Setting next_dagrun for example_branch_python_operator_decorator to 2023-04-13T00:00:00+00:00, run_after=2023-04-14T00:00:00+00:00
[2023-04-14 01:15:08,594] {processor.py:161} INFO - Processing /home/airflow/.local/lib/python3.7/site-packages/airflow/example_dags/example_branch_operator_decorator.py took 0.105 seconds
[2023-04-14 01:15:39,116] {processor.py:153} INFO - Started process (PID=509) to work on /home/airflow/.local/lib/python3.7/site-packages/airflow/example_dags/example_branch_operator_decorator.py
[2023-04-14 01:15:39,116] {processor.py:641} INFO - Processing file /home/airflow/.local/lib/python3.7/site-packages/airflow/example_dags/example_branch_operator_decorator.py for tasks to queue
[2023-04-14 01:15:39,116] {logging_mixin.py:115} INFO - [2023-04-14 01:15:39,116] {dagbag.py:507} INFO - Filling up the DagBag from /home/airflow/.local/lib/python3.7/site-packages/airflow/example_dags/example_branch_operator_decorator.py
[2023-04-14 01:15:39,124] {processor.py:651} INFO - DAG(s) dict_keys(['example_branch_python_operator_decorator']) retrieved from /home/airflow/.local/lib/python3.7/site-packages/airflow/example_dags/example_branch_operator_decorator.py
[2023-04-14 01:15:39,135] {logging_mixin.py:115} INFO - [2023-04-14 01:15:39,135] {dag.py:2371} INFO - Sync 1 DAGs
[2023-04-14 01:15:39,213] {logging_mixin.py:115} INFO - [2023-04-14 01:15:39,213] {dag.py:2919} INFO - Setting next_dagrun for example_branch_python_operator_decorator to 2023-04-13T00:00:00+00:00, run_after=2023-04-14T00:00:00+00:00
[2023-04-14 01:15:39,219] {processor.py:161} INFO - Processing /home/airflow/.local/lib/python3.7/site-packages/airflow/example_dags/example_branch_operator_decorator.py took 0.105 seconds
[2023-04-14 01:16:09,759] {processor.py:153} INFO - Started process (PID=570) to work on /home/airflow/.local/lib/python3.7/site-packages/airflow/example_dags/example_branch_operator_decorator.py
[2023-04-14 01:16:09,760] {processor.py:641} INFO - Processing file /home/airflow/.local/lib/python3.7/site-packages/airflow/example_dags/example_branch_operator_decorator.py for tasks to queue
[2023-04-14 01:16:09,760] {logging_mixin.py:115} INFO - [2023-04-14 01:16:09,760] {dagbag.py:507} INFO - Filling up the DagBag from /home/airflow/.local/lib/python3.7/site-packages/airflow/example_dags/example_branch_operator_decorator.py
[2023-04-14 01:16:09,768] {processor.py:651} INFO - DAG(s) dict_keys(['example_branch_python_operator_decorator']) retrieved from /home/airflow/.local/lib/python3.7/site-packages/airflow/example_dags/example_branch_operator_decorator.py
[2023-04-14 01:16:09,780] {logging_mixin.py:115} INFO - [2023-04-14 01:16:09,780] {dag.py:2371} INFO - Sync 1 DAGs
[2023-04-14 01:16:09,859] {logging_mixin.py:115} INFO - [2023-04-14 01:16:09,859] {dag.py:2919} INFO - Setting next_dagrun for example_branch_python_operator_decorator to 2023-04-13T00:00:00+00:00, run_after=2023-04-14T00:00:00+00:00
[2023-04-14 01:16:09,864] {processor.py:161} INFO - Processing /home/airflow/.local/lib/python3.7/site-packages/airflow/example_dags/example_branch_operator_decorator.py took 0.106 seconds
[2023-04-14 01:16:40,448] {processor.py:153} INFO - Started process (PID=631) to work on /home/airflow/.local/lib/python3.7/site-packages/airflow/example_dags/example_branch_operator_decorator.py
[2023-04-14 01:16:40,448] {processor.py:641} INFO - Processing file /home/airflow/.local/lib/python3.7/site-packages/airflow/example_dags/example_branch_operator_decorator.py for tasks to queue
[2023-04-14 01:16:40,449] {logging_mixin.py:115} INFO - [2023-04-14 01:16:40,449] {dagbag.py:507} INFO - Filling up the DagBag from /home/airflow/.local/lib/python3.7/site-packages/airflow/example_dags/example_branch_operator_decorator.py
[2023-04-14 01:16:40,457] {processor.py:651} INFO - DAG(s) dict_keys(['example_branch_python_operator_decorator']) retrieved from /home/airflow/.local/lib/python3.7/site-packages/airflow/example_dags/example_branch_operator_decorator.py
[2023-04-14 01:16:40,469] {logging_mixin.py:115} INFO - [2023-04-14 01:16:40,469] {dag.py:2371} INFO - Sync 1 DAGs
[2023-04-14 01:16:40,544] {logging_mixin.py:115} INFO - [2023-04-14 01:16:40,544] {dag.py:2919} INFO - Setting next_dagrun for example_branch_python_operator_decorator to 2023-04-13T00:00:00+00:00, run_after=2023-04-14T00:00:00+00:00
[2023-04-14 01:16:40,550] {processor.py:161} INFO - Processing /home/airflow/.local/lib/python3.7/site-packages/airflow/example_dags/example_branch_operator_decorator.py took 0.103 seconds
[2023-04-14 01:17:11,387] {processor.py:153} INFO - Started process (PID=692) to work on /home/airflow/.local/lib/python3.7/site-packages/airflow/example_dags/example_branch_operator_decorator.py
[2023-04-14 01:17:11,388] {processor.py:641} INFO - Processing file /home/airflow/.local/lib/python3.7/site-packages/airflow/example_dags/example_branch_operator_decorator.py for tasks to queue
[2023-04-14 01:17:11,388] {logging_mixin.py:115} INFO - [2023-04-14 01:17:11,388] {dagbag.py:507} INFO - Filling up the DagBag from /home/airflow/.local/lib/python3.7/site-packages/airflow/example_dags/example_branch_operator_decorator.py
[2023-04-14 01:17:11,396] {processor.py:651} INFO - DAG(s) dict_keys(['example_branch_python_operator_decorator']) retrieved from /home/airflow/.local/lib/python3.7/site-packages/airflow/example_dags/example_branch_operator_decorator.py
[2023-04-14 01:17:11,408] {logging_mixin.py:115} INFO - [2023-04-14 01:17:11,408] {dag.py:2371} INFO - Sync 1 DAGs
[2023-04-14 01:17:11,482] {logging_mixin.py:115} INFO - [2023-04-14 01:17:11,482] {dag.py:2919} INFO - Setting next_dagrun for example_branch_python_operator_decorator to 2023-04-13T00:00:00+00:00, run_after=2023-04-14T00:00:00+00:00
[2023-04-14 01:17:11,487] {processor.py:161} INFO - Processing /home/airflow/.local/lib/python3.7/site-packages/airflow/example_dags/example_branch_operator_decorator.py took 0.101 seconds
[2023-04-14 01:17:42,251] {processor.py:153} INFO - Started process (PID=753) to work on /home/airflow/.local/lib/python3.7/site-packages/airflow/example_dags/example_branch_operator_decorator.py
[2023-04-14 01:17:42,252] {processor.py:641} INFO - Processing file /home/airflow/.local/lib/python3.7/site-packages/airflow/example_dags/example_branch_operator_decorator.py for tasks to queue
[2023-04-14 01:17:42,252] {logging_mixin.py:115} INFO - [2023-04-14 01:17:42,252] {dagbag.py:507} INFO - Filling up the DagBag from /home/airflow/.local/lib/python3.7/site-packages/airflow/example_dags/example_branch_operator_decorator.py
[2023-04-14 01:17:42,260] {processor.py:651} INFO - DAG(s) dict_keys(['example_branch_python_operator_decorator']) retrieved from /home/airflow/.local/lib/python3.7/site-packages/airflow/example_dags/example_branch_operator_decorator.py
[2023-04-14 01:17:42,273] {logging_mixin.py:115} INFO - [2023-04-14 01:17:42,273] {dag.py:2371} INFO - Sync 1 DAGs
[2023-04-14 01:17:42,348] {logging_mixin.py:115} INFO - [2023-04-14 01:17:42,348] {dag.py:2919} INFO - Setting next_dagrun for example_branch_python_operator_decorator to 2023-04-13T00:00:00+00:00, run_after=2023-04-14T00:00:00+00:00
[2023-04-14 01:17:42,355] {processor.py:161} INFO - Processing /home/airflow/.local/lib/python3.7/site-packages/airflow/example_dags/example_branch_operator_decorator.py took 0.105 seconds
[2023-04-14 01:18:13,340] {processor.py:153} INFO - Started process (PID=814) to work on /home/airflow/.local/lib/python3.7/site-packages/airflow/example_dags/example_branch_operator_decorator.py
[2023-04-14 01:18:13,340] {processor.py:641} INFO - Processing file /home/airflow/.local/lib/python3.7/site-packages/airflow/example_dags/example_branch_operator_decorator.py for tasks to queue
[2023-04-14 01:18:13,340] {logging_mixin.py:115} INFO - [2023-04-14 01:18:13,340] {dagbag.py:507} INFO - Filling up the DagBag from /home/airflow/.local/lib/python3.7/site-packages/airflow/example_dags/example_branch_operator_decorator.py
[2023-04-14 01:18:13,348] {processor.py:651} INFO - DAG(s) dict_keys(['example_branch_python_operator_decorator']) retrieved from /home/airflow/.local/lib/python3.7/site-packages/airflow/example_dags/example_branch_operator_decorator.py
[2023-04-14 01:18:13,361] {logging_mixin.py:115} INFO - [2023-04-14 01:18:13,361] {dag.py:2371} INFO - Sync 1 DAGs
[2023-04-14 01:18:13,439] {logging_mixin.py:115} INFO - [2023-04-14 01:18:13,439] {dag.py:2919} INFO - Setting next_dagrun for example_branch_python_operator_decorator to 2023-04-13T00:00:00+00:00, run_after=2023-04-14T00:00:00+00:00
[2023-04-14 01:18:13,445] {processor.py:161} INFO - Processing /home/airflow/.local/lib/python3.7/site-packages/airflow/example_dags/example_branch_operator_decorator.py took 0.107 seconds
[2023-04-14 01:18:44,373] {processor.py:153} INFO - Started process (PID=875) to work on /home/airflow/.local/lib/python3.7/site-packages/airflow/example_dags/example_branch_operator_decorator.py
[2023-04-14 01:18:44,374] {processor.py:641} INFO - Processing file /home/airflow/.local/lib/python3.7/site-packages/airflow/example_dags/example_branch_operator_decorator.py for tasks to queue
[2023-04-14 01:18:44,374] {logging_mixin.py:115} INFO - [2023-04-14 01:18:44,374] {dagbag.py:507} INFO - Filling up the DagBag from /home/airflow/.local/lib/python3.7/site-packages/airflow/example_dags/example_branch_operator_decorator.py
[2023-04-14 01:18:44,384] {processor.py:651} INFO - DAG(s) dict_keys(['example_branch_python_operator_decorator']) retrieved from /home/airflow/.local/lib/python3.7/site-packages/airflow/example_dags/example_branch_operator_decorator.py
[2023-04-14 01:18:44,398] {logging_mixin.py:115} INFO - [2023-04-14 01:18:44,397] {dag.py:2371} INFO - Sync 1 DAGs
[2023-04-14 01:18:44,478] {logging_mixin.py:115} INFO - [2023-04-14 01:18:44,478] {dag.py:2919} INFO - Setting next_dagrun for example_branch_python_operator_decorator to 2023-04-13T00:00:00+00:00, run_after=2023-04-14T00:00:00+00:00
[2023-04-14 01:18:44,483] {processor.py:161} INFO - Processing /home/airflow/.local/lib/python3.7/site-packages/airflow/example_dags/example_branch_operator_decorator.py took 0.112 seconds
[2023-04-14 01:19:15,168] {processor.py:153} INFO - Started process (PID=927) to work on /home/airflow/.local/lib/python3.7/site-packages/airflow/example_dags/example_branch_operator_decorator.py
[2023-04-14 01:19:15,168] {processor.py:641} INFO - Processing file /home/airflow/.local/lib/python3.7/site-packages/airflow/example_dags/example_branch_operator_decorator.py for tasks to queue
[2023-04-14 01:19:15,168] {logging_mixin.py:115} INFO - [2023-04-14 01:19:15,168] {dagbag.py:507} INFO - Filling up the DagBag from /home/airflow/.local/lib/python3.7/site-packages/airflow/example_dags/example_branch_operator_decorator.py
[2023-04-14 01:19:15,176] {processor.py:651} INFO - DAG(s) dict_keys(['example_branch_python_operator_decorator']) retrieved from /home/airflow/.local/lib/python3.7/site-packages/airflow/example_dags/example_branch_operator_decorator.py
[2023-04-14 01:19:15,188] {logging_mixin.py:115} INFO - [2023-04-14 01:19:15,188] {dag.py:2371} INFO - Sync 1 DAGs
[2023-04-14 01:19:15,260] {logging_mixin.py:115} INFO - [2023-04-14 01:19:15,260] {dag.py:2919} INFO - Setting next_dagrun for example_branch_python_operator_decorator to 2023-04-13T00:00:00+00:00, run_after=2023-04-14T00:00:00+00:00
[2023-04-14 01:19:15,267] {processor.py:161} INFO - Processing /home/airflow/.local/lib/python3.7/site-packages/airflow/example_dags/example_branch_operator_decorator.py took 0.100 seconds
[2023-04-14 01:19:46,210] {processor.py:153} INFO - Started process (PID=988) to work on /home/airflow/.local/lib/python3.7/site-packages/airflow/example_dags/example_branch_operator_decorator.py
[2023-04-14 01:19:46,210] {processor.py:641} INFO - Processing file /home/airflow/.local/lib/python3.7/site-packages/airflow/example_dags/example_branch_operator_decorator.py for tasks to queue
[2023-04-14 01:19:46,210] {logging_mixin.py:115} INFO - [2023-04-14 01:19:46,210] {dagbag.py:507} INFO - Filling up the DagBag from /home/airflow/.local/lib/python3.7/site-packages/airflow/example_dags/example_branch_operator_decorator.py
[2023-04-14 01:19:46,219] {processor.py:651} INFO - DAG(s) dict_keys(['example_branch_python_operator_decorator']) retrieved from /home/airflow/.local/lib/python3.7/site-packages/airflow/example_dags/example_branch_operator_decorator.py
[2023-04-14 01:19:46,232] {logging_mixin.py:115} INFO - [2023-04-14 01:19:46,232] {dag.py:2371} INFO - Sync 1 DAGs
[2023-04-14 01:19:46,307] {logging_mixin.py:115} INFO - [2023-04-14 01:19:46,307] {dag.py:2919} INFO - Setting next_dagrun for example_branch_python_operator_decorator to 2023-04-13T00:00:00+00:00, run_after=2023-04-14T00:00:00+00:00
[2023-04-14 01:19:46,313] {processor.py:161} INFO - Processing /home/airflow/.local/lib/python3.7/site-packages/airflow/example_dags/example_branch_operator_decorator.py took 0.104 seconds
[2023-04-14 01:20:17,234] {processor.py:153} INFO - Started process (PID=1049) to work on /home/airflow/.local/lib/python3.7/site-packages/airflow/example_dags/example_branch_operator_decorator.py
[2023-04-14 01:20:17,234] {processor.py:641} INFO - Processing file /home/airflow/.local/lib/python3.7/site-packages/airflow/example_dags/example_branch_operator_decorator.py for tasks to queue
[2023-04-14 01:20:17,234] {logging_mixin.py:115} INFO - [2023-04-14 01:20:17,234] {dagbag.py:507} INFO - Filling up the DagBag from /home/airflow/.local/lib/python3.7/site-packages/airflow/example_dags/example_branch_operator_decorator.py
[2023-04-14 01:20:17,242] {processor.py:651} INFO - DAG(s) dict_keys(['example_branch_python_operator_decorator']) retrieved from /home/airflow/.local/lib/python3.7/site-packages/airflow/example_dags/example_branch_operator_decorator.py
[2023-04-14 01:20:17,255] {logging_mixin.py:115} INFO - [2023-04-14 01:20:17,255] {dag.py:2371} INFO - Sync 1 DAGs
[2023-04-14 01:20:17,338] {logging_mixin.py:115} INFO - [2023-04-14 01:20:17,338] {dag.py:2919} INFO - Setting next_dagrun for example_branch_python_operator_decorator to 2023-04-13T00:00:00+00:00, run_after=2023-04-14T00:00:00+00:00
[2023-04-14 01:20:17,343] {processor.py:161} INFO - Processing /home/airflow/.local/lib/python3.7/site-packages/airflow/example_dags/example_branch_operator_decorator.py took 0.111 seconds
[2023-04-14 01:20:48,137] {processor.py:153} INFO - Started process (PID=1110) to work on /home/airflow/.local/lib/python3.7/site-packages/airflow/example_dags/example_branch_operator_decorator.py
[2023-04-14 01:20:48,138] {processor.py:641} INFO - Processing file /home/airflow/.local/lib/python3.7/site-packages/airflow/example_dags/example_branch_operator_decorator.py for tasks to queue
[2023-04-14 01:20:48,138] {logging_mixin.py:115} INFO - [2023-04-14 01:20:48,138] {dagbag.py:507} INFO - Filling up the DagBag from /home/airflow/.local/lib/python3.7/site-packages/airflow/example_dags/example_branch_operator_decorator.py
[2023-04-14 01:20:48,146] {processor.py:651} INFO - DAG(s) dict_keys(['example_branch_python_operator_decorator']) retrieved from /home/airflow/.local/lib/python3.7/site-packages/airflow/example_dags/example_branch_operator_decorator.py
[2023-04-14 01:20:48,158] {logging_mixin.py:115} INFO - [2023-04-14 01:20:48,158] {dag.py:2371} INFO - Sync 1 DAGs
[2023-04-14 01:20:48,231] {logging_mixin.py:115} INFO - [2023-04-14 01:20:48,231] {dag.py:2919} INFO - Setting next_dagrun for example_branch_python_operator_decorator to 2023-04-13T00:00:00+00:00, run_after=2023-04-14T00:00:00+00:00
[2023-04-14 01:20:48,238] {processor.py:161} INFO - Processing /home/airflow/.local/lib/python3.7/site-packages/airflow/example_dags/example_branch_operator_decorator.py took 0.102 seconds
[2023-04-14 01:21:18,920] {processor.py:153} INFO - Started process (PID=1171) to work on /home/airflow/.local/lib/python3.7/site-packages/airflow/example_dags/example_branch_operator_decorator.py
[2023-04-14 01:21:18,921] {processor.py:641} INFO - Processing file /home/airflow/.local/lib/python3.7/site-packages/airflow/example_dags/example_branch_operator_decorator.py for tasks to queue
[2023-04-14 01:21:18,921] {logging_mixin.py:115} INFO - [2023-04-14 01:21:18,921] {dagbag.py:507} INFO - Filling up the DagBag from /home/airflow/.local/lib/python3.7/site-packages/airflow/example_dags/example_branch_operator_decorator.py
[2023-04-14 01:21:18,929] {processor.py:651} INFO - DAG(s) dict_keys(['example_branch_python_operator_decorator']) retrieved from /home/airflow/.local/lib/python3.7/site-packages/airflow/example_dags/example_branch_operator_decorator.py
[2023-04-14 01:21:18,942] {logging_mixin.py:115} INFO - [2023-04-14 01:21:18,942] {dag.py:2371} INFO - Sync 1 DAGs
[2023-04-14 01:21:19,021] {logging_mixin.py:115} INFO - [2023-04-14 01:21:19,021] {dag.py:2919} INFO - Setting next_dagrun for example_branch_python_operator_decorator to 2023-04-13T00:00:00+00:00, run_after=2023-04-14T00:00:00+00:00
[2023-04-14 01:21:19,027] {processor.py:161} INFO - Processing /home/airflow/.local/lib/python3.7/site-packages/airflow/example_dags/example_branch_operator_decorator.py took 0.108 seconds
[2023-04-14 01:21:49,791] {processor.py:153} INFO - Started process (PID=1232) to work on /home/airflow/.local/lib/python3.7/site-packages/airflow/example_dags/example_branch_operator_decorator.py
[2023-04-14 01:21:49,791] {processor.py:641} INFO - Processing file /home/airflow/.local/lib/python3.7/site-packages/airflow/example_dags/example_branch_operator_decorator.py for tasks to queue
[2023-04-14 01:21:49,791] {logging_mixin.py:115} INFO - [2023-04-14 01:21:49,791] {dagbag.py:507} INFO - Filling up the DagBag from /home/airflow/.local/lib/python3.7/site-packages/airflow/example_dags/example_branch_operator_decorator.py
[2023-04-14 01:21:49,799] {processor.py:651} INFO - DAG(s) dict_keys(['example_branch_python_operator_decorator']) retrieved from /home/airflow/.local/lib/python3.7/site-packages/airflow/example_dags/example_branch_operator_decorator.py
[2023-04-14 01:21:49,811] {logging_mixin.py:115} INFO - [2023-04-14 01:21:49,811] {dag.py:2371} INFO - Sync 1 DAGs
[2023-04-14 01:21:49,886] {logging_mixin.py:115} INFO - [2023-04-14 01:21:49,886] {dag.py:2919} INFO - Setting next_dagrun for example_branch_python_operator_decorator to 2023-04-13T00:00:00+00:00, run_after=2023-04-14T00:00:00+00:00
[2023-04-14 01:21:49,891] {processor.py:161} INFO - Processing /home/airflow/.local/lib/python3.7/site-packages/airflow/example_dags/example_branch_operator_decorator.py took 0.102 seconds
[2023-04-14 01:22:20,887] {processor.py:153} INFO - Started process (PID=1293) to work on /home/airflow/.local/lib/python3.7/site-packages/airflow/example_dags/example_branch_operator_decorator.py
[2023-04-14 01:22:20,887] {processor.py:641} INFO - Processing file /home/airflow/.local/lib/python3.7/site-packages/airflow/example_dags/example_branch_operator_decorator.py for tasks to queue
[2023-04-14 01:22:20,887] {logging_mixin.py:115} INFO - [2023-04-14 01:22:20,887] {dagbag.py:507} INFO - Filling up the DagBag from /home/airflow/.local/lib/python3.7/site-packages/airflow/example_dags/example_branch_operator_decorator.py
[2023-04-14 01:22:20,895] {processor.py:651} INFO - DAG(s) dict_keys(['example_branch_python_operator_decorator']) retrieved from /home/airflow/.local/lib/python3.7/site-packages/airflow/example_dags/example_branch_operator_decorator.py
[2023-04-14 01:22:20,978] {logging_mixin.py:115} INFO - [2023-04-14 01:22:20,978] {dag.py:2371} INFO - Sync 1 DAGs
[2023-04-14 01:22:20,989] {logging_mixin.py:115} INFO - [2023-04-14 01:22:20,989] {dag.py:2919} INFO - Setting next_dagrun for example_branch_python_operator_decorator to 2023-04-13T00:00:00+00:00, run_after=2023-04-14T00:00:00+00:00
[2023-04-14 01:22:20,995] {processor.py:161} INFO - Processing /home/airflow/.local/lib/python3.7/site-packages/airflow/example_dags/example_branch_operator_decorator.py took 0.109 seconds
[2023-04-14 01:22:51,780] {processor.py:153} INFO - Started process (PID=1354) to work on /home/airflow/.local/lib/python3.7/site-packages/airflow/example_dags/example_branch_operator_decorator.py
[2023-04-14 01:22:51,781] {processor.py:641} INFO - Processing file /home/airflow/.local/lib/python3.7/site-packages/airflow/example_dags/example_branch_operator_decorator.py for tasks to queue
[2023-04-14 01:22:51,781] {logging_mixin.py:115} INFO - [2023-04-14 01:22:51,781] {dagbag.py:507} INFO - Filling up the DagBag from /home/airflow/.local/lib/python3.7/site-packages/airflow/example_dags/example_branch_operator_decorator.py
[2023-04-14 01:22:51,789] {processor.py:651} INFO - DAG(s) dict_keys(['example_branch_python_operator_decorator']) retrieved from /home/airflow/.local/lib/python3.7/site-packages/airflow/example_dags/example_branch_operator_decorator.py
[2023-04-14 01:22:51,873] {logging_mixin.py:115} INFO - [2023-04-14 01:22:51,873] {dag.py:2371} INFO - Sync 1 DAGs
[2023-04-14 01:22:51,884] {logging_mixin.py:115} INFO - [2023-04-14 01:22:51,884] {dag.py:2919} INFO - Setting next_dagrun for example_branch_python_operator_decorator to 2023-04-13T00:00:00+00:00, run_after=2023-04-14T00:00:00+00:00
[2023-04-14 01:22:51,889] {processor.py:161} INFO - Processing /home/airflow/.local/lib/python3.7/site-packages/airflow/example_dags/example_branch_operator_decorator.py took 0.110 seconds
[2023-04-14 01:23:22,805] {processor.py:153} INFO - Started process (PID=1406) to work on /home/airflow/.local/lib/python3.7/site-packages/airflow/example_dags/example_branch_operator_decorator.py
[2023-04-14 01:23:22,806] {processor.py:641} INFO - Processing file /home/airflow/.local/lib/python3.7/site-packages/airflow/example_dags/example_branch_operator_decorator.py for tasks to queue
[2023-04-14 01:23:22,806] {logging_mixin.py:115} INFO - [2023-04-14 01:23:22,806] {dagbag.py:507} INFO - Filling up the DagBag from /home/airflow/.local/lib/python3.7/site-packages/airflow/example_dags/example_branch_operator_decorator.py
[2023-04-14 01:23:22,816] {processor.py:651} INFO - DAG(s) dict_keys(['example_branch_python_operator_decorator']) retrieved from /home/airflow/.local/lib/python3.7/site-packages/airflow/example_dags/example_branch_operator_decorator.py
[2023-04-14 01:23:22,898] {logging_mixin.py:115} INFO - [2023-04-14 01:23:22,898] {dag.py:2371} INFO - Sync 1 DAGs
[2023-04-14 01:23:22,909] {logging_mixin.py:115} INFO - [2023-04-14 01:23:22,909] {dag.py:2919} INFO - Setting next_dagrun for example_branch_python_operator_decorator to 2023-04-13T00:00:00+00:00, run_after=2023-04-14T00:00:00+00:00
[2023-04-14 01:23:22,914] {processor.py:161} INFO - Processing /home/airflow/.local/lib/python3.7/site-packages/airflow/example_dags/example_branch_operator_decorator.py took 0.110 seconds
[2023-04-14 01:23:52,952] {processor.py:153} INFO - Started process (PID=1467) to work on /home/airflow/.local/lib/python3.7/site-packages/airflow/example_dags/example_branch_operator_decorator.py
[2023-04-14 01:23:52,952] {processor.py:641} INFO - Processing file /home/airflow/.local/lib/python3.7/site-packages/airflow/example_dags/example_branch_operator_decorator.py for tasks to queue
[2023-04-14 01:23:52,952] {logging_mixin.py:115} INFO - [2023-04-14 01:23:52,952] {dagbag.py:507} INFO - Filling up the DagBag from /home/airflow/.local/lib/python3.7/site-packages/airflow/example_dags/example_branch_operator_decorator.py
[2023-04-14 01:23:52,961] {processor.py:651} INFO - DAG(s) dict_keys(['example_branch_python_operator_decorator']) retrieved from /home/airflow/.local/lib/python3.7/site-packages/airflow/example_dags/example_branch_operator_decorator.py
[2023-04-14 01:23:53,036] {logging_mixin.py:115} INFO - [2023-04-14 01:23:53,036] {dag.py:2371} INFO - Sync 1 DAGs
[2023-04-14 01:23:53,046] {logging_mixin.py:115} INFO - [2023-04-14 01:23:53,046] {dag.py:2919} INFO - Setting next_dagrun for example_branch_python_operator_decorator to 2023-04-13T00:00:00+00:00, run_after=2023-04-14T00:00:00+00:00
[2023-04-14 01:23:53,053] {processor.py:161} INFO - Processing /home/airflow/.local/lib/python3.7/site-packages/airflow/example_dags/example_branch_operator_decorator.py took 0.103 seconds
[2023-04-14 01:24:23,082] {processor.py:153} INFO - Started process (PID=1528) to work on /home/airflow/.local/lib/python3.7/site-packages/airflow/example_dags/example_branch_operator_decorator.py
[2023-04-14 01:24:23,082] {processor.py:641} INFO - Processing file /home/airflow/.local/lib/python3.7/site-packages/airflow/example_dags/example_branch_operator_decorator.py for tasks to queue
[2023-04-14 01:24:23,082] {logging_mixin.py:115} INFO - [2023-04-14 01:24:23,082] {dagbag.py:507} INFO - Filling up the DagBag from /home/airflow/.local/lib/python3.7/site-packages/airflow/example_dags/example_branch_operator_decorator.py
[2023-04-14 01:24:23,091] {processor.py:651} INFO - DAG(s) dict_keys(['example_branch_python_operator_decorator']) retrieved from /home/airflow/.local/lib/python3.7/site-packages/airflow/example_dags/example_branch_operator_decorator.py
[2023-04-14 01:24:23,175] {logging_mixin.py:115} INFO - [2023-04-14 01:24:23,175] {dag.py:2371} INFO - Sync 1 DAGs
[2023-04-14 01:24:23,185] {logging_mixin.py:115} INFO - [2023-04-14 01:24:23,185] {dag.py:2919} INFO - Setting next_dagrun for example_branch_python_operator_decorator to 2023-04-13T00:00:00+00:00, run_after=2023-04-14T00:00:00+00:00
[2023-04-14 01:24:23,190] {processor.py:161} INFO - Processing /home/airflow/.local/lib/python3.7/site-packages/airflow/example_dags/example_branch_operator_decorator.py took 0.110 seconds
[2023-04-14 01:24:53,295] {processor.py:153} INFO - Started process (PID=1589) to work on /home/airflow/.local/lib/python3.7/site-packages/airflow/example_dags/example_branch_operator_decorator.py
[2023-04-14 01:24:53,295] {processor.py:641} INFO - Processing file /home/airflow/.local/lib/python3.7/site-packages/airflow/example_dags/example_branch_operator_decorator.py for tasks to queue
[2023-04-14 01:24:53,296] {logging_mixin.py:115} INFO - [2023-04-14 01:24:53,296] {dagbag.py:507} INFO - Filling up the DagBag from /home/airflow/.local/lib/python3.7/site-packages/airflow/example_dags/example_branch_operator_decorator.py
[2023-04-14 01:24:53,304] {processor.py:651} INFO - DAG(s) dict_keys(['example_branch_python_operator_decorator']) retrieved from /home/airflow/.local/lib/python3.7/site-packages/airflow/example_dags/example_branch_operator_decorator.py
[2023-04-14 01:24:53,388] {logging_mixin.py:115} INFO - [2023-04-14 01:24:53,387] {dag.py:2371} INFO - Sync 1 DAGs
[2023-04-14 01:24:53,398] {logging_mixin.py:115} INFO - [2023-04-14 01:24:53,398] {dag.py:2919} INFO - Setting next_dagrun for example_branch_python_operator_decorator to 2023-04-13T00:00:00+00:00, run_after=2023-04-14T00:00:00+00:00
[2023-04-14 01:24:53,403] {processor.py:161} INFO - Processing /home/airflow/.local/lib/python3.7/site-packages/airflow/example_dags/example_branch_operator_decorator.py took 0.110 seconds
